[Sun Oct 26 13:52:56 EDT 2025] Starting analysis for HRR024688
[Sun Oct 26 13:52:56 EDT 2025] Aligning reads...
[M::bwa_idx_load_from_disk] read 0 ALT contigs
[M::process] read 408164 sequences (40000072 bp)...
[M::process] read 408164 sequences (40000072 bp)...
[M::mem_pestat] # candidate unique pairs for (FF, FR, RF, RR): (0, 182304, 1, 2)
[M::mem_pestat] skip orientation FF as there are not enough pairs
[M::mem_pestat] analyzing insert size distribution for orientation FR...
[M::mem_pestat] (25, 50, 75) percentile: (156, 200, 256)
[M::mem_pestat] low and high boundaries for computing mean and std.dev: (1, 456)
[M::mem_pestat] mean and std.dev: (211.66, 71.81)
[M::mem_pestat] low and high boundaries for proper pairs: (1, 556)
[M::mem_pestat] skip orientation RF as there are not enough pairs
[M::mem_pestat] skip orientation RR as there are not enough pairs
[M::mem_process_seqs] Processed 408164 reads in 41.352 CPU sec, 10.212 real sec
[M::process] read 408164 sequences (40000072 bp)...
[M::mem_pestat] # candidate unique pairs for (FF, FR, RF, RR): (1, 183196, 2, 0)
[M::mem_pestat] skip orientation FF as there are not enough pairs
[M::mem_pestat] analyzing insert size distribution for orientation FR...
[M::mem_pestat] (25, 50, 75) percentile: (156, 199, 255)
[M::mem_pestat] low and high boundaries for computing mean and std.dev: (1, 453)
[M::mem_pestat] mean and std.dev: (210.53, 70.90)
[M::mem_pestat] low and high boundaries for proper pairs: (1, 552)
[M::mem_pestat] skip orientation RF as there are not enough pairs
[M::mem_pestat] skip orientation RR as there are not enough pairs
[M::mem_process_seqs] Processed 408164 reads in 40.817 CPU sec, 10.050 real sec
[M::process] read 408164 sequences (40000072 bp)...
[M::mem_pestat] # candidate unique pairs for (FF, FR, RF, RR): (1, 183115, 1, 2)
[M::mem_pestat] skip orientation FF as there are not enough pairs
[M::mem_pestat] analyzing insert size distribution for orientation FR...
[M::mem_pestat] (25, 50, 75) percentile: (155, 197, 252)
[M::mem_pestat] low and high boundaries for computing mean and std.dev: (1, 446)
[M::mem_pestat] mean and std.dev: (208.76, 69.89)
[M::mem_pestat] low and high boundaries for proper pairs: (1, 543)
[M::mem_pestat] skip orientation RF as there are not enough pairs
[M::mem_pestat] skip orientation RR as there are not enough pairs
[M::mem_process_seqs] Processed 408164 reads in 40.537 CPU sec, 9.976 real sec
[M::process] read 408164 sequences (40000072 bp)...
[M::mem_pestat] # candidate unique pairs for (FF, FR, RF, RR): (1, 183616, 1, 1)
[M::mem_pestat] skip orientation FF as there are not enough pairs
[M::mem_pestat] analyzing insert size distribution for orientation FR...
[M::mem_pestat] (25, 50, 75) percentile: (154, 196, 250)
[M::mem_pestat] low and high boundaries for computing mean and std.dev: (1, 442)
[M::mem_pestat] mean and std.dev: (207.23, 68.95)
[M::mem_pestat] low and high boundaries for proper pairs: (1, 538)
[M::mem_pestat] skip orientation RF as there are not enough pairs
[M::mem_pestat] skip orientation RR as there are not enough pairs
[M::mem_process_seqs] Processed 408164 reads in 41.585 CPU sec, 10.242 real sec
[M::process] read 408164 sequences (40000072 bp)...
[M::mem_pestat] # candidate unique pairs for (FF, FR, RF, RR): (2, 184213, 2, 0)
[M::mem_pestat] skip orientation FF as there are not enough pairs
[M::mem_pestat] analyzing insert size distribution for orientation FR...
[M::mem_pestat] (25, 50, 75) percentile: (153, 194, 248)
[M::mem_pestat] low and high boundaries for computing mean and std.dev: (1, 438)
[M::mem_pestat] mean and std.dev: (205.50, 68.25)
[M::mem_pestat] low and high boundaries for proper pairs: (1, 533)
[M::mem_pestat] skip orientation RF as there are not enough pairs
[M::mem_pestat] skip orientation RR as there are not enough pairs
[M::mem_process_seqs] Processed 408164 reads in 40.735 CPU sec, 10.022 real sec
[M::process] read 408164 sequences (40000072 bp)...
[M::mem_pestat] # candidate unique pairs for (FF, FR, RF, RR): (0, 184104, 3, 0)
[M::mem_pestat] skip orientation FF as there are not enough pairs
[M::mem_pestat] analyzing insert size distribution for orientation FR...
[M::mem_pestat] (25, 50, 75) percentile: (153, 193, 247)
[M::mem_pestat] low and high boundaries for computing mean and std.dev: (1, 435)
[M::mem_pestat] mean and std.dev: (204.82, 67.80)
[M::mem_pestat] low and high boundaries for proper pairs: (1, 529)
[M::mem_pestat] skip orientation RF as there are not enough pairs
[M::mem_pestat] skip orientation RR as there are not enough pairs
[M::mem_process_seqs] Processed 408164 reads in 41.569 CPU sec, 10.242 real sec
[M::process] read 408164 sequences (40000072 bp)...
[M::mem_pestat] # candidate unique pairs for (FF, FR, RF, RR): (0, 182287, 5, 1)
[M::mem_pestat] skip orientation FF as there are not enough pairs
[M::mem_pestat] analyzing insert size distribution for orientation FR...
[M::mem_pestat] (25, 50, 75) percentile: (157, 200, 257)
[M::mem_pestat] low and high boundaries for computing mean and std.dev: (1, 457)
[M::mem_pestat] mean and std.dev: (211.75, 71.68)
[M::mem_pestat] low and high boundaries for proper pairs: (1, 557)
[M::mem_pestat] skip orientation RF as there are not enough pairs
[M::mem_pestat] skip orientation RR as there are not enough pairs
[M::mem_process_seqs] Processed 408164 reads in 41.518 CPU sec, 10.232 real sec
[M::process] read 408164 sequences (40000072 bp)...
[M::mem_pestat] # candidate unique pairs for (FF, FR, RF, RR): (2, 182719, 2, 1)
[M::mem_pestat] skip orientation FF as there are not enough pairs
[M::mem_pestat] analyzing insert size distribution for orientation FR...
[M::mem_pestat] (25, 50, 75) percentile: (156, 198, 254)
[M::mem_pestat] low and high boundaries for computing mean and std.dev: (1, 450)
[M::mem_pestat] mean and std.dev: (209.95, 70.44)
[M::mem_pestat] low and high boundaries for proper pairs: (1, 548)
[M::mem_pestat] skip orientation RF as there are not enough pairs
[M::mem_pestat] skip orientation RR as there are not enough pairs
[M::mem_process_seqs] Processed 408164 reads in 42.901 CPU sec, 10.573 real sec
[M::process] read 408164 sequences (40000072 bp)...
[M::mem_pestat] # candidate unique pairs for (FF, FR, RF, RR): (1, 183401, 3, 0)
[M::mem_pestat] skip orientation FF as there are not enough pairs
[M::mem_pestat] analyzing insert size distribution for orientation FR...
[M::mem_pestat] (25, 50, 75) percentile: (155, 197, 253)
[M::mem_pestat] low and high boundaries for computing mean and std.dev: (1, 449)
[M::mem_pestat] mean and std.dev: (208.69, 70.05)
[M::mem_pestat] low and high boundaries for proper pairs: (1, 547)
[M::mem_pestat] skip orientation RF as there are not enough pairs
[M::mem_pestat] skip orientation RR as there are not enough pairs
[M::mem_process_seqs] Processed 408164 reads in 40.000 CPU sec, 9.855 real sec
[M::process] read 408164 sequences (40000072 bp)...
[M::mem_pestat] # candidate unique pairs for (FF, FR, RF, RR): (2, 183484, 2, 2)
[M::mem_pestat] skip orientation FF as there are not enough pairs
[M::mem_pestat] analyzing insert size distribution for orientation FR...
[M::mem_pestat] (25, 50, 75) percentile: (154, 195, 249)
[M::mem_pestat] low and high boundaries for computing mean and std.dev: (1, 439)
[M::mem_pestat] mean and std.dev: (206.72, 68.89)
[M::mem_pestat] low and high boundaries for proper pairs: (1, 534)
[M::mem_pestat] skip orientation RF as there are not enough pairs
[M::mem_pestat] skip orientation RR as there are not enough pairs
[M::mem_process_seqs] Processed 408164 reads in 41.093 CPU sec, 10.127 real sec
[M::process] read 408164 sequences (40000072 bp)...
[M::mem_pestat] # candidate unique pairs for (FF, FR, RF, RR): (1, 183926, 2, 0)
[M::mem_pestat] skip orientation FF as there are not enough pairs
[M::mem_pestat] analyzing insert size distribution for orientation FR...
[M::mem_pestat] (25, 50, 75) percentile: (153, 194, 248)
[M::mem_pestat] low and high boundaries for computing mean and std.dev: (1, 438)
[M::mem_pestat] mean and std.dev: (205.26, 68.15)
[M::mem_pestat] low and high boundaries for proper pairs: (1, 533)
[M::mem_pestat] skip orientation RF as there are not enough pairs
[M::mem_pestat] skip orientation RR as there are not enough pairs
[M::mem_process_seqs] Processed 408164 reads in 41.601 CPU sec, 10.251 real sec
[M::process] read 408164 sequences (40000072 bp)...
[M::mem_pestat] # candidate unique pairs for (FF, FR, RF, RR): (0, 184072, 2, 0)
[M::mem_pestat] skip orientation FF as there are not enough pairs
[M::mem_pestat] analyzing insert size distribution for orientation FR...
[M::mem_pestat] (25, 50, 75) percentile: (154, 195, 249)
[M::mem_pestat] low and high boundaries for computing mean and std.dev: (1, 439)
[M::mem_pestat] mean and std.dev: (206.59, 68.70)
[M::mem_pestat] low and high boundaries for proper pairs: (1, 534)
[M::mem_pestat] skip orientation RF as there are not enough pairs
[M::mem_pestat] skip orientation RR as there are not enough pairs
[M::mem_process_seqs] Processed 408164 reads in 47.242 CPU sec, 11.650 real sec
[M::process] read 408164 sequences (40000072 bp)...
[M::mem_pestat] # candidate unique pairs for (FF, FR, RF, RR): (0, 182452, 3, 0)
[M::mem_pestat] skip orientation FF as there are not enough pairs
[M::mem_pestat] analyzing insert size distribution for orientation FR...
[M::mem_pestat] (25, 50, 75) percentile: (157, 200, 256)
[M::mem_pestat] low and high boundaries for computing mean and std.dev: (1, 454)
[M::mem_pestat] mean and std.dev: (211.45, 71.36)
[M::mem_pestat] low and high boundaries for proper pairs: (1, 553)
[M::mem_pestat] skip orientation RF as there are not enough pairs
[M::mem_pestat] skip orientation RR as there are not enough pairs
[M::mem_process_seqs] Processed 408164 reads in 59.845 CPU sec, 14.782 real sec
[M::process] read 408164 sequences (40000072 bp)...
[M::mem_pestat] # candidate unique pairs for (FF, FR, RF, RR): (0, 183214, 1, 3)
[M::mem_pestat] skip orientation FF as there are not enough pairs
[M::mem_pestat] analyzing insert size distribution for orientation FR...
[M::mem_pestat] (25, 50, 75) percentile: (156, 198, 254)
[M::mem_pestat] low and high boundaries for computing mean and std.dev: (1, 450)
[M::mem_pestat] mean and std.dev: (209.69, 70.48)
[M::mem_pestat] low and high boundaries for proper pairs: (1, 548)
[M::mem_pestat] skip orientation RF as there are not enough pairs
[M::mem_pestat] skip orientation RR as there are not enough pairs
[M::mem_process_seqs] Processed 408164 reads in 66.729 CPU sec, 19.199 real sec
[M::process] read 408164 sequences (40000072 bp)...
[M::mem_pestat] # candidate unique pairs for (FF, FR, RF, RR): (1, 183283, 4, 0)
[M::mem_pestat] skip orientation FF as there are not enough pairs
[M::mem_pestat] analyzing insert size distribution for orientation FR...
[M::mem_pestat] (25, 50, 75) percentile: (155, 197, 252)
[M::mem_pestat] low and high boundaries for computing mean and std.dev: (1, 446)
[M::mem_pestat] mean and std.dev: (208.50, 69.78)
[M::mem_pestat] low and high boundaries for proper pairs: (1, 543)
[M::mem_pestat] skip orientation RF as there are not enough pairs
[M::mem_pestat] skip orientation RR as there are not enough pairs
[M::mem_process_seqs] Processed 408164 reads in 59.866 CPU sec, 15.376 real sec
[M::process] read 408164 sequences (40000072 bp)...
[M::mem_pestat] # candidate unique pairs for (FF, FR, RF, RR): (2, 183805, 3, 1)
[M::mem_pestat] skip orientation FF as there are not enough pairs
[M::mem_pestat] analyzing insert size distribution for orientation FR...
[M::mem_pestat] (25, 50, 75) percentile: (154, 195, 249)
[M::mem_pestat] low and high boundaries for computing mean and std.dev: (1, 439)
[M::mem_pestat] mean and std.dev: (206.72, 68.64)
[M::mem_pestat] low and high boundaries for proper pairs: (1, 534)
[M::mem_pestat] skip orientation RF as there are not enough pairs
[M::mem_pestat] skip orientation RR as there are not enough pairs
[M::mem_process_seqs] Processed 408164 reads in 59.644 CPU sec, 14.786 real sec
[M::process] read 408164 sequences (40000072 bp)...
[M::mem_pestat] # candidate unique pairs for (FF, FR, RF, RR): (0, 184014, 0, 1)
[M::mem_pestat] skip orientation FF as there are not enough pairs
[M::mem_pestat] analyzing insert size distribution for orientation FR...
[M::mem_pestat] (25, 50, 75) percentile: (153, 194, 247)
[M::mem_pestat] low and high boundaries for computing mean and std.dev: (1, 435)
[M::mem_pestat] mean and std.dev: (205.01, 67.67)
[M::mem_pestat] low and high boundaries for proper pairs: (1, 529)
[M::mem_pestat] skip orientation RF as there are not enough pairs
[M::mem_pestat] skip orientation RR as there are not enough pairs
[M::mem_process_seqs] Processed 408164 reads in 60.994 CPU sec, 15.093 real sec
[M::process] read 408164 sequences (40000072 bp)...
[M::mem_pestat] # candidate unique pairs for (FF, FR, RF, RR): (2, 182891, 3, 1)
[M::mem_pestat] skip orientation FF as there are not enough pairs
[M::mem_pestat] analyzing insert size distribution for orientation FR...
[M::mem_pestat] (25, 50, 75) percentile: (155, 197, 252)
[M::mem_pestat] low and high boundaries for computing mean and std.dev: (1, 446)
[M::mem_pestat] mean and std.dev: (208.56, 69.97)
[M::mem_pestat] low and high boundaries for proper pairs: (1, 543)
[M::mem_pestat] skip orientation RF as there are not enough pairs
[M::mem_pestat] skip orientation RR as there are not enough pairs
[M::mem_process_seqs] Processed 408164 reads in 47.421 CPU sec, 11.692 real sec
[M::process] read 408164 sequences (40000072 bp)...
[M::mem_pestat] # candidate unique pairs for (FF, FR, RF, RR): (1, 182678, 2, 1)
[M::mem_pestat] skip orientation FF as there are not enough pairs
[M::mem_pestat] analyzing insert size distribution for orientation FR...
[M::mem_pestat] (25, 50, 75) percentile: (156, 199, 255)
[M::mem_pestat] low and high boundaries for computing mean and std.dev: (1, 453)
[M::mem_pestat] mean and std.dev: (210.66, 70.93)
[M::mem_pestat] low and high boundaries for proper pairs: (1, 552)
[M::mem_pestat] skip orientation RF as there are not enough pairs
[M::mem_pestat] skip orientation RR as there are not enough pairs
[M::mem_process_seqs] Processed 408164 reads in 43.844 CPU sec, 10.773 real sec
[M::process] read 408164 sequences (40000072 bp)...
[M::mem_pestat] # candidate unique pairs for (FF, FR, RF, RR): (2, 183100, 1, 0)
[M::mem_pestat] skip orientation FF as there are not enough pairs
[M::mem_pestat] analyzing insert size distribution for orientation FR...
[M::mem_pestat] (25, 50, 75) percentile: (156, 198, 253)
[M::mem_pestat] low and high boundaries for computing mean and std.dev: (1, 447)
[M::mem_pestat] mean and std.dev: (209.56, 70.35)
[M::mem_pestat] low and high boundaries for proper pairs: (1, 544)
[M::mem_pestat] skip orientation RF as there are not enough pairs
[M::mem_pestat] skip orientation RR as there are not enough pairs
[M::mem_process_seqs] Processed 408164 reads in 45.971 CPU sec, 11.342 real sec
[M::process] read 408164 sequences (40000072 bp)...
[M::mem_pestat] # candidate unique pairs for (FF, FR, RF, RR): (1, 183039, 0, 0)
[M::mem_pestat] skip orientation FF as there are not enough pairs
[M::mem_pestat] analyzing insert size distribution for orientation FR...
[M::mem_pestat] (25, 50, 75) percentile: (155, 196, 251)
[M::mem_pestat] low and high boundaries for computing mean and std.dev: (1, 443)
[M::mem_pestat] mean and std.dev: (207.93, 69.34)
[M::mem_pestat] low and high boundaries for proper pairs: (1, 539)
[M::mem_pestat] skip orientation RF as there are not enough pairs
[M::mem_pestat] skip orientation RR as there are not enough pairs
[M::mem_process_seqs] Processed 408164 reads in 44.388 CPU sec, 10.932 real sec
[M::process] read 408164 sequences (40000072 bp)...
[M::mem_pestat] # candidate unique pairs for (FF, FR, RF, RR): (1, 183715, 1, 2)
[M::mem_pestat] skip orientation FF as there are not enough pairs
[M::mem_pestat] analyzing insert size distribution for orientation FR...
[M::mem_pestat] (25, 50, 75) percentile: (154, 195, 249)
[M::mem_pestat] low and high boundaries for computing mean and std.dev: (1, 439)
[M::mem_pestat] mean and std.dev: (206.49, 68.50)
[M::mem_pestat] low and high boundaries for proper pairs: (1, 534)
[M::mem_pestat] skip orientation RF as there are not enough pairs
[M::mem_pestat] skip orientation RR as there are not enough pairs
[M::mem_process_seqs] Processed 408164 reads in 44.566 CPU sec, 10.969 real sec
[M::process] read 408164 sequences (40000072 bp)...
[M::mem_pestat] # candidate unique pairs for (FF, FR, RF, RR): (1, 184264, 3, 1)
[M::mem_pestat] skip orientation FF as there are not enough pairs
[M::mem_pestat] analyzing insert size distribution for orientation FR...
[M::mem_pestat] (25, 50, 75) percentile: (153, 193, 246)
[M::mem_pestat] low and high boundaries for computing mean and std.dev: (1, 432)
[M::mem_pestat] mean and std.dev: (204.34, 66.91)
[M::mem_pestat] low and high boundaries for proper pairs: (1, 525)
[M::mem_pestat] skip orientation RF as there are not enough pairs
[M::mem_pestat] skip orientation RR as there are not enough pairs
[M::mem_process_seqs] Processed 408164 reads in 42.431 CPU sec, 10.461 real sec
[M::process] read 408164 sequences (40000072 bp)...
[M::mem_pestat] # candidate unique pairs for (FF, FR, RF, RR): (1, 182694, 2, 0)
[M::mem_pestat] skip orientation FF as there are not enough pairs
[M::mem_pestat] analyzing insert size distribution for orientation FR...
[M::mem_pestat] (25, 50, 75) percentile: (156, 199, 256)
[M::mem_pestat] low and high boundaries for computing mean and std.dev: (1, 456)
[M::mem_pestat] mean and std.dev: (211.47, 71.75)
[M::mem_pestat] low and high boundaries for proper pairs: (1, 556)
[M::mem_pestat] skip orientation RF as there are not enough pairs
[M::mem_pestat] skip orientation RR as there are not enough pairs
[M::mem_process_seqs] Processed 408164 reads in 43.410 CPU sec, 10.663 real sec
[M::process] read 408164 sequences (40000072 bp)...
[M::mem_pestat] # candidate unique pairs for (FF, FR, RF, RR): (0, 182602, 1, 1)
[M::mem_pestat] skip orientation FF as there are not enough pairs
[M::mem_pestat] analyzing insert size distribution for orientation FR...
[M::mem_pestat] (25, 50, 75) percentile: (156, 199, 255)
[M::mem_pestat] low and high boundaries for computing mean and std.dev: (1, 453)
[M::mem_pestat] mean and std.dev: (210.57, 71.24)
[M::mem_pestat] low and high boundaries for proper pairs: (1, 552)
[M::mem_pestat] skip orientation RF as there are not enough pairs
[M::mem_pestat] skip orientation RR as there are not enough pairs
[M::mem_process_seqs] Processed 408164 reads in 41.056 CPU sec, 10.109 real sec
[M::mem_pestat] # candidate unique pairs for (FF, FR, RF, RR): (0, 183025, 1, 0)
[M::mem_pestat] skip orientation FF as there are not enough pairs
[M::mem_pestat] analyzing insert size distribution for orientation FR...
[M::mem_pestat] (25, 50, 75) percentile: (156, 197, 253)
[M::mem_pestat] low and high boundaries for computing mean and std.dev: (1, 447)
[M::mem_pestat] mean and std.dev: (209.06, 69.94)
[M::mem_pestat] low and high boundaries for proper pairs: (1, 544)
[M::mem_pestat] skip orientation RF as there are not enough pairs
[M::mem_pestat] skip orientation RR as there are not enough pairs
[M::mem_process_seqs] Processed 408164 reads in 128.224 CPU sec, 66.996 real sec
[M::process] read 408164 sequences (40000072 bp)...
[M::process] read 408164 sequences (40000072 bp)...
[M::mem_pestat] # candidate unique pairs for (FF, FR, RF, RR): (1, 183382, 0, 1)
[M::mem_pestat] skip orientation FF as there are not enough pairs
[M::mem_pestat] analyzing insert size distribution for orientation FR...
[M::mem_pestat] (25, 50, 75) percentile: (155, 196, 251)
[M::mem_pestat] low and high boundaries for computing mean and std.dev: (1, 443)
[M::mem_pestat] mean and std.dev: (207.65, 69.27)
[M::mem_pestat] low and high boundaries for proper pairs: (1, 539)
[M::mem_pestat] skip orientation RF as there are not enough pairs
[M::mem_pestat] skip orientation RR as there are not enough pairs
[M::mem_process_seqs] Processed 408164 reads in 50.647 CPU sec, 19.556 real sec
[M::process] read 408164 sequences (40000072 bp)...
[M::mem_pestat] # candidate unique pairs for (FF, FR, RF, RR): (0, 184066, 1, 0)
[M::mem_pestat] skip orientation FF as there are not enough pairs
[M::mem_pestat] analyzing insert size distribution for orientation FR...
[M::mem_pestat] (25, 50, 75) percentile: (153, 194, 248)
[M::mem_pestat] low and high boundaries for computing mean and std.dev: (1, 438)
[M::mem_pestat] mean and std.dev: (205.64, 68.26)
[M::mem_pestat] low and high boundaries for proper pairs: (1, 533)
[M::mem_pestat] skip orientation RF as there are not enough pairs
[M::mem_pestat] skip orientation RR as there are not enough pairs
[M::mem_process_seqs] Processed 408164 reads in 44.886 CPU sec, 11.569 real sec
[M::process] read 408164 sequences (40000072 bp)...
[M::mem_pestat] # candidate unique pairs for (FF, FR, RF, RR): (2, 184011, 2, 0)
[M::mem_pestat] skip orientation FF as there are not enough pairs
[M::mem_pestat] analyzing insert size distribution for orientation FR...
[M::mem_pestat] (25, 50, 75) percentile: (154, 194, 248)
[M::mem_pestat] low and high boundaries for computing mean and std.dev: (1, 436)
[M::mem_pestat] mean and std.dev: (205.52, 67.63)
[M::mem_pestat] low and high boundaries for proper pairs: (1, 530)
[M::mem_pestat] skip orientation RF as there are not enough pairs
[M::mem_pestat] skip orientation RR as there are not enough pairs
[M::mem_process_seqs] Processed 408164 reads in 45.699 CPU sec, 11.328 real sec
[M::process] read 408164 sequences (40000072 bp)...
[M::mem_pestat] # candidate unique pairs for (FF, FR, RF, RR): (0, 182198, 1, 2)
[M::mem_pestat] skip orientation FF as there are not enough pairs
[M::mem_pestat] analyzing insert size distribution for orientation FR...
[M::mem_pestat] (25, 50, 75) percentile: (157, 200, 257)
[M::mem_pestat] low and high boundaries for computing mean and std.dev: (1, 457)
[M::mem_pestat] mean and std.dev: (211.85, 71.90)
[M::mem_pestat] low and high boundaries for proper pairs: (1, 557)
[M::mem_pestat] skip orientation RF as there are not enough pairs
[M::mem_pestat] skip orientation RR as there are not enough pairs
[M::mem_process_seqs] Processed 408164 reads in 43.349 CPU sec, 10.689 real sec
[M::process] read 408164 sequences (40000072 bp)...
[M::mem_pestat] # candidate unique pairs for (FF, FR, RF, RR): (1, 182526, 4, 3)
[M::mem_pestat] skip orientation FF as there are not enough pairs
[M::mem_pestat] analyzing insert size distribution for orientation FR...
[M::mem_pestat] (25, 50, 75) percentile: (156, 198, 254)
[M::mem_pestat] low and high boundaries for computing mean and std.dev: (1, 450)
[M::mem_pestat] mean and std.dev: (210.16, 70.65)
[M::mem_pestat] low and high boundaries for proper pairs: (1, 548)
[M::mem_pestat] skip orientation RF as there are not enough pairs
[M::mem_pestat] skip orientation RR as there are not enough pairs
[M::mem_process_seqs] Processed 408164 reads in 47.242 CPU sec, 11.676 real sec
[M::process] read 408164 sequences (40000072 bp)...
[M::mem_pestat] # candidate unique pairs for (FF, FR, RF, RR): (0, 183017, 2, 0)
[M::mem_pestat] skip orientation FF as there are not enough pairs
[M::mem_pestat] analyzing insert size distribution for orientation FR...
[M::mem_pestat] (25, 50, 75) percentile: (155, 197, 253)
[M::mem_pestat] low and high boundaries for computing mean and std.dev: (1, 449)
[M::mem_pestat] mean and std.dev: (209.02, 70.29)
[M::mem_pestat] low and high boundaries for proper pairs: (1, 547)
[M::mem_pestat] skip orientation RF as there are not enough pairs
[M::mem_pestat] skip orientation RR as there are not enough pairs
[M::mem_process_seqs] Processed 408164 reads in 43.735 CPU sec, 10.770 real sec
[M::process] read 408164 sequences (40000072 bp)...
[M::mem_pestat] # candidate unique pairs for (FF, FR, RF, RR): (1, 183520, 1, 0)
[M::mem_pestat] skip orientation FF as there are not enough pairs
[M::mem_pestat] analyzing insert size distribution for orientation FR...
[M::mem_pestat] (25, 50, 75) percentile: (154, 195, 250)
[M::mem_pestat] low and high boundaries for computing mean and std.dev: (1, 442)
[M::mem_pestat] mean and std.dev: (207.00, 68.91)
[M::mem_pestat] low and high boundaries for proper pairs: (1, 538)
[M::mem_pestat] skip orientation RF as there are not enough pairs
[M::mem_pestat] skip orientation RR as there are not enough pairs
[M::mem_process_seqs] Processed 408164 reads in 44.450 CPU sec, 10.947 real sec
[M::process] read 408164 sequences (40000072 bp)...
[M::mem_pestat] # candidate unique pairs for (FF, FR, RF, RR): (0, 183653, 0, 1)
[M::mem_pestat] skip orientation FF as there are not enough pairs
[M::mem_pestat] analyzing insert size distribution for orientation FR...
[M::mem_pestat] (25, 50, 75) percentile: (154, 195, 248)
[M::mem_pestat] low and high boundaries for computing mean and std.dev: (1, 436)
[M::mem_pestat] mean and std.dev: (205.58, 67.75)
[M::mem_pestat] low and high boundaries for proper pairs: (1, 530)
[M::mem_pestat] skip orientation RF as there are not enough pairs
[M::mem_pestat] skip orientation RR as there are not enough pairs
[M::mem_process_seqs] Processed 408164 reads in 47.116 CPU sec, 11.604 real sec
[M::process] read 408164 sequences (40000072 bp)...
[M::mem_pestat] # candidate unique pairs for (FF, FR, RF, RR): (1, 183106, 3, 0)
[M::mem_pestat] skip orientation FF as there are not enough pairs
[M::mem_pestat] analyzing insert size distribution for orientation FR...
[M::mem_pestat] (25, 50, 75) percentile: (155, 197, 252)
[M::mem_pestat] low and high boundaries for computing mean and std.dev: (1, 446)
[M::mem_pestat] mean and std.dev: (208.71, 69.79)
[M::mem_pestat] low and high boundaries for proper pairs: (1, 543)
[M::mem_pestat] skip orientation RF as there are not enough pairs
[M::mem_pestat] skip orientation RR as there are not enough pairs
[M::mem_process_seqs] Processed 408164 reads in 43.464 CPU sec, 10.699 real sec
[M::process] read 408164 sequences (40000072 bp)...
[M::mem_pestat] # candidate unique pairs for (FF, FR, RF, RR): (1, 182674, 1, 0)
[M::mem_pestat] skip orientation FF as there are not enough pairs
[M::mem_pestat] analyzing insert size distribution for orientation FR...
[M::mem_pestat] (25, 50, 75) percentile: (156, 199, 256)
[M::mem_pestat] low and high boundaries for computing mean and std.dev: (1, 456)
[M::mem_pestat] mean and std.dev: (211.12, 71.50)
[M::mem_pestat] low and high boundaries for proper pairs: (1, 556)
[M::mem_pestat] skip orientation RF as there are not enough pairs
[M::mem_pestat] skip orientation RR as there are not enough pairs
[M::mem_process_seqs] Processed 408164 reads in 44.606 CPU sec, 10.978 real sec
[M::process] read 408164 sequences (40000072 bp)...
[M::mem_pestat] # candidate unique pairs for (FF, FR, RF, RR): (0, 183219, 2, 1)
[M::mem_pestat] skip orientation FF as there are not enough pairs
[M::mem_pestat] analyzing insert size distribution for orientation FR...
[M::mem_pestat] (25, 50, 75) percentile: (156, 198, 253)
[M::mem_pestat] low and high boundaries for computing mean and std.dev: (1, 447)
[M::mem_pestat] mean and std.dev: (209.48, 70.20)
[M::mem_pestat] low and high boundaries for proper pairs: (1, 544)
[M::mem_pestat] skip orientation RF as there are not enough pairs
[M::mem_pestat] skip orientation RR as there are not enough pairs
[M::mem_process_seqs] Processed 408164 reads in 44.003 CPU sec, 10.823 real sec
[M::process] read 408164 sequences (40000072 bp)...
[M::mem_pestat] # candidate unique pairs for (FF, FR, RF, RR): (0, 183447, 0, 1)
[M::mem_pestat] skip orientation FF as there are not enough pairs
[M::mem_pestat] analyzing insert size distribution for orientation FR...
[M::mem_pestat] (25, 50, 75) percentile: (155, 196, 251)
[M::mem_pestat] low and high boundaries for computing mean and std.dev: (1, 443)
[M::mem_pestat] mean and std.dev: (208.17, 69.54)
[M::mem_pestat] low and high boundaries for proper pairs: (1, 539)
[M::mem_pestat] skip orientation RF as there are not enough pairs
[M::mem_pestat] skip orientation RR as there are not enough pairs
[M::mem_process_seqs] Processed 408164 reads in 42.611 CPU sec, 10.497 real sec
[M::process] read 408164 sequences (40000072 bp)...
[M::mem_pestat] # candidate unique pairs for (FF, FR, RF, RR): (1, 183738, 2, 0)
[M::mem_pestat] skip orientation FF as there are not enough pairs
[M::mem_pestat] analyzing insert size distribution for orientation FR...
[M::mem_pestat] (25, 50, 75) percentile: (154, 194, 248)
[M::mem_pestat] low and high boundaries for computing mean and std.dev: (1, 436)
[M::mem_pestat] mean and std.dev: (205.83, 68.34)
[M::mem_pestat] low and high boundaries for proper pairs: (1, 530)
[M::mem_pestat] skip orientation RF as there are not enough pairs
[M::mem_pestat] skip orientation RR as there are not enough pairs
[M::mem_process_seqs] Processed 408164 reads in 44.529 CPU sec, 10.951 real sec
[M::process] read 408164 sequences (40000072 bp)...
[M::mem_pestat] # candidate unique pairs for (FF, FR, RF, RR): (1, 184153, 1, 0)
[M::mem_pestat] skip orientation FF as there are not enough pairs
[M::mem_pestat] analyzing insert size distribution for orientation FR...
[M::mem_pestat] (25, 50, 75) percentile: (153, 193, 247)
[M::mem_pestat] low and high boundaries for computing mean and std.dev: (1, 435)
[M::mem_pestat] mean and std.dev: (204.85, 67.78)
[M::mem_pestat] low and high boundaries for proper pairs: (1, 529)
[M::mem_pestat] skip orientation RF as there are not enough pairs
[M::mem_pestat] skip orientation RR as there are not enough pairs
[M::mem_process_seqs] Processed 408164 reads in 46.895 CPU sec, 11.562 real sec
[M::process] read 408164 sequences (40000072 bp)...
[M::mem_pestat] # candidate unique pairs for (FF, FR, RF, RR): (1, 183322, 1, 0)
[M::mem_pestat] skip orientation FF as there are not enough pairs
[M::mem_pestat] analyzing insert size distribution for orientation FR...
[M::mem_pestat] (25, 50, 75) percentile: (155, 197, 252)
[M::mem_pestat] low and high boundaries for computing mean and std.dev: (1, 446)
[M::mem_pestat] mean and std.dev: (208.66, 69.79)
[M::mem_pestat] low and high boundaries for proper pairs: (1, 543)
[M::mem_pestat] skip orientation RF as there are not enough pairs
[M::mem_pestat] skip orientation RR as there are not enough pairs
[M::mem_process_seqs] Processed 408164 reads in 44.287 CPU sec, 10.905 real sec
[M::process] read 408164 sequences (40000072 bp)...
[M::mem_pestat] # candidate unique pairs for (FF, FR, RF, RR): (0, 182934, 3, 2)
[M::mem_pestat] skip orientation FF as there are not enough pairs
[M::mem_pestat] analyzing insert size distribution for orientation FR...
[M::mem_pestat] (25, 50, 75) percentile: (156, 199, 255)
[M::mem_pestat] low and high boundaries for computing mean and std.dev: (1, 453)
[M::mem_pestat] mean and std.dev: (210.48, 71.03)
[M::mem_pestat] low and high boundaries for proper pairs: (1, 552)
[M::mem_pestat] skip orientation RF as there are not enough pairs
[M::mem_pestat] skip orientation RR as there are not enough pairs
[M::mem_process_seqs] Processed 408164 reads in 44.986 CPU sec, 11.067 real sec
[M::process] read 408164 sequences (40000072 bp)...
[M::mem_pestat] # candidate unique pairs for (FF, FR, RF, RR): (0, 183050, 2, 1)
[M::mem_pestat] skip orientation FF as there are not enough pairs
[M::mem_pestat] analyzing insert size distribution for orientation FR...
[M::mem_pestat] (25, 50, 75) percentile: (156, 198, 253)
[M::mem_pestat] low and high boundaries for computing mean and std.dev: (1, 447)
[M::mem_pestat] mean and std.dev: (209.46, 70.23)
[M::mem_pestat] low and high boundaries for proper pairs: (1, 544)
[M::mem_pestat] skip orientation RF as there are not enough pairs
[M::mem_pestat] skip orientation RR as there are not enough pairs
[M::mem_process_seqs] Processed 408164 reads in 44.391 CPU sec, 10.931 real sec
[M::process] read 408164 sequences (40000072 bp)...
[M::mem_pestat] # candidate unique pairs for (FF, FR, RF, RR): (1, 183325, 2, 0)
[M::mem_pestat] skip orientation FF as there are not enough pairs
[M::mem_pestat] analyzing insert size distribution for orientation FR...
[M::mem_pestat] (25, 50, 75) percentile: (154, 196, 250)
[M::mem_pestat] low and high boundaries for computing mean and std.dev: (1, 442)
[M::mem_pestat] mean and std.dev: (207.27, 69.12)
[M::mem_pestat] low and high boundaries for proper pairs: (1, 538)
[M::mem_pestat] skip orientation RF as there are not enough pairs
[M::mem_pestat] skip orientation RR as there are not enough pairs
[M::mem_process_seqs] Processed 408164 reads in 43.557 CPU sec, 10.725 real sec
[M::process] read 408164 sequences (40000072 bp)...
[M::mem_pestat] # candidate unique pairs for (FF, FR, RF, RR): (1, 184084, 2, 1)
[M::mem_pestat] skip orientation FF as there are not enough pairs
[M::mem_pestat] analyzing insert size distribution for orientation FR...
[M::mem_pestat] (25, 50, 75) percentile: (154, 194, 248)
[M::mem_pestat] low and high boundaries for computing mean and std.dev: (1, 436)
[M::mem_pestat] mean and std.dev: (205.85, 68.28)
[M::mem_pestat] low and high boundaries for proper pairs: (1, 530)
[M::mem_pestat] skip orientation RF as there are not enough pairs
[M::mem_pestat] skip orientation RR as there are not enough pairs
[M::mem_process_seqs] Processed 408164 reads in 44.744 CPU sec, 11.031 real sec
[M::process] read 408164 sequences (40000072 bp)...
[M::mem_pestat] # candidate unique pairs for (FF, FR, RF, RR): (0, 184285, 1, 0)
[M::mem_pestat] skip orientation FF as there are not enough pairs
[M::mem_pestat] analyzing insert size distribution for orientation FR...
[M::mem_pestat] (25, 50, 75) percentile: (153, 193, 245)
[M::mem_pestat] low and high boundaries for computing mean and std.dev: (1, 429)
[M::mem_pestat] mean and std.dev: (203.79, 66.95)
[M::mem_pestat] low and high boundaries for proper pairs: (1, 521)
[M::mem_pestat] skip orientation RF as there are not enough pairs
[M::mem_pestat] skip orientation RR as there are not enough pairs
[M::mem_process_seqs] Processed 408164 reads in 43.445 CPU sec, 10.714 real sec
[M::process] read 408164 sequences (40000072 bp)...
[M::mem_pestat] # candidate unique pairs for (FF, FR, RF, RR): (0, 182821, 3, 0)
[M::mem_pestat] skip orientation FF as there are not enough pairs
[M::mem_pestat] analyzing insert size distribution for orientation FR...
[M::mem_pestat] (25, 50, 75) percentile: (156, 198, 253)
[M::mem_pestat] low and high boundaries for computing mean and std.dev: (1, 447)
[M::mem_pestat] mean and std.dev: (209.60, 70.35)
[M::mem_pestat] low and high boundaries for proper pairs: (1, 544)
[M::mem_pestat] skip orientation RF as there are not enough pairs
[M::mem_pestat] skip orientation RR as there are not enough pairs
[M::mem_process_seqs] Processed 408164 reads in 44.660 CPU sec, 11.040 real sec
[M::process] read 408164 sequences (40000072 bp)...
[M::mem_pestat] # candidate unique pairs for (FF, FR, RF, RR): (2, 182720, 2, 2)
[M::mem_pestat] skip orientation FF as there are not enough pairs
[M::mem_pestat] analyzing insert size distribution for orientation FR...
[M::mem_pestat] (25, 50, 75) percentile: (156, 199, 255)
[M::mem_pestat] low and high boundaries for computing mean and std.dev: (1, 453)
[M::mem_pestat] mean and std.dev: (210.85, 70.97)
[M::mem_pestat] low and high boundaries for proper pairs: (1, 552)
[M::mem_pestat] skip orientation RF as there are not enough pairs
[M::mem_pestat] skip orientation RR as there are not enough pairs
[M::mem_process_seqs] Processed 408164 reads in 44.452 CPU sec, 11.268 real sec
[M::process] read 408164 sequences (40000072 bp)...
[M::mem_pestat] # candidate unique pairs for (FF, FR, RF, RR): (2, 183183, 3, 1)
[M::mem_pestat] skip orientation FF as there are not enough pairs
[M::mem_pestat] analyzing insert size distribution for orientation FR...
[M::mem_pestat] (25, 50, 75) percentile: (156, 197, 253)
[M::mem_pestat] low and high boundaries for computing mean and std.dev: (1, 447)
[M::mem_pestat] mean and std.dev: (209.21, 70.17)
[M::mem_pestat] low and high boundaries for proper pairs: (1, 544)
[M::mem_pestat] skip orientation RF as there are not enough pairs
[M::mem_pestat] skip orientation RR as there are not enough pairs
[M::mem_process_seqs] Processed 408164 reads in 43.567 CPU sec, 10.750 real sec
[M::process] read 408164 sequences (40000072 bp)...
[M::mem_pestat] # candidate unique pairs for (FF, FR, RF, RR): (0, 183755, 2, 2)
[M::mem_pestat] skip orientation FF as there are not enough pairs
[M::mem_pestat] analyzing insert size distribution for orientation FR...
[M::mem_pestat] (25, 50, 75) percentile: (155, 196, 251)
[M::mem_pestat] low and high boundaries for computing mean and std.dev: (1, 443)
[M::mem_pestat] mean and std.dev: (207.94, 69.32)
[M::mem_pestat] low and high boundaries for proper pairs: (1, 539)
[M::mem_pestat] skip orientation RF as there are not enough pairs
[M::mem_pestat] skip orientation RR as there are not enough pairs
[M::mem_process_seqs] Processed 408164 reads in 45.381 CPU sec, 11.185 real sec
[M::mem_pestat] # candidate unique pairs for (FF, FR, RF, RR): (1, 183917, 2, 0)
[M::mem_pestat] skip orientation FF as there are not enough pairs
[M::mem_pestat] analyzing insert size distribution for orientation FR...
[M::mem_pestat] (25, 50, 75) percentile: (154, 194, 249)
[M::mem_pestat] low and high boundaries for computing mean and std.dev: (1, 439)
[M::mem_pestat] mean and std.dev: (206.19, 68.47)
[M::mem_pestat] low and high boundaries for proper pairs: (1, 534)
[M::mem_pestat] skip orientation RF as there are not enough pairs
[M::mem_pestat] skip orientation RR as there are not enough pairs
[M::mem_process_seqs] Processed 408164 reads in 54.531 CPU sec, 15.731 real sec
samtools sort: truncated file. Aborting
