[Sun Oct 26 15:50:41 EDT 2025] Starting analysis for HRR024700
[Sun Oct 26 15:50:41 EDT 2025] Aligning reads...
[M::bwa_idx_load_from_disk] read 0 ALT contigs
[M::process] read 408164 sequences (40000072 bp)...
[M::process] read 408164 sequences (40000072 bp)...
[M::mem_pestat] # candidate unique pairs for (FF, FR, RF, RR): (0, 191500, 1, 1)
[M::mem_pestat] skip orientation FF as there are not enough pairs
[M::mem_pestat] analyzing insert size distribution for orientation FR...
[M::mem_pestat] (25, 50, 75) percentile: (156, 193, 244)
[M::mem_pestat] low and high boundaries for computing mean and std.dev: (1, 420)
[M::mem_pestat] mean and std.dev: (204.54, 63.71)
[M::mem_pestat] low and high boundaries for proper pairs: (1, 508)
[M::mem_pestat] skip orientation RF as there are not enough pairs
[M::mem_pestat] skip orientation RR as there are not enough pairs
[M::mem_process_seqs] Processed 408164 reads in 37.863 CPU sec, 9.344 real sec
[M::process] read 408164 sequences (40000072 bp)...
[M::mem_pestat] # candidate unique pairs for (FF, FR, RF, RR): (0, 191509, 2, 1)
[M::mem_pestat] skip orientation FF as there are not enough pairs
[M::mem_pestat] analyzing insert size distribution for orientation FR...
[M::mem_pestat] (25, 50, 75) percentile: (155, 193, 243)
[M::mem_pestat] low and high boundaries for computing mean and std.dev: (1, 419)
[M::mem_pestat] mean and std.dev: (203.76, 63.37)
[M::mem_pestat] low and high boundaries for proper pairs: (1, 507)
[M::mem_pestat] skip orientation RF as there are not enough pairs
[M::mem_pestat] skip orientation RR as there are not enough pairs
[M::mem_process_seqs] Processed 408164 reads in 37.196 CPU sec, 9.156 real sec
[M::process] read 408164 sequences (40000072 bp)...
[M::mem_pestat] # candidate unique pairs for (FF, FR, RF, RR): (0, 191661, 0, 1)
[M::mem_pestat] skip orientation FF as there are not enough pairs
[M::mem_pestat] analyzing insert size distribution for orientation FR...
[M::mem_pestat] (25, 50, 75) percentile: (155, 192, 242)
[M::mem_pestat] low and high boundaries for computing mean and std.dev: (1, 416)
[M::mem_pestat] mean and std.dev: (203.26, 63.09)
[M::mem_pestat] low and high boundaries for proper pairs: (1, 503)
[M::mem_pestat] skip orientation RF as there are not enough pairs
[M::mem_pestat] skip orientation RR as there are not enough pairs
[M::mem_process_seqs] Processed 408164 reads in 38.851 CPU sec, 9.562 real sec
[M::process] read 408164 sequences (40000072 bp)...
[M::mem_pestat] # candidate unique pairs for (FF, FR, RF, RR): (0, 192193, 1, 0)
[M::mem_pestat] skip orientation FF as there are not enough pairs
[M::mem_pestat] analyzing insert size distribution for orientation FR...
[M::mem_pestat] (25, 50, 75) percentile: (155, 192, 241)
[M::mem_pestat] low and high boundaries for computing mean and std.dev: (1, 413)
[M::mem_pestat] mean and std.dev: (202.06, 62.17)
[M::mem_pestat] low and high boundaries for proper pairs: (1, 499)
[M::mem_pestat] skip orientation RF as there are not enough pairs
[M::mem_pestat] skip orientation RR as there are not enough pairs
[M::mem_process_seqs] Processed 408164 reads in 38.062 CPU sec, 9.361 real sec
[M::process] read 408164 sequences (40000072 bp)...
[M::mem_pestat] # candidate unique pairs for (FF, FR, RF, RR): (0, 192242, 4, 0)
[M::mem_pestat] skip orientation FF as there are not enough pairs
[M::mem_pestat] analyzing insert size distribution for orientation FR...
[M::mem_pestat] (25, 50, 75) percentile: (154, 191, 239)
[M::mem_pestat] low and high boundaries for computing mean and std.dev: (1, 409)
[M::mem_pestat] mean and std.dev: (200.85, 61.52)
[M::mem_pestat] low and high boundaries for proper pairs: (1, 494)
[M::mem_pestat] skip orientation RF as there are not enough pairs
[M::mem_pestat] skip orientation RR as there are not enough pairs
[M::mem_process_seqs] Processed 408164 reads in 37.600 CPU sec, 9.244 real sec
[M::process] read 408164 sequences (40000072 bp)...
[M::mem_pestat] # candidate unique pairs for (FF, FR, RF, RR): (0, 192429, 0, 0)
[M::mem_pestat] skip orientation FF as there are not enough pairs
[M::mem_pestat] analyzing insert size distribution for orientation FR...
[M::mem_pestat] (25, 50, 75) percentile: (153, 190, 238)
[M::mem_pestat] low and high boundaries for computing mean and std.dev: (1, 408)
[M::mem_pestat] mean and std.dev: (200.07, 61.24)
[M::mem_pestat] low and high boundaries for proper pairs: (1, 493)
[M::mem_pestat] skip orientation RF as there are not enough pairs
[M::mem_pestat] skip orientation RR as there are not enough pairs
[M::mem_process_seqs] Processed 408164 reads in 38.647 CPU sec, 9.507 real sec
[M::process] read 408164 sequences (40000072 bp)...
[M::mem_pestat] # candidate unique pairs for (FF, FR, RF, RR): (0, 192712, 0, 0)
[M::mem_pestat] skip orientation FF as there are not enough pairs
[M::mem_pestat] analyzing insert size distribution for orientation FR...
[M::mem_pestat] (25, 50, 75) percentile: (153, 188, 235)
[M::mem_pestat] low and high boundaries for computing mean and std.dev: (1, 399)
[M::mem_pestat] mean and std.dev: (198.05, 59.73)
[M::mem_pestat] low and high boundaries for proper pairs: (1, 481)
[M::mem_pestat] skip orientation RF as there are not enough pairs
[M::mem_pestat] skip orientation RR as there are not enough pairs
[M::mem_process_seqs] Processed 408164 reads in 37.559 CPU sec, 9.232 real sec
[M::process] read 408164 sequences (40000072 bp)...
[M::mem_pestat] # candidate unique pairs for (FF, FR, RF, RR): (0, 192670, 2, 0)
[M::mem_pestat] skip orientation FF as there are not enough pairs
[M::mem_pestat] analyzing insert size distribution for orientation FR...
[M::mem_pestat] (25, 50, 75) percentile: (152, 188, 235)
[M::mem_pestat] low and high boundaries for computing mean and std.dev: (1, 401)
[M::mem_pestat] mean and std.dev: (197.65, 59.62)
[M::mem_pestat] low and high boundaries for proper pairs: (1, 484)
[M::mem_pestat] skip orientation RF as there are not enough pairs
[M::mem_pestat] skip orientation RR as there are not enough pairs
[M::mem_process_seqs] Processed 408164 reads in 39.670 CPU sec, 9.758 real sec
[M::process] read 408164 sequences (40000072 bp)...
[M::mem_pestat] # candidate unique pairs for (FF, FR, RF, RR): (1, 191764, 5, 0)
[M::mem_pestat] skip orientation FF as there are not enough pairs
[M::mem_pestat] analyzing insert size distribution for orientation FR...
[M::mem_pestat] (25, 50, 75) percentile: (155, 191, 241)
[M::mem_pestat] low and high boundaries for computing mean and std.dev: (1, 413)
[M::mem_pestat] mean and std.dev: (202.19, 62.44)
[M::mem_pestat] low and high boundaries for proper pairs: (1, 499)
[M::mem_pestat] skip orientation RF as there are not enough pairs
[M::mem_pestat] skip orientation RR as there are not enough pairs
[M::mem_process_seqs] Processed 408164 reads in 39.178 CPU sec, 9.655 real sec
[M::process] read 408164 sequences (40000072 bp)...
[M::mem_pestat] # candidate unique pairs for (FF, FR, RF, RR): (0, 191574, 1, 0)
[M::mem_pestat] skip orientation FF as there are not enough pairs
[M::mem_pestat] analyzing insert size distribution for orientation FR...
[M::mem_pestat] (25, 50, 75) percentile: (156, 193, 243)
[M::mem_pestat] low and high boundaries for computing mean and std.dev: (1, 417)
[M::mem_pestat] mean and std.dev: (203.90, 63.20)
[M::mem_pestat] low and high boundaries for proper pairs: (1, 504)
[M::mem_pestat] skip orientation RF as there are not enough pairs
[M::mem_pestat] skip orientation RR as there are not enough pairs
[M::mem_process_seqs] Processed 408164 reads in 39.298 CPU sec, 9.674 real sec
[M::process] read 408164 sequences (40000072 bp)...
[M::mem_pestat] # candidate unique pairs for (FF, FR, RF, RR): (0, 191883, 2, 0)
[M::mem_pestat] skip orientation FF as there are not enough pairs
[M::mem_pestat] analyzing insert size distribution for orientation FR...
[M::mem_pestat] (25, 50, 75) percentile: (155, 192, 242)
[M::mem_pestat] low and high boundaries for computing mean and std.dev: (1, 416)
[M::mem_pestat] mean and std.dev: (202.98, 62.92)
[M::mem_pestat] low and high boundaries for proper pairs: (1, 503)
[M::mem_pestat] skip orientation RF as there are not enough pairs
[M::mem_pestat] skip orientation RR as there are not enough pairs
[M::mem_process_seqs] Processed 408164 reads in 38.257 CPU sec, 9.404 real sec
[M::process] read 408164 sequences (40000072 bp)...
[M::mem_pestat] # candidate unique pairs for (FF, FR, RF, RR): (0, 191882, 0, 0)
[M::mem_pestat] skip orientation FF as there are not enough pairs
[M::mem_pestat] analyzing insert size distribution for orientation FR...
[M::mem_pestat] (25, 50, 75) percentile: (155, 191, 241)
[M::mem_pestat] low and high boundaries for computing mean and std.dev: (1, 413)
[M::mem_pestat] mean and std.dev: (202.07, 62.32)
[M::mem_pestat] low and high boundaries for proper pairs: (1, 499)
[M::mem_pestat] skip orientation RF as there are not enough pairs
[M::mem_pestat] skip orientation RR as there are not enough pairs
[M::mem_process_seqs] Processed 408164 reads in 37.638 CPU sec, 9.245 real sec
[M::process] read 408164 sequences (40000072 bp)...
[M::mem_pestat] # candidate unique pairs for (FF, FR, RF, RR): (0, 192261, 4, 0)
[M::mem_pestat] skip orientation FF as there are not enough pairs
[M::mem_pestat] analyzing insert size distribution for orientation FR...
[M::mem_pestat] (25, 50, 75) percentile: (154, 190, 239)
[M::mem_pestat] low and high boundaries for computing mean and std.dev: (1, 409)
[M::mem_pestat] mean and std.dev: (200.92, 61.49)
[M::mem_pestat] low and high boundaries for proper pairs: (1, 494)
[M::mem_pestat] skip orientation RF as there are not enough pairs
[M::mem_pestat] skip orientation RR as there are not enough pairs
[M::mem_process_seqs] Processed 408164 reads in 39.858 CPU sec, 9.764 real sec
[M::process] read 408164 sequences (40000072 bp)...
[M::mem_pestat] # candidate unique pairs for (FF, FR, RF, RR): (0, 192365, 1, 1)
[M::mem_pestat] skip orientation FF as there are not enough pairs
[M::mem_pestat] analyzing insert size distribution for orientation FR...
[M::mem_pestat] (25, 50, 75) percentile: (154, 189, 238)
[M::mem_pestat] low and high boundaries for computing mean and std.dev: (1, 406)
[M::mem_pestat] mean and std.dev: (199.79, 60.86)
[M::mem_pestat] low and high boundaries for proper pairs: (1, 490)
[M::mem_pestat] skip orientation RF as there are not enough pairs
[M::mem_pestat] skip orientation RR as there are not enough pairs
[M::mem_process_seqs] Processed 408164 reads in 44.068 CPU sec, 12.462 real sec
[M::process] read 408164 sequences (40000072 bp)...
[M::mem_pestat] # candidate unique pairs for (FF, FR, RF, RR): (1, 192672, 0, 0)
[M::mem_pestat] skip orientation FF as there are not enough pairs
[M::mem_pestat] analyzing insert size distribution for orientation FR...
[M::mem_pestat] (25, 50, 75) percentile: (153, 188, 236)
[M::mem_pestat] low and high boundaries for computing mean and std.dev: (1, 402)
[M::mem_pestat] mean and std.dev: (198.42, 60.32)
[M::mem_pestat] low and high boundaries for proper pairs: (1, 485)
[M::mem_pestat] skip orientation RF as there are not enough pairs
[M::mem_pestat] skip orientation RR as there are not enough pairs
[M::mem_process_seqs] Processed 408164 reads in 40.737 CPU sec, 10.864 real sec
[M::process] read 408164 sequences (40000072 bp)...
[M::mem_pestat] # candidate unique pairs for (FF, FR, RF, RR): (0, 192896, 3, 1)
[M::mem_pestat] skip orientation FF as there are not enough pairs
[M::mem_pestat] analyzing insert size distribution for orientation FR...
[M::mem_pestat] (25, 50, 75) percentile: (152, 187, 234)
[M::mem_pestat] low and high boundaries for computing mean and std.dev: (1, 398)
[M::mem_pestat] mean and std.dev: (197.10, 59.55)
[M::mem_pestat] low and high boundaries for proper pairs: (1, 480)
[M::mem_pestat] skip orientation RF as there are not enough pairs
[M::mem_pestat] skip orientation RR as there are not enough pairs
[M::mem_process_seqs] Processed 408164 reads in 39.887 CPU sec, 10.182 real sec
[M::process] read 408164 sequences (40000072 bp)...
[M::mem_pestat] # candidate unique pairs for (FF, FR, RF, RR): (0, 192094, 4, 0)
[M::mem_pestat] skip orientation FF as there are not enough pairs
[M::mem_pestat] analyzing insert size distribution for orientation FR...
[M::mem_pestat] (25, 50, 75) percentile: (154, 190, 238)
[M::mem_pestat] low and high boundaries for computing mean and std.dev: (1, 406)
[M::mem_pestat] mean and std.dev: (200.12, 60.91)
[M::mem_pestat] low and high boundaries for proper pairs: (1, 490)
[M::mem_pestat] skip orientation RF as there are not enough pairs
[M::mem_pestat] skip orientation RR as there are not enough pairs
[M::mem_process_seqs] Processed 408164 reads in 40.014 CPU sec, 9.998 real sec
[M::process] read 408164 sequences (40000072 bp)...
[M::mem_pestat] # candidate unique pairs for (FF, FR, RF, RR): (0, 191601, 1, 0)
[M::mem_pestat] skip orientation FF as there are not enough pairs
[M::mem_pestat] analyzing insert size distribution for orientation FR...
[M::mem_pestat] (25, 50, 75) percentile: (156, 194, 244)
[M::mem_pestat] low and high boundaries for computing mean and std.dev: (1, 420)
[M::mem_pestat] mean and std.dev: (204.49, 63.63)
[M::mem_pestat] low and high boundaries for proper pairs: (1, 508)
[M::mem_pestat] skip orientation RF as there are not enough pairs
[M::mem_pestat] skip orientation RR as there are not enough pairs
[M::mem_process_seqs] Processed 408164 reads in 39.456 CPU sec, 9.738 real sec
[M::process] read 408164 sequences (40000072 bp)...
[M::mem_pestat] # candidate unique pairs for (FF, FR, RF, RR): (0, 191810, 2, 0)
[M::mem_pestat] skip orientation FF as there are not enough pairs
[M::mem_pestat] analyzing insert size distribution for orientation FR...
[M::mem_pestat] (25, 50, 75) percentile: (156, 193, 242)
[M::mem_pestat] low and high boundaries for computing mean and std.dev: (1, 414)
[M::mem_pestat] mean and std.dev: (203.37, 62.86)
[M::mem_pestat] low and high boundaries for proper pairs: (1, 500)
[M::mem_pestat] skip orientation RF as there are not enough pairs
[M::mem_pestat] skip orientation RR as there are not enough pairs
[M::mem_process_seqs] Processed 408164 reads in 38.071 CPU sec, 9.463 real sec
[M::process] read 408164 sequences (40000072 bp)...
[M::mem_pestat] # candidate unique pairs for (FF, FR, RF, RR): (1, 191834, 1, 0)
[M::mem_pestat] skip orientation FF as there are not enough pairs
[M::mem_pestat] analyzing insert size distribution for orientation FR...
[M::mem_pestat] (25, 50, 75) percentile: (156, 193, 242)
[M::mem_pestat] low and high boundaries for computing mean and std.dev: (1, 414)
[M::mem_pestat] mean and std.dev: (203.03, 62.52)
[M::mem_pestat] low and high boundaries for proper pairs: (1, 500)
[M::mem_pestat] skip orientation RF as there are not enough pairs
[M::mem_pestat] skip orientation RR as there are not enough pairs
[M::mem_process_seqs] Processed 408164 reads in 40.828 CPU sec, 10.028 real sec
[M::process] read 408164 sequences (40000072 bp)...
[M::mem_pestat] # candidate unique pairs for (FF, FR, RF, RR): (1, 192118, 2, 0)
[M::mem_pestat] skip orientation FF as there are not enough pairs
[M::mem_pestat] analyzing insert size distribution for orientation FR...
[M::mem_pestat] (25, 50, 75) percentile: (155, 192, 241)
[M::mem_pestat] low and high boundaries for computing mean and std.dev: (1, 413)
[M::mem_pestat] mean and std.dev: (202.12, 62.21)
[M::mem_pestat] low and high boundaries for proper pairs: (1, 499)
[M::mem_pestat] skip orientation RF as there are not enough pairs
[M::mem_pestat] skip orientation RR as there are not enough pairs
[M::mem_process_seqs] Processed 408164 reads in 38.970 CPU sec, 9.588 real sec
[M::process] read 408164 sequences (40000072 bp)...
[M::mem_pestat] # candidate unique pairs for (FF, FR, RF, RR): (0, 192190, 3, 0)
[M::mem_pestat] skip orientation FF as there are not enough pairs
[M::mem_pestat] analyzing insert size distribution for orientation FR...
[M::mem_pestat] (25, 50, 75) percentile: (154, 190, 239)
[M::mem_pestat] low and high boundaries for computing mean and std.dev: (1, 409)
[M::mem_pestat] mean and std.dev: (200.95, 61.50)
[M::mem_pestat] low and high boundaries for proper pairs: (1, 494)
[M::mem_pestat] skip orientation RF as there are not enough pairs
[M::mem_pestat] skip orientation RR as there are not enough pairs
[M::mem_process_seqs] Processed 408164 reads in 38.285 CPU sec, 9.413 real sec
[M::process] read 408164 sequences (40000072 bp)...
[M::mem_pestat] # candidate unique pairs for (FF, FR, RF, RR): (1, 192448, 1, 0)
[M::mem_pestat] skip orientation FF as there are not enough pairs
[M::mem_pestat] analyzing insert size distribution for orientation FR...
[M::mem_pestat] (25, 50, 75) percentile: (154, 190, 238)
[M::mem_pestat] low and high boundaries for computing mean and std.dev: (1, 406)
[M::mem_pestat] mean and std.dev: (199.89, 60.83)
[M::mem_pestat] low and high boundaries for proper pairs: (1, 490)
[M::mem_pestat] skip orientation RF as there are not enough pairs
[M::mem_pestat] skip orientation RR as there are not enough pairs
[M::mem_process_seqs] Processed 408164 reads in 38.000 CPU sec, 9.354 real sec
[M::process] read 408164 sequences (40000072 bp)...
[M::mem_pestat] # candidate unique pairs for (FF, FR, RF, RR): (0, 192683, 0, 0)
[M::mem_pestat] skip orientation FF as there are not enough pairs
[M::mem_pestat] analyzing insert size distribution for orientation FR...
[M::mem_pestat] (25, 50, 75) percentile: (153, 189, 236)
[M::mem_pestat] low and high boundaries for computing mean and std.dev: (1, 402)
[M::mem_pestat] mean and std.dev: (198.82, 60.19)
[M::mem_pestat] low and high boundaries for proper pairs: (1, 485)
[M::mem_pestat] skip orientation RF as there are not enough pairs
[M::mem_pestat] skip orientation RR as there are not enough pairs
[M::mem_process_seqs] Processed 408164 reads in 38.958 CPU sec, 9.575 real sec
[M::process] read 408164 sequences (40000072 bp)...
[M::mem_pestat] # candidate unique pairs for (FF, FR, RF, RR): (0, 192841, 1, 0)
[M::mem_pestat] skip orientation FF as there are not enough pairs
[M::mem_pestat] analyzing insert size distribution for orientation FR...
[M::mem_pestat] (25, 50, 75) percentile: (152, 187, 234)
[M::mem_pestat] low and high boundaries for computing mean and std.dev: (1, 398)
[M::mem_pestat] mean and std.dev: (197.17, 59.44)
[M::mem_pestat] low and high boundaries for proper pairs: (1, 480)
[M::mem_pestat] skip orientation RF as there are not enough pairs
[M::mem_pestat] skip orientation RR as there are not enough pairs
[M::mem_process_seqs] Processed 408164 reads in 39.170 CPU sec, 9.628 real sec
samtools sort: truncated file. Aborting
