[Sun Oct 26 14:16:18 EDT 2025] Starting analysis for HRR024690
[Sun Oct 26 14:16:18 EDT 2025] Aligning reads...
[M::bwa_idx_load_from_disk] read 0 ALT contigs
[M::process] read 408164 sequences (40000072 bp)...
[M::process] read 408164 sequences (40000072 bp)...
[M::mem_pestat] # candidate unique pairs for (FF, FR, RF, RR): (2, 181352, 3, 0)
[M::mem_pestat] skip orientation FF as there are not enough pairs
[M::mem_pestat] analyzing insert size distribution for orientation FR...
[M::mem_pestat] (25, 50, 75) percentile: (155, 197, 253)
[M::mem_pestat] low and high boundaries for computing mean and std.dev: (1, 449)
[M::mem_pestat] mean and std.dev: (209.16, 70.45)
[M::mem_pestat] low and high boundaries for proper pairs: (1, 547)
[M::mem_pestat] skip orientation RF as there are not enough pairs
[M::mem_pestat] skip orientation RR as there are not enough pairs
[M::mem_process_seqs] Processed 408164 reads in 40.234 CPU sec, 9.916 real sec
[M::process] read 408164 sequences (40000072 bp)...
[M::mem_pestat] # candidate unique pairs for (FF, FR, RF, RR): (1, 182020, 2, 3)
[M::mem_pestat] skip orientation FF as there are not enough pairs
[M::mem_pestat] analyzing insert size distribution for orientation FR...
[M::mem_pestat] (25, 50, 75) percentile: (155, 196, 251)
[M::mem_pestat] low and high boundaries for computing mean and std.dev: (1, 443)
[M::mem_pestat] mean and std.dev: (207.64, 69.46)
[M::mem_pestat] low and high boundaries for proper pairs: (1, 539)
[M::mem_pestat] skip orientation RF as there are not enough pairs
[M::mem_pestat] skip orientation RR as there are not enough pairs
[M::mem_process_seqs] Processed 408164 reads in 39.756 CPU sec, 9.792 real sec
[M::process] read 408164 sequences (40000072 bp)...
[M::mem_pestat] # candidate unique pairs for (FF, FR, RF, RR): (1, 182278, 1, 0)
[M::mem_pestat] skip orientation FF as there are not enough pairs
[M::mem_pestat] analyzing insert size distribution for orientation FR...
[M::mem_pestat] (25, 50, 75) percentile: (154, 195, 250)
[M::mem_pestat] low and high boundaries for computing mean and std.dev: (1, 442)
[M::mem_pestat] mean and std.dev: (206.88, 69.02)
[M::mem_pestat] low and high boundaries for proper pairs: (1, 538)
[M::mem_pestat] skip orientation RF as there are not enough pairs
[M::mem_pestat] skip orientation RR as there are not enough pairs
[M::mem_process_seqs] Processed 408164 reads in 43.299 CPU sec, 10.672 real sec
[M::process] read 408164 sequences (40000072 bp)...
[M::mem_pestat] # candidate unique pairs for (FF, FR, RF, RR): (1, 182653, 5, 0)
[M::mem_pestat] skip orientation FF as there are not enough pairs
[M::mem_pestat] analyzing insert size distribution for orientation FR...
[M::mem_pestat] (25, 50, 75) percentile: (153, 194, 248)
[M::mem_pestat] low and high boundaries for computing mean and std.dev: (1, 438)
[M::mem_pestat] mean and std.dev: (205.31, 68.13)
[M::mem_pestat] low and high boundaries for proper pairs: (1, 533)
[M::mem_pestat] skip orientation RF as there are not enough pairs
[M::mem_pestat] skip orientation RR as there are not enough pairs
[M::mem_process_seqs] Processed 408164 reads in 40.324 CPU sec, 9.925 real sec
[M::process] read 408164 sequences (40000072 bp)...
[M::mem_pestat] # candidate unique pairs for (FF, FR, RF, RR): (3, 183156, 0, 0)
[M::mem_pestat] skip orientation FF as there are not enough pairs
[M::mem_pestat] analyzing insert size distribution for orientation FR...
[M::mem_pestat] (25, 50, 75) percentile: (152, 192, 246)
[M::mem_pestat] low and high boundaries for computing mean and std.dev: (1, 434)
[M::mem_pestat] mean and std.dev: (203.91, 67.50)
[M::mem_pestat] low and high boundaries for proper pairs: (1, 528)
[M::mem_pestat] skip orientation RF as there are not enough pairs
[M::mem_pestat] skip orientation RR as there are not enough pairs
[M::mem_process_seqs] Processed 408164 reads in 40.397 CPU sec, 9.947 real sec
[M::process] read 408164 sequences (40000072 bp)...
[M::mem_pestat] # candidate unique pairs for (FF, FR, RF, RR): (0, 183243, 4, 0)
[M::mem_pestat] skip orientation FF as there are not enough pairs
[M::mem_pestat] analyzing insert size distribution for orientation FR...
[M::mem_pestat] (25, 50, 75) percentile: (152, 191, 243)
[M::mem_pestat] low and high boundaries for computing mean and std.dev: (1, 425)
[M::mem_pestat] mean and std.dev: (202.17, 66.14)
[M::mem_pestat] low and high boundaries for proper pairs: (1, 516)
[M::mem_pestat] skip orientation RF as there are not enough pairs
[M::mem_pestat] skip orientation RR as there are not enough pairs
[M::mem_process_seqs] Processed 408164 reads in 42.092 CPU sec, 10.362 real sec
[M::process] read 408164 sequences (40000072 bp)...
[M::mem_pestat] # candidate unique pairs for (FF, FR, RF, RR): (0, 182483, 0, 2)
[M::mem_pestat] skip orientation FF as there are not enough pairs
[M::mem_pestat] analyzing insert size distribution for orientation FR...
[M::mem_pestat] (25, 50, 75) percentile: (153, 194, 248)
[M::mem_pestat] low and high boundaries for computing mean and std.dev: (1, 438)
[M::mem_pestat] mean and std.dev: (205.62, 68.45)
[M::mem_pestat] low and high boundaries for proper pairs: (1, 533)
[M::mem_pestat] skip orientation RF as there are not enough pairs
[M::mem_pestat] skip orientation RR as there are not enough pairs
[M::mem_process_seqs] Processed 408164 reads in 40.287 CPU sec, 9.922 real sec
[M::process] read 408164 sequences (40000072 bp)...
[M::mem_pestat] # candidate unique pairs for (FF, FR, RF, RR): (0, 181817, 0, 0)
[M::mem_pestat] skip orientation FF as there are not enough pairs
[M::mem_pestat] analyzing insert size distribution for orientation FR...
[M::mem_pestat] (25, 50, 75) percentile: (155, 197, 252)
[M::mem_pestat] low and high boundaries for computing mean and std.dev: (1, 446)
[M::mem_pestat] mean and std.dev: (208.32, 69.88)
[M::mem_pestat] low and high boundaries for proper pairs: (1, 543)
[M::mem_pestat] skip orientation RF as there are not enough pairs
[M::mem_pestat] skip orientation RR as there are not enough pairs
[M::mem_process_seqs] Processed 408164 reads in 40.016 CPU sec, 9.842 real sec
[M::process] read 408164 sequences (40000072 bp)...
[M::mem_pestat] # candidate unique pairs for (FF, FR, RF, RR): (0, 182121, 2, 1)
[M::mem_pestat] skip orientation FF as there are not enough pairs
[M::mem_pestat] analyzing insert size distribution for orientation FR...
[M::mem_pestat] (25, 50, 75) percentile: (154, 196, 250)
[M::mem_pestat] low and high boundaries for computing mean and std.dev: (1, 442)
[M::mem_pestat] mean and std.dev: (207.30, 69.25)
[M::mem_pestat] low and high boundaries for proper pairs: (1, 538)
[M::mem_pestat] skip orientation RF as there are not enough pairs
[M::mem_pestat] skip orientation RR as there are not enough pairs
[M::mem_process_seqs] Processed 408164 reads in 42.387 CPU sec, 10.418 real sec
[M::process] read 408164 sequences (40000072 bp)...
[M::mem_pestat] # candidate unique pairs for (FF, FR, RF, RR): (1, 182179, 4, 0)
[M::mem_pestat] skip orientation FF as there are not enough pairs
[M::mem_pestat] analyzing insert size distribution for orientation FR...
[M::mem_pestat] (25, 50, 75) percentile: (153, 194, 248)
[M::mem_pestat] low and high boundaries for computing mean and std.dev: (1, 438)
[M::mem_pestat] mean and std.dev: (205.61, 68.22)
[M::mem_pestat] low and high boundaries for proper pairs: (1, 533)
[M::mem_pestat] skip orientation RF as there are not enough pairs
[M::mem_pestat] skip orientation RR as there are not enough pairs
[M::mem_process_seqs] Processed 408164 reads in 39.867 CPU sec, 9.810 real sec
[M::process] read 408164 sequences (40000072 bp)...
[M::mem_pestat] # candidate unique pairs for (FF, FR, RF, RR): (0, 182954, 4, 2)
[M::mem_pestat] skip orientation FF as there are not enough pairs
[M::mem_pestat] analyzing insert size distribution for orientation FR...
[M::mem_pestat] (25, 50, 75) percentile: (152, 193, 246)
[M::mem_pestat] low and high boundaries for computing mean and std.dev: (1, 434)
[M::mem_pestat] mean and std.dev: (204.27, 67.80)
[M::mem_pestat] low and high boundaries for proper pairs: (1, 528)
[M::mem_pestat] skip orientation RF as there are not enough pairs
[M::mem_pestat] skip orientation RR as there are not enough pairs
[M::mem_process_seqs] Processed 408164 reads in 41.529 CPU sec, 10.224 real sec
[M::process] read 408164 sequences (40000072 bp)...
[M::mem_pestat] # candidate unique pairs for (FF, FR, RF, RR): (1, 183415, 0, 0)
[M::mem_pestat] skip orientation FF as there are not enough pairs
[M::mem_pestat] analyzing insert size distribution for orientation FR...
[M::mem_pestat] (25, 50, 75) percentile: (152, 192, 244)
[M::mem_pestat] low and high boundaries for computing mean and std.dev: (1, 428)
[M::mem_pestat] mean and std.dev: (202.77, 66.66)
[M::mem_pestat] low and high boundaries for proper pairs: (1, 520)
[M::mem_pestat] skip orientation RF as there are not enough pairs
[M::mem_pestat] skip orientation RR as there are not enough pairs
[M::mem_process_seqs] Processed 408164 reads in 43.034 CPU sec, 10.590 real sec
[M::process] read 408164 sequences (40000072 bp)...
[M::mem_pestat] # candidate unique pairs for (FF, FR, RF, RR): (2, 182873, 0, 1)
[M::mem_pestat] skip orientation FF as there are not enough pairs
[M::mem_pestat] analyzing insert size distribution for orientation FR...
[M::mem_pestat] (25, 50, 75) percentile: (152, 192, 245)
[M::mem_pestat] low and high boundaries for computing mean and std.dev: (1, 431)
[M::mem_pestat] mean and std.dev: (203.58, 67.13)
[M::mem_pestat] low and high boundaries for proper pairs: (1, 524)
[M::mem_pestat] skip orientation RF as there are not enough pairs
[M::mem_pestat] skip orientation RR as there are not enough pairs
[M::mem_process_seqs] Processed 408164 reads in 45.765 CPU sec, 11.284 real sec
[M::process] read 408164 sequences (40000072 bp)...
[M::mem_pestat] # candidate unique pairs for (FF, FR, RF, RR): (0, 181515, 1, 0)
[M::mem_pestat] skip orientation FF as there are not enough pairs
[M::mem_pestat] analyzing insert size distribution for orientation FR...
[M::mem_pestat] (25, 50, 75) percentile: (155, 197, 253)
[M::mem_pestat] low and high boundaries for computing mean and std.dev: (1, 449)
[M::mem_pestat] mean and std.dev: (208.94, 70.23)
[M::mem_pestat] low and high boundaries for proper pairs: (1, 547)
[M::mem_pestat] skip orientation RF as there are not enough pairs
[M::mem_pestat] skip orientation RR as there are not enough pairs
[M::mem_process_seqs] Processed 408164 reads in 65.375 CPU sec, 18.494 real sec
[M::process] read 408164 sequences (40000072 bp)...
[M::mem_pestat] # candidate unique pairs for (FF, FR, RF, RR): (0, 182120, 1, 1)
[M::mem_pestat] skip orientation FF as there are not enough pairs
[M::mem_pestat] analyzing insert size distribution for orientation FR...
[M::mem_pestat] (25, 50, 75) percentile: (155, 196, 251)
[M::mem_pestat] low and high boundaries for computing mean and std.dev: (1, 443)
[M::mem_pestat] mean and std.dev: (207.40, 69.24)
[M::mem_pestat] low and high boundaries for proper pairs: (1, 539)
[M::mem_pestat] skip orientation RF as there are not enough pairs
[M::mem_pestat] skip orientation RR as there are not enough pairs
[M::mem_process_seqs] Processed 408164 reads in 59.335 CPU sec, 14.911 real sec
[M::process] read 408164 sequences (40000072 bp)...
[M::mem_pestat] # candidate unique pairs for (FF, FR, RF, RR): (1, 182325, 4, 0)
[M::mem_pestat] skip orientation FF as there are not enough pairs
[M::mem_pestat] analyzing insert size distribution for orientation FR...
[M::mem_pestat] (25, 50, 75) percentile: (154, 195, 249)
[M::mem_pestat] low and high boundaries for computing mean and std.dev: (1, 439)
[M::mem_pestat] mean and std.dev: (206.10, 68.56)
[M::mem_pestat] low and high boundaries for proper pairs: (1, 534)
[M::mem_pestat] skip orientation RF as there are not enough pairs
[M::mem_pestat] skip orientation RR as there are not enough pairs
[M::mem_process_seqs] Processed 408164 reads in 62.155 CPU sec, 15.404 real sec
[M::process] read 408164 sequences (40000072 bp)...
[M::mem_pestat] # candidate unique pairs for (FF, FR, RF, RR): (0, 182735, 4, 0)
[M::mem_pestat] skip orientation FF as there are not enough pairs
[M::mem_pestat] analyzing insert size distribution for orientation FR...
[M::mem_pestat] (25, 50, 75) percentile: (153, 194, 247)
[M::mem_pestat] low and high boundaries for computing mean and std.dev: (1, 435)
[M::mem_pestat] mean and std.dev: (205.12, 67.80)
[M::mem_pestat] low and high boundaries for proper pairs: (1, 529)
[M::mem_pestat] skip orientation RF as there are not enough pairs
[M::mem_pestat] skip orientation RR as there are not enough pairs
[M::mem_process_seqs] Processed 408164 reads in 58.797 CPU sec, 14.570 real sec
[M::process] read 408164 sequences (40000072 bp)...
[M::mem_pestat] # candidate unique pairs for (FF, FR, RF, RR): (1, 183472, 1, 1)
[M::mem_pestat] skip orientation FF as there are not enough pairs
[M::mem_pestat] analyzing insert size distribution for orientation FR...
[M::mem_pestat] (25, 50, 75) percentile: (153, 193, 245)
[M::mem_pestat] low and high boundaries for computing mean and std.dev: (1, 429)
[M::mem_pestat] mean and std.dev: (203.64, 66.88)
[M::mem_pestat] low and high boundaries for proper pairs: (1, 521)
[M::mem_pestat] skip orientation RF as there are not enough pairs
[M::mem_pestat] skip orientation RR as there are not enough pairs
[M::mem_process_seqs] Processed 408164 reads in 58.451 CPU sec, 14.469 real sec
[M::process] read 408164 sequences (40000072 bp)...
[M::mem_pestat] # candidate unique pairs for (FF, FR, RF, RR): (1, 183717, 3, 0)
[M::mem_pestat] skip orientation FF as there are not enough pairs
[M::mem_pestat] analyzing insert size distribution for orientation FR...
[M::mem_pestat] (25, 50, 75) percentile: (151, 191, 243)
[M::mem_pestat] low and high boundaries for computing mean and std.dev: (1, 427)
[M::mem_pestat] mean and std.dev: (201.91, 66.01)
[M::mem_pestat] low and high boundaries for proper pairs: (1, 519)
[M::mem_pestat] skip orientation RF as there are not enough pairs
[M::mem_pestat] skip orientation RR as there are not enough pairs
[M::mem_process_seqs] Processed 408164 reads in 56.905 CPU sec, 14.051 real sec
[M::process] read 408164 sequences (40000072 bp)...
[M::mem_pestat] # candidate unique pairs for (FF, FR, RF, RR): (0, 181186, 0, 3)
[M::mem_pestat] skip orientation FF as there are not enough pairs
[M::mem_pestat] analyzing insert size distribution for orientation FR...
[M::mem_pestat] (25, 50, 75) percentile: (155, 197, 253)
[M::mem_pestat] low and high boundaries for computing mean and std.dev: (1, 449)
[M::mem_pestat] mean and std.dev: (209.03, 70.49)
[M::mem_pestat] low and high boundaries for proper pairs: (1, 547)
[M::mem_pestat] skip orientation RF as there are not enough pairs
[M::mem_pestat] skip orientation RR as there are not enough pairs
[M::mem_process_seqs] Processed 408164 reads in 43.400 CPU sec, 10.676 real sec
[M::process] read 408164 sequences (40000072 bp)...
[M::mem_pestat] # candidate unique pairs for (FF, FR, RF, RR): (0, 181707, 1, 0)
[M::mem_pestat] skip orientation FF as there are not enough pairs
[M::mem_pestat] analyzing insert size distribution for orientation FR...
[M::mem_pestat] (25, 50, 75) percentile: (154, 196, 251)
[M::mem_pestat] low and high boundaries for computing mean and std.dev: (1, 445)
[M::mem_pestat] mean and std.dev: (207.71, 69.42)
[M::mem_pestat] low and high boundaries for proper pairs: (1, 542)
[M::mem_pestat] skip orientation RF as there are not enough pairs
[M::mem_pestat] skip orientation RR as there are not enough pairs
[M::mem_process_seqs] Processed 408164 reads in 43.326 CPU sec, 10.661 real sec
[M::process] read 408164 sequences (40000072 bp)...
[M::mem_pestat] # candidate unique pairs for (FF, FR, RF, RR): (2, 181846, 2, 0)
[M::mem_pestat] skip orientation FF as there are not enough pairs
[M::mem_pestat] analyzing insert size distribution for orientation FR...
[M::mem_pestat] (25, 50, 75) percentile: (154, 195, 250)
[M::mem_pestat] low and high boundaries for computing mean and std.dev: (1, 442)
[M::mem_pestat] mean and std.dev: (206.97, 68.91)
[M::mem_pestat] low and high boundaries for proper pairs: (1, 538)
[M::mem_pestat] skip orientation RF as there are not enough pairs
[M::mem_pestat] skip orientation RR as there are not enough pairs
[M::mem_process_seqs] Processed 408164 reads in 41.186 CPU sec, 10.129 real sec
[M::process] read 408164 sequences (40000072 bp)...
[M::mem_pestat] # candidate unique pairs for (FF, FR, RF, RR): (0, 182494, 2, 0)
[M::mem_pestat] skip orientation FF as there are not enough pairs
[M::mem_pestat] analyzing insert size distribution for orientation FR...
[M::mem_pestat] (25, 50, 75) percentile: (153, 194, 248)
[M::mem_pestat] low and high boundaries for computing mean and std.dev: (1, 438)
[M::mem_pestat] mean and std.dev: (205.39, 68.06)
[M::mem_pestat] low and high boundaries for proper pairs: (1, 533)
[M::mem_pestat] skip orientation RF as there are not enough pairs
[M::mem_pestat] skip orientation RR as there are not enough pairs
[M::mem_process_seqs] Processed 408164 reads in 43.364 CPU sec, 10.683 real sec
[M::process] read 408164 sequences (40000072 bp)...
[M::mem_pestat] # candidate unique pairs for (FF, FR, RF, RR): (0, 182802, 5, 0)
[M::mem_pestat] skip orientation FF as there are not enough pairs
[M::mem_pestat] analyzing insert size distribution for orientation FR...
[M::mem_pestat] (25, 50, 75) percentile: (152, 192, 246)
[M::mem_pestat] low and high boundaries for computing mean and std.dev: (1, 434)
[M::mem_pestat] mean and std.dev: (203.82, 67.25)
[M::mem_pestat] low and high boundaries for proper pairs: (1, 528)
[M::mem_pestat] skip orientation RF as there are not enough pairs
[M::mem_pestat] skip orientation RR as there are not enough pairs
[M::mem_process_seqs] Processed 408164 reads in 44.205 CPU sec, 10.853 real sec
[M::process] read 408164 sequences (40000072 bp)...
[M::mem_pestat] # candidate unique pairs for (FF, FR, RF, RR): (2, 183425, 1, 0)
[M::mem_pestat] skip orientation FF as there are not enough pairs
[M::mem_pestat] analyzing insert size distribution for orientation FR...
[M::mem_pestat] (25, 50, 75) percentile: (151, 191, 243)
[M::mem_pestat] low and high boundaries for computing mean and std.dev: (1, 427)
[M::mem_pestat] mean and std.dev: (201.79, 65.96)
[M::mem_pestat] low and high boundaries for proper pairs: (1, 519)
[M::mem_pestat] skip orientation RF as there are not enough pairs
[M::mem_pestat] skip orientation RR as there are not enough pairs
[M::mem_process_seqs] Processed 408164 reads in 45.094 CPU sec, 11.124 real sec
samtools sort: truncated file. Aborting
