[13:41:18] START: HRR024703
[13:41:18] Step 1: BWA alignment to SAM...
[M::bwa_idx_load_from_disk] read 0 ALT contigs
[M::process] read 1224490 sequences (120000020 bp)...
[M::mem_pestat] # candidate unique pairs for (FF, FR, RF, RR): (1, 573685, 7, 0)
[M::mem_pestat] skip orientation FF as there are not enough pairs
[M::mem_pestat] analyzing insert size distribution for orientation FR...
[M::mem_pestat] (25, 50, 75) percentile: (154, 191, 240)
[M::mem_pestat] low and high boundaries for computing mean and std.dev: (1, 412)
[M::mem_pestat] mean and std.dev: (201.60, 62.02)
[M::mem_pestat] low and high boundaries for proper pairs: (1, 498)
[M::mem_pestat] skip orientation RF as there are not enough pairs
[M::mem_pestat] skip orientation RR as there are not enough pairs
[M::mem_process_seqs] Processed 1224490 reads in 217.451 CPU sec, 18.541 real sec
[M::process] read 1224490 sequences (120000020 bp)...
[M::mem_pestat] # candidate unique pairs for (FF, FR, RF, RR): (2, 575105, 7, 2)
[M::mem_pestat] skip orientation FF as there are not enough pairs
[M::mem_pestat] analyzing insert size distribution for orientation FR...
[M::mem_pestat] (25, 50, 75) percentile: (153, 189, 236)
[M::mem_pestat] low and high boundaries for computing mean and std.dev: (1, 402)
[M::mem_pestat] mean and std.dev: (198.94, 60.33)
[M::mem_pestat] low and high boundaries for proper pairs: (1, 485)
[M::mem_pestat] skip orientation RF as there are not enough pairs
[M::mem_pestat] skip orientation RR as there are not enough pairs
[M::mem_process_seqs] Processed 1224490 reads in 178.644 CPU sec, 15.192 real sec
[M::process] read 1224490 sequences (120000020 bp)...
[M::mem_pestat] # candidate unique pairs for (FF, FR, RF, RR): (0, 576423, 5, 2)
[M::mem_pestat] skip orientation FF as there are not enough pairs
[M::mem_pestat] analyzing insert size distribution for orientation FR...
[M::mem_pestat] (25, 50, 75) percentile: (151, 185, 231)
[M::mem_pestat] low and high boundaries for computing mean and std.dev: (1, 391)
[M::mem_pestat] mean and std.dev: (195.13, 58.24)
[M::mem_pestat] low and high boundaries for proper pairs: (1, 471)
[M::mem_pestat] skip orientation RF as there are not enough pairs
[M::mem_pestat] skip orientation RR as there are not enough pairs
[M::mem_process_seqs] Processed 1224490 reads in 176.056 CPU sec, 14.982 real sec
[M::process] read 1224490 sequences (120000020 bp)...
[M::mem_pestat] # candidate unique pairs for (FF, FR, RF, RR): (2, 573546, 2, 4)
[M::mem_pestat] skip orientation FF as there are not enough pairs
[M::mem_pestat] analyzing insert size distribution for orientation FR...
[M::mem_pestat] (25, 50, 75) percentile: (154, 191, 239)
[M::mem_pestat] low and high boundaries for computing mean and std.dev: (1, 409)
[M::mem_pestat] mean and std.dev: (201.18, 61.62)
[M::mem_pestat] low and high boundaries for proper pairs: (1, 494)
[M::mem_pestat] skip orientation RF as there are not enough pairs
[M::mem_pestat] skip orientation RR as there are not enough pairs
[M::mem_process_seqs] Processed 1224490 reads in 154.176 CPU sec, 13.096 real sec
[M::process] read 1224490 sequences (120000020 bp)...
[M::mem_pestat] # candidate unique pairs for (FF, FR, RF, RR): (2, 575064, 3, 3)
[M::mem_pestat] skip orientation FF as there are not enough pairs
[M::mem_pestat] analyzing insert size distribution for orientation FR...
[M::mem_pestat] (25, 50, 75) percentile: (153, 188, 236)
[M::mem_pestat] low and high boundaries for computing mean and std.dev: (1, 402)
[M::mem_pestat] mean and std.dev: (198.74, 60.19)
[M::mem_pestat] low and high boundaries for proper pairs: (1, 485)
[M::mem_pestat] skip orientation RF as there are not enough pairs
[M::mem_pestat] skip orientation RR as there are not enough pairs
[M::mem_process_seqs] Processed 1224490 reads in 157.962 CPU sec, 13.386 real sec
[M::process] read 1224490 sequences (120000020 bp)...
[M::mem_pestat] # candidate unique pairs for (FF, FR, RF, RR): (0, 577009, 8, 2)
[M::mem_pestat] skip orientation FF as there are not enough pairs
[M::mem_pestat] analyzing insert size distribution for orientation FR...
[M::mem_pestat] (25, 50, 75) percentile: (151, 185, 231)
[M::mem_pestat] low and high boundaries for computing mean and std.dev: (1, 391)
[M::mem_pestat] mean and std.dev: (195.11, 58.17)
[M::mem_pestat] low and high boundaries for proper pairs: (1, 471)
[M::mem_pestat] skip orientation RF as there are not enough pairs
[M::mem_pestat] skip orientation RR as there are not enough pairs
[M::mem_process_seqs] Processed 1224490 reads in 156.506 CPU sec, 13.253 real sec
[M::process] read 1224490 sequences (120000020 bp)...
[M::mem_pestat] # candidate unique pairs for (FF, FR, RF, RR): (1, 573593, 3, 1)
[M::mem_pestat] skip orientation FF as there are not enough pairs
[M::mem_pestat] analyzing insert size distribution for orientation FR...
[M::mem_pestat] (25, 50, 75) percentile: (154, 191, 240)
[M::mem_pestat] low and high boundaries for computing mean and std.dev: (1, 412)
[M::mem_pestat] mean and std.dev: (201.56, 61.88)
[M::mem_pestat] low and high boundaries for proper pairs: (1, 498)
[M::mem_pestat] skip orientation RF as there are not enough pairs
[M::mem_pestat] skip orientation RR as there are not enough pairs
[M::mem_process_seqs] Processed 1224490 reads in 156.103 CPU sec, 13.233 real sec
[M::process] read 1224490 sequences (120000020 bp)...
[M::mem_pestat] # candidate unique pairs for (FF, FR, RF, RR): (1, 575181, 12, 2)
[M::mem_pestat] skip orientation FF as there are not enough pairs
[M::mem_pestat] analyzing insert size distribution for orientation FR...
[M::mem_pestat] (25, 50, 75) percentile: (153, 189, 237)
[M::mem_pestat] low and high boundaries for computing mean and std.dev: (1, 405)
[M::mem_pestat] mean and std.dev: (199.43, 60.53)
[M::mem_pestat] low and high boundaries for proper pairs: (1, 489)
[M::mem_pestat] analyzing insert size distribution for orientation RF...
[M::mem_pestat] (25, 50, 75) percentile: (115, 432, 980)
[M::mem_pestat] low and high boundaries for computing mean and std.dev: (1, 2710)
[M::mem_pestat] mean and std.dev: (495.45, 475.61)
[M::mem_pestat] low and high boundaries for proper pairs: (1, 3575)
[M::mem_pestat] skip orientation RR as there are not enough pairs
[M::mem_pestat] skip orientation RF
[M::mem_process_seqs] Processed 1224490 reads in 160.176 CPU sec, 13.573 real sec
[M::process] read 1224490 sequences (120000020 bp)...
[M::mem_pestat] # candidate unique pairs for (FF, FR, RF, RR): (0, 576826, 4, 1)
[M::mem_pestat] skip orientation FF as there are not enough pairs
[M::mem_pestat] analyzing insert size distribution for orientation FR...
[M::mem_pestat] (25, 50, 75) percentile: (152, 186, 232)
[M::mem_pestat] low and high boundaries for computing mean and std.dev: (1, 392)
[M::mem_pestat] mean and std.dev: (196.01, 58.45)
[M::mem_pestat] low and high boundaries for proper pairs: (1, 472)
[M::mem_pestat] skip orientation RF as there are not enough pairs
[M::mem_pestat] skip orientation RR as there are not enough pairs
[M::mem_process_seqs] Processed 1224490 reads in 160.046 CPU sec, 13.554 real sec
[M::process] read 1224490 sequences (120000020 bp)...
[M::mem_pestat] # candidate unique pairs for (FF, FR, RF, RR): (2, 573393, 5, 2)
[M::mem_pestat] skip orientation FF as there are not enough pairs
[M::mem_pestat] analyzing insert size distribution for orientation FR...
[M::mem_pestat] (25, 50, 75) percentile: (154, 191, 239)
[M::mem_pestat] low and high boundaries for computing mean and std.dev: (1, 409)
[M::mem_pestat] mean and std.dev: (201.14, 61.71)
[M::mem_pestat] low and high boundaries for proper pairs: (1, 494)
[M::mem_pestat] skip orientation RF as there are not enough pairs
[M::mem_pestat] skip orientation RR as there are not enough pairs
[M::mem_process_seqs] Processed 1224490 reads in 168.199 CPU sec, 14.247 real sec
[M::process] read 1224490 sequences (120000020 bp)...
[M::mem_pestat] # candidate unique pairs for (FF, FR, RF, RR): (2, 574118, 6, 1)
[M::mem_pestat] skip orientation FF as there are not enough pairs
[M::mem_pestat] analyzing insert size distribution for orientation FR...
[M::mem_pestat] (25, 50, 75) percentile: (153, 190, 237)
[M::mem_pestat] low and high boundaries for computing mean and std.dev: (1, 405)
[M::mem_pestat] mean and std.dev: (199.80, 60.86)
[M::mem_pestat] low and high boundaries for proper pairs: (1, 489)
[M::mem_pestat] skip orientation RF as there are not enough pairs
[M::mem_pestat] skip orientation RR as there are not enough pairs
[M::mem_process_seqs] Processed 1224490 reads in 166.187 CPU sec, 14.101 real sec
[M::process] read 1224490 sequences (120000020 bp)...
[M::mem_pestat] # candidate unique pairs for (FF, FR, RF, RR): (2, 575779, 10, 0)
[M::mem_pestat] skip orientation FF as there are not enough pairs
[M::mem_pestat] analyzing insert size distribution for orientation FR...
[M::mem_pestat] (25, 50, 75) percentile: (152, 187, 234)
[M::mem_pestat] low and high boundaries for computing mean and std.dev: (1, 398)
[M::mem_pestat] mean and std.dev: (196.90, 59.19)
[M::mem_pestat] low and high boundaries for proper pairs: (1, 480)
[M::mem_pestat] analyzing insert size distribution for orientation RF...
[M::mem_pestat] (25, 50, 75) percentile: (169, 334, 836)
[M::mem_pestat] low and high boundaries for computing mean and std.dev: (1, 2170)
[M::mem_pestat] mean and std.dev: (437.80, 315.38)
[M::mem_pestat] low and high boundaries for proper pairs: (1, 2837)
[M::mem_pestat] skip orientation RR as there are not enough pairs
[M::mem_pestat] skip orientation RF
[M::mem_process_seqs] Processed 1224490 reads in 164.013 CPU sec, 13.915 real sec
[M::process] read 1224490 sequences (120000020 bp)...
[M::mem_pestat] # candidate unique pairs for (FF, FR, RF, RR): (1, 573495, 5, 3)
[M::mem_pestat] skip orientation FF as there are not enough pairs
[M::mem_pestat] analyzing insert size distribution for orientation FR...
[M::mem_pestat] (25, 50, 75) percentile: (154, 191, 239)
[M::mem_pestat] low and high boundaries for computing mean and std.dev: (1, 409)
[M::mem_pestat] mean and std.dev: (201.02, 61.48)
[M::mem_pestat] low and high boundaries for proper pairs: (1, 494)
[M::mem_pestat] skip orientation RF as there are not enough pairs
[M::mem_pestat] skip orientation RR as there are not enough pairs
[M::mem_process_seqs] Processed 1224490 reads in 160.803 CPU sec, 13.651 real sec
[M::process] read 1224490 sequences (120000020 bp)...
[M::mem_pestat] # candidate unique pairs for (FF, FR, RF, RR): (0, 574234, 8, 1)
[M::mem_pestat] skip orientation FF as there are not enough pairs
[M::mem_pestat] analyzing insert size distribution for orientation FR...
[M::mem_pestat] (25, 50, 75) percentile: (153, 189, 237)
[M::mem_pestat] low and high boundaries for computing mean and std.dev: (1, 405)
[M::mem_pestat] mean and std.dev: (199.59, 60.68)
[M::mem_pestat] low and high boundaries for proper pairs: (1, 489)
[M::mem_pestat] skip orientation RF as there are not enough pairs
[M::mem_pestat] skip orientation RR as there are not enough pairs
[M::mem_process_seqs] Processed 1224490 reads in 161.706 CPU sec, 13.737 real sec
[M::process] read 1224490 sequences (120000020 bp)...
[M::mem_pestat] # candidate unique pairs for (FF, FR, RF, RR): (0, 576458, 3, 3)
[M::mem_pestat] skip orientation FF as there are not enough pairs
[M::mem_pestat] analyzing insert size distribution for orientation FR...
[M::mem_pestat] (25, 50, 75) percentile: (151, 186, 232)
[M::mem_pestat] low and high boundaries for computing mean and std.dev: (1, 394)
[M::mem_pestat] mean and std.dev: (195.75, 58.50)
[M::mem_pestat] low and high boundaries for proper pairs: (1, 475)
[M::mem_pestat] skip orientation RF as there are not enough pairs
[M::mem_pestat] skip orientation RR as there are not enough pairs
[M::mem_process_seqs] Processed 1224490 reads in 157.368 CPU sec, 13.337 real sec
[M::process] read 1224490 sequences (120000020 bp)...
[M::mem_pestat] # candidate unique pairs for (FF, FR, RF, RR): (2, 573010, 4, 0)
[M::mem_pestat] skip orientation FF as there are not enough pairs
[M::mem_pestat] analyzing insert size distribution for orientation FR...
[M::mem_pestat] (25, 50, 75) percentile: (155, 191, 240)
[M::mem_pestat] low and high boundaries for computing mean and std.dev: (1, 410)
[M::mem_pestat] mean and std.dev: (201.89, 61.94)
[M::mem_pestat] low and high boundaries for proper pairs: (1, 495)
[M::mem_pestat] skip orientation RF as there are not enough pairs
[M::mem_pestat] skip orientation RR as there are not enough pairs
[M::mem_process_seqs] Processed 1224490 reads in 162.097 CPU sec, 13.733 real sec
[M::process] read 1224490 sequences (120000020 bp)...
[M::mem_pestat] # candidate unique pairs for (FF, FR, RF, RR): (1, 574500, 5, 1)
[M::mem_pestat] skip orientation FF as there are not enough pairs
[M::mem_pestat] analyzing insert size distribution for orientation FR...
[M::mem_pestat] (25, 50, 75) percentile: (153, 189, 237)
[M::mem_pestat] low and high boundaries for computing mean and std.dev: (1, 405)
[M::mem_pestat] mean and std.dev: (199.61, 60.60)
[M::mem_pestat] low and high boundaries for proper pairs: (1, 489)
[M::mem_pestat] skip orientation RF as there are not enough pairs
[M::mem_pestat] skip orientation RR as there are not enough pairs
[M::mem_process_seqs] Processed 1224490 reads in 154.766 CPU sec, 13.118 real sec
[M::process] read 1224490 sequences (120000020 bp)...
[M::mem_pestat] # candidate unique pairs for (FF, FR, RF, RR): (2, 575713, 8, 0)
[M::mem_pestat] skip orientation FF as there are not enough pairs
[M::mem_pestat] analyzing insert size distribution for orientation FR...
[M::mem_pestat] (25, 50, 75) percentile: (152, 187, 234)
[M::mem_pestat] low and high boundaries for computing mean and std.dev: (1, 398)
[M::mem_pestat] mean and std.dev: (196.94, 59.21)
[M::mem_pestat] low and high boundaries for proper pairs: (1, 480)
[M::mem_pestat] skip orientation RF as there are not enough pairs
[M::mem_pestat] skip orientation RR as there are not enough pairs
[M::mem_process_seqs] Processed 1224490 reads in 162.191 CPU sec, 13.732 real sec
[M::process] read 1224490 sequences (120000020 bp)...
[M::mem_pestat] # candidate unique pairs for (FF, FR, RF, RR): (1, 573910, 4, 1)
[M::mem_pestat] skip orientation FF as there are not enough pairs
[M::mem_pestat] analyzing insert size distribution for orientation FR...
[M::mem_pestat] (25, 50, 75) percentile: (154, 190, 239)
[M::mem_pestat] low and high boundaries for computing mean and std.dev: (1, 409)
[M::mem_pestat] mean and std.dev: (200.79, 61.55)
[M::mem_pestat] low and high boundaries for proper pairs: (1, 494)
[M::mem_pestat] skip orientation RF as there are not enough pairs
[M::mem_pestat] skip orientation RR as there are not enough pairs
[M::mem_process_seqs] Processed 1224490 reads in 153.675 CPU sec, 13.010 real sec
[M::process] read 1224490 sequences (120000020 bp)...
[M::mem_pestat] # candidate unique pairs for (FF, FR, RF, RR): (1, 575807, 9, 1)
[M::mem_pestat] skip orientation FF as there are not enough pairs
[M::mem_pestat] analyzing insert size distribution for orientation FR...
[M::mem_pestat] (25, 50, 75) percentile: (152, 188, 235)
[M::mem_pestat] low and high boundaries for computing mean and std.dev: (1, 401)
[M::mem_pestat] mean and std.dev: (197.99, 59.80)
[M::mem_pestat] low and high boundaries for proper pairs: (1, 484)
[M::mem_pestat] skip orientation RF as there are not enough pairs
[M::mem_pestat] skip orientation RR as there are not enough pairs
[M::mem_process_seqs] Processed 1224490 reads in 153.244 CPU sec, 12.983 real sec
[M::process] read 1224490 sequences (120000020 bp)...
[M::mem_pestat] # candidate unique pairs for (FF, FR, RF, RR): (1, 576478, 5, 1)
[M::mem_pestat] skip orientation FF as there are not enough pairs
[M::mem_pestat] analyzing insert size distribution for orientation FR...
[M::mem_pestat] (25, 50, 75) percentile: (152, 186, 232)
[M::mem_pestat] low and high boundaries for computing mean and std.dev: (1, 392)
[M::mem_pestat] mean and std.dev: (195.82, 58.45)
[M::mem_pestat] low and high boundaries for proper pairs: (1, 472)
[M::mem_pestat] skip orientation RF as there are not enough pairs
[M::mem_pestat] skip orientation RR as there are not enough pairs
[M::mem_process_seqs] Processed 1224490 reads in 154.216 CPU sec, 13.026 real sec
[M::process] read 1224490 sequences (120000020 bp)...
[M::mem_pestat] # candidate unique pairs for (FF, FR, RF, RR): (4, 573825, 5, 0)
[M::mem_pestat] skip orientation FF as there are not enough pairs
[M::mem_pestat] analyzing insert size distribution for orientation FR...
[M::mem_pestat] (25, 50, 75) percentile: (154, 191, 239)
[M::mem_pestat] low and high boundaries for computing mean and std.dev: (1, 409)
[M::mem_pestat] mean and std.dev: (201.17, 61.61)
[M::mem_pestat] low and high boundaries for proper pairs: (1, 494)
[M::mem_pestat] skip orientation RF as there are not enough pairs
[M::mem_pestat] skip orientation RR as there are not enough pairs
[M::mem_process_seqs] Processed 1224490 reads in 168.372 CPU sec, 14.267 real sec
[M::process] read 1224490 sequences (120000020 bp)...
[M::mem_pestat] # candidate unique pairs for (FF, FR, RF, RR): (2, 575266, 4, 2)
[M::mem_pestat] skip orientation FF as there are not enough pairs
[M::mem_pestat] analyzing insert size distribution for orientation FR...
[M::mem_pestat] (25, 50, 75) percentile: (153, 188, 235)
[M::mem_pestat] low and high boundaries for computing mean and std.dev: (1, 399)
[M::mem_pestat] mean and std.dev: (198.05, 59.69)
[M::mem_pestat] low and high boundaries for proper pairs: (1, 481)
[M::mem_pestat] skip orientation RF as there are not enough pairs
[M::mem_pestat] skip orientation RR as there are not enough pairs
[M::mem_process_seqs] Processed 1224490 reads in 158.719 CPU sec, 13.435 real sec
[M::process] read 1224490 sequences (120000020 bp)...
[M::mem_pestat] # candidate unique pairs for (FF, FR, RF, RR): (1, 576493, 4, 2)
[M::mem_pestat] skip orientation FF as there are not enough pairs
[M::mem_pestat] analyzing insert size distribution for orientation FR...
[M::mem_pestat] (25, 50, 75) percentile: (151, 186, 232)
[M::mem_pestat] low and high boundaries for computing mean and std.dev: (1, 394)
[M::mem_pestat] mean and std.dev: (195.78, 58.60)
[M::mem_pestat] low and high boundaries for proper pairs: (1, 475)
[M::mem_pestat] skip orientation RF as there are not enough pairs
[M::mem_pestat] skip orientation RR as there are not enough pairs
[M::mem_process_seqs] Processed 1224490 reads in 165.799 CPU sec, 14.046 real sec
[M::process] read 1224490 sequences (120000020 bp)...
[M::mem_pestat] # candidate unique pairs for (FF, FR, RF, RR): (1, 573645, 2, 1)
[M::mem_pestat] skip orientation FF as there are not enough pairs
[M::mem_pestat] analyzing insert size distribution for orientation FR...
[M::mem_pestat] (25, 50, 75) percentile: (154, 191, 240)
[M::mem_pestat] low and high boundaries for computing mean and std.dev: (1, 412)
[M::mem_pestat] mean and std.dev: (201.44, 61.77)
[M::mem_pestat] low and high boundaries for proper pairs: (1, 498)
[M::mem_pestat] skip orientation RF as there are not enough pairs
[M::mem_pestat] skip orientation RR as there are not enough pairs
[M::mem_process_seqs] Processed 1224490 reads in 165.972 CPU sec, 14.087 real sec
[M::process] read 1224490 sequences (120000020 bp)...
[M::mem_pestat] # candidate unique pairs for (FF, FR, RF, RR): (0, 575058, 8, 2)
[M::mem_pestat] skip orientation FF as there are not enough pairs
[M::mem_pestat] analyzing insert size distribution for orientation FR...
[M::mem_pestat] (25, 50, 75) percentile: (153, 189, 236)
[M::mem_pestat] low and high boundaries for computing mean and std.dev: (1, 402)
[M::mem_pestat] mean and std.dev: (198.83, 60.01)
[M::mem_pestat] low and high boundaries for proper pairs: (1, 485)
[M::mem_pestat] skip orientation RF as there are not enough pairs
[M::mem_pestat] skip orientation RR as there are not enough pairs
[M::mem_process_seqs] Processed 1224490 reads in 158.983 CPU sec, 13.486 real sec
[M::process] read 1224490 sequences (120000020 bp)...
[M::mem_pestat] # candidate unique pairs for (FF, FR, RF, RR): (0, 577080, 5, 1)
[M::mem_pestat] skip orientation FF as there are not enough pairs
[M::mem_pestat] analyzing insert size distribution for orientation FR...
[M::mem_pestat] (25, 50, 75) percentile: (152, 186, 232)
[M::mem_pestat] low and high boundaries for computing mean and std.dev: (1, 392)
[M::mem_pestat] mean and std.dev: (195.65, 58.22)
[M::mem_pestat] low and high boundaries for proper pairs: (1, 472)
[M::mem_pestat] skip orientation RF as there are not enough pairs
[M::mem_pestat] skip orientation RR as there are not enough pairs
[M::mem_process_seqs] Processed 1224490 reads in 161.150 CPU sec, 13.656 real sec
[M::process] read 1224490 sequences (120000020 bp)...
[M::mem_pestat] # candidate unique pairs for (FF, FR, RF, RR): (3, 573123, 9, 2)
[M::mem_pestat] skip orientation FF as there are not enough pairs
[M::mem_pestat] analyzing insert size distribution for orientation FR...
[M::mem_pestat] (25, 50, 75) percentile: (154, 191, 240)
[M::mem_pestat] low and high boundaries for computing mean and std.dev: (1, 412)
[M::mem_pestat] mean and std.dev: (201.73, 62.02)
[M::mem_pestat] low and high boundaries for proper pairs: (1, 498)
[M::mem_pestat] skip orientation RF as there are not enough pairs
[M::mem_pestat] skip orientation RR as there are not enough pairs
[M::mem_process_seqs] Processed 1224490 reads in 156.574 CPU sec, 13.300 real sec
[M::process] read 1224490 sequences (120000020 bp)...
[M::mem_pestat] # candidate unique pairs for (FF, FR, RF, RR): (2, 574743, 6, 0)
[M::mem_pestat] skip orientation FF as there are not enough pairs
[M::mem_pestat] analyzing insert size distribution for orientation FR...
[M::mem_pestat] (25, 50, 75) percentile: (153, 188, 236)
[M::mem_pestat] low and high boundaries for computing mean and std.dev: (1, 402)
[M::mem_pestat] mean and std.dev: (198.68, 60.20)
[M::mem_pestat] low and high boundaries for proper pairs: (1, 485)
[M::mem_pestat] skip orientation RF as there are not enough pairs
[M::mem_pestat] skip orientation RR as there are not enough pairs
[M::mem_process_seqs] Processed 1224490 reads in 170.032 CPU sec, 14.379 real sec
[M::process] read 1224490 sequences (120000020 bp)...
[M::mem_pestat] # candidate unique pairs for (FF, FR, RF, RR): (1, 574914, 9, 3)
[M::mem_pestat] skip orientation FF as there are not enough pairs
[M::mem_pestat] analyzing insert size distribution for orientation FR...
[M::mem_pestat] (25, 50, 75) percentile: (152, 187, 234)
[M::mem_pestat] low and high boundaries for computing mean and std.dev: (1, 398)
[M::mem_pestat] mean and std.dev: (197.00, 59.45)
[M::mem_pestat] low and high boundaries for proper pairs: (1, 480)
[M::mem_pestat] skip orientation RF as there are not enough pairs
[M::mem_pestat] skip orientation RR as there are not enough pairs
[M::mem_process_seqs] Processed 1224490 reads in 173.112 CPU sec, 14.682 real sec
[M::process] read 1224490 sequences (120000020 bp)...
[M::mem_pestat] # candidate unique pairs for (FF, FR, RF, RR): (1, 573163, 4, 3)
[M::mem_pestat] skip orientation FF as there are not enough pairs
[M::mem_pestat] analyzing insert size distribution for orientation FR...
[M::mem_pestat] (25, 50, 75) percentile: (154, 191, 240)
[M::mem_pestat] low and high boundaries for computing mean and std.dev: (1, 412)
[M::mem_pestat] mean and std.dev: (201.58, 61.97)
[M::mem_pestat] low and high boundaries for proper pairs: (1, 498)
[M::mem_pestat] skip orientation RF as there are not enough pairs
[M::mem_pestat] skip orientation RR as there are not enough pairs
[M::mem_process_seqs] Processed 1224490 reads in 154.114 CPU sec, 13.067 real sec
[M::process] read 1224490 sequences (120000020 bp)...
[M::mem_pestat] # candidate unique pairs for (FF, FR, RF, RR): (1, 575136, 2, 1)
[M::mem_pestat] skip orientation FF as there are not enough pairs
[M::mem_pestat] analyzing insert size distribution for orientation FR...
[M::mem_pestat] (25, 50, 75) percentile: (153, 188, 236)
[M::mem_pestat] low and high boundaries for computing mean and std.dev: (1, 402)
[M::mem_pestat] mean and std.dev: (198.41, 60.17)
[M::mem_pestat] low and high boundaries for proper pairs: (1, 485)
[M::mem_pestat] skip orientation RF as there are not enough pairs
[M::mem_pestat] skip orientation RR as there are not enough pairs
[M::mem_process_seqs] Processed 1224490 reads in 157.268 CPU sec, 13.353 real sec
[M::process] read 1224490 sequences (120000020 bp)...
[M::mem_pestat] # candidate unique pairs for (FF, FR, RF, RR): (1, 575597, 5, 1)
[M::mem_pestat] skip orientation FF as there are not enough pairs
[M::mem_pestat] analyzing insert size distribution for orientation FR...
[M::mem_pestat] (25, 50, 75) percentile: (152, 187, 234)
[M::mem_pestat] low and high boundaries for computing mean and std.dev: (1, 398)
[M::mem_pestat] mean and std.dev: (197.24, 59.22)
[M::mem_pestat] low and high boundaries for proper pairs: (1, 480)
[M::mem_pestat] skip orientation RF as there are not enough pairs
[M::mem_pestat] skip orientation RR as there are not enough pairs
[M::mem_process_seqs] Processed 1224490 reads in 156.070 CPU sec, 13.226 real sec
[M::process] read 1224490 sequences (120000020 bp)...
[M::mem_pestat] # candidate unique pairs for (FF, FR, RF, RR): (0, 573178, 7, 0)
[M::mem_pestat] skip orientation FF as there are not enough pairs
[M::mem_pestat] analyzing insert size distribution for orientation FR...
[M::mem_pestat] (25, 50, 75) percentile: (154, 191, 240)
[M::mem_pestat] low and high boundaries for computing mean and std.dev: (1, 412)
[M::mem_pestat] mean and std.dev: (201.42, 61.72)
[M::mem_pestat] low and high boundaries for proper pairs: (1, 498)
[M::mem_pestat] skip orientation RF as there are not enough pairs
[M::mem_pestat] skip orientation RR as there are not enough pairs
[M::mem_process_seqs] Processed 1224490 reads in 170.438 CPU sec, 14.470 real sec
[M::process] read 1224490 sequences (120000020 bp)...
[M::mem_pestat] # candidate unique pairs for (FF, FR, RF, RR): (0, 574639, 8, 1)
[M::mem_pestat] skip orientation FF as there are not enough pairs
[M::mem_pestat] analyzing insert size distribution for orientation FR...
[M::mem_pestat] (25, 50, 75) percentile: (153, 189, 236)
[M::mem_pestat] low and high boundaries for computing mean and std.dev: (1, 402)
[M::mem_pestat] mean and std.dev: (198.84, 60.20)
[M::mem_pestat] low and high boundaries for proper pairs: (1, 485)
[M::mem_pestat] skip orientation RF as there are not enough pairs
[M::mem_pestat] skip orientation RR as there are not enough pairs
[M::mem_process_seqs] Processed 1224490 reads in 163.349 CPU sec, 13.857 real sec
[M::process] read 707306 sequences (69315988 bp)...
[M::mem_pestat] # candidate unique pairs for (FF, FR, RF, RR): (1, 324511, 7, 0)
[M::mem_pestat] skip orientation FF as there are not enough pairs
[M::mem_pestat] analyzing insert size distribution for orientation FR...
[M::mem_pestat] (25, 50, 75) percentile: (151, 186, 232)
[M::mem_pestat] low and high boundaries for computing mean and std.dev: (1, 394)
[M::mem_pestat] mean and std.dev: (195.72, 58.72)
[M::mem_pestat] low and high boundaries for proper pairs: (1, 475)
[M::mem_pestat] skip orientation RF as there are not enough pairs
[M::mem_pestat] skip orientation RR as there are not enough pairs
[M::mem_process_seqs] Processed 707306 reads in 113.502 CPU sec, 9.590 real sec
[main] Version: 0.7.17-r1188
[main] CMD: bwa mem -t 12 -R @RG\tID:HRR024703\tSM:HRR024703\tPL:ILLUMINA -o /mnt/d/APOE/working_analysis/HRR024703/HRR024703.sam /mnt/d/APOE/reference/human_g1k_v37.fasta /mnt/e/CGGA WESeq/HRR024703/HRR024703_f1.fq.gz /mnt/e/CGGA WESeq/HRR024703/HRR024703_r2.fq.gz
[main] Real time: 1216.946 sec; CPU: 5945.287 sec
[14:01:35] Step 2: SAM to BAM conversion...
[14:05:21] Step 3: Sorting BAM...
[bam_sort_core] merging from 12 files and 4 in-memory blocks...
[14:16:20] Step 4: Indexing...
[14:19:49] Step 5: Extracting APOE region...
[14:19:49] Step 6: Genotyping...
[14:19:52] ✓ SUCCESS: ε3/ε3 (Baseline (1.0x))
