[15:28:26] START: HRR024705
[15:28:26] Step 1: BWA alignment to SAM...
[M::bwa_idx_load_from_disk] read 0 ALT contigs
[M::process] read 1224490 sequences (120000020 bp)...
[M::mem_pestat] # candidate unique pairs for (FF, FR, RF, RR): (2, 532985, 6, 2)
[M::mem_pestat] skip orientation FF as there are not enough pairs
[M::mem_pestat] analyzing insert size distribution for orientation FR...
[M::mem_pestat] (25, 50, 75) percentile: (159, 202, 260)
[M::mem_pestat] low and high boundaries for computing mean and std.dev: (1, 462)
[M::mem_pestat] mean and std.dev: (214.73, 72.83)
[M::mem_pestat] low and high boundaries for proper pairs: (1, 563)
[M::mem_pestat] skip orientation RF as there are not enough pairs
[M::mem_pestat] skip orientation RR as there are not enough pairs
[M::mem_process_seqs] Processed 1224490 reads in 213.779 CPU sec, 18.151 real sec
[M::process] read 1224490 sequences (120000020 bp)...
[M::mem_pestat] # candidate unique pairs for (FF, FR, RF, RR): (0, 537652, 4, 1)
[M::mem_pestat] skip orientation FF as there are not enough pairs
[M::mem_pestat] analyzing insert size distribution for orientation FR...
[M::mem_pestat] (25, 50, 75) percentile: (157, 198, 254)
[M::mem_pestat] low and high boundaries for computing mean and std.dev: (1, 448)
[M::mem_pestat] mean and std.dev: (210.44, 70.36)
[M::mem_pestat] low and high boundaries for proper pairs: (1, 545)
[M::mem_pestat] skip orientation RF as there are not enough pairs
[M::mem_pestat] skip orientation RR as there are not enough pairs
[M::mem_process_seqs] Processed 1224490 reads in 207.999 CPU sec, 17.663 real sec
[M::process] read 1224490 sequences (120000020 bp)...
[M::mem_pestat] # candidate unique pairs for (FF, FR, RF, RR): (2, 534052, 6, 3)
[M::mem_pestat] skip orientation FF as there are not enough pairs
[M::mem_pestat] analyzing insert size distribution for orientation FR...
[M::mem_pestat] (25, 50, 75) percentile: (158, 202, 259)
[M::mem_pestat] low and high boundaries for computing mean and std.dev: (1, 461)
[M::mem_pestat] mean and std.dev: (213.85, 72.43)
[M::mem_pestat] low and high boundaries for proper pairs: (1, 562)
[M::mem_pestat] skip orientation RF as there are not enough pairs
[M::mem_pestat] skip orientation RR as there are not enough pairs
[M::mem_process_seqs] Processed 1224490 reads in 201.915 CPU sec, 17.128 real sec
[M::process] read 1224490 sequences (120000020 bp)...
[M::mem_pestat] # candidate unique pairs for (FF, FR, RF, RR): (0, 537480, 5, 1)
[M::mem_pestat] skip orientation FF as there are not enough pairs
[M::mem_pestat] analyzing insert size distribution for orientation FR...
[M::mem_pestat] (25, 50, 75) percentile: (157, 199, 255)
[M::mem_pestat] low and high boundaries for computing mean and std.dev: (1, 451)
[M::mem_pestat] mean and std.dev: (211.24, 70.86)
[M::mem_pestat] low and high boundaries for proper pairs: (1, 549)
[M::mem_pestat] skip orientation RF as there are not enough pairs
[M::mem_pestat] skip orientation RR as there are not enough pairs
[M::mem_process_seqs] Processed 1224490 reads in 236.585 CPU sec, 20.005 real sec
[M::process] read 1224490 sequences (120000020 bp)...
[M::mem_pestat] # candidate unique pairs for (FF, FR, RF, RR): (2, 535289, 10, 1)
[M::mem_pestat] skip orientation FF as there are not enough pairs
[M::mem_pestat] analyzing insert size distribution for orientation FR...
[M::mem_pestat] (25, 50, 75) percentile: (158, 201, 258)
[M::mem_pestat] low and high boundaries for computing mean and std.dev: (1, 458)
[M::mem_pestat] mean and std.dev: (213.28, 72.16)
[M::mem_pestat] low and high boundaries for proper pairs: (1, 558)
[M::mem_pestat] analyzing insert size distribution for orientation RF...
[M::mem_pestat] (25, 50, 75) percentile: (86, 246, 345)
[M::mem_pestat] low and high boundaries for computing mean and std.dev: (1, 863)
[M::mem_pestat] mean and std.dev: (265.44, 223.24)
[M::mem_pestat] low and high boundaries for proper pairs: (1, 1158)
[M::mem_pestat] skip orientation RR as there are not enough pairs
[M::mem_pestat] skip orientation RF
[M::mem_process_seqs] Processed 1224490 reads in 292.032 CPU sec, 24.741 real sec
[M::process] read 1224490 sequences (120000020 bp)...
[M::mem_pestat] # candidate unique pairs for (FF, FR, RF, RR): (1, 536121, 8, 2)
[M::mem_pestat] skip orientation FF as there are not enough pairs
[M::mem_pestat] analyzing insert size distribution for orientation FR...
[M::mem_pestat] (25, 50, 75) percentile: (157, 200, 256)
[M::mem_pestat] low and high boundaries for computing mean and std.dev: (1, 454)
[M::mem_pestat] mean and std.dev: (211.91, 71.24)
[M::mem_pestat] low and high boundaries for proper pairs: (1, 553)
[M::mem_pestat] skip orientation RF as there are not enough pairs
[M::mem_pestat] skip orientation RR as there are not enough pairs
[M::mem_process_seqs] Processed 1224490 reads in 437.072 CPU sec, 37.269 real sec
[M::process] read 1224490 sequences (120000020 bp)...
[M::mem_pestat] # candidate unique pairs for (FF, FR, RF, RR): (3, 535691, 9, 2)
[M::mem_pestat] skip orientation FF as there are not enough pairs
[M::mem_pestat] analyzing insert size distribution for orientation FR...
[M::mem_pestat] (25, 50, 75) percentile: (158, 200, 257)
[M::mem_pestat] low and high boundaries for computing mean and std.dev: (1, 455)
[M::mem_pestat] mean and std.dev: (212.57, 71.52)
[M::mem_pestat] low and high boundaries for proper pairs: (1, 554)
[M::mem_pestat] skip orientation RF as there are not enough pairs
[M::mem_pestat] skip orientation RR as there are not enough pairs
[M::mem_process_seqs] Processed 1224490 reads in 228.635 CPU sec, 19.578 real sec
[M::process] read 1224490 sequences (120000020 bp)...
[M::mem_pestat] # candidate unique pairs for (FF, FR, RF, RR): (1, 534537, 4, 2)
[M::mem_pestat] skip orientation FF as there are not enough pairs
[M::mem_pestat] analyzing insert size distribution for orientation FR...
[M::mem_pestat] (25, 50, 75) percentile: (158, 200, 257)
[M::mem_pestat] low and high boundaries for computing mean and std.dev: (1, 455)
[M::mem_pestat] mean and std.dev: (212.58, 71.67)
[M::mem_pestat] low and high boundaries for proper pairs: (1, 554)
[M::mem_pestat] skip orientation RF as there are not enough pairs
[M::mem_pestat] skip orientation RR as there are not enough pairs
[M::mem_process_seqs] Processed 1224490 reads in 212.921 CPU sec, 18.054 real sec
[M::process] read 1224490 sequences (120000020 bp)...
[M::mem_pestat] # candidate unique pairs for (FF, FR, RF, RR): (1, 536535, 7, 2)
[M::mem_pestat] skip orientation FF as there are not enough pairs
[M::mem_pestat] analyzing insert size distribution for orientation FR...
[M::mem_pestat] (25, 50, 75) percentile: (157, 200, 256)
[M::mem_pestat] low and high boundaries for computing mean and std.dev: (1, 454)
[M::mem_pestat] mean and std.dev: (211.68, 71.07)
[M::mem_pestat] low and high boundaries for proper pairs: (1, 553)
[M::mem_pestat] skip orientation RF as there are not enough pairs
[M::mem_pestat] skip orientation RR as there are not enough pairs
[M::mem_process_seqs] Processed 1224490 reads in 196.541 CPU sec, 16.705 real sec
[M::process] read 1224490 sequences (120000020 bp)...
[M::mem_pestat] # candidate unique pairs for (FF, FR, RF, RR): (2, 533443, 4, 2)
[M::mem_pestat] skip orientation FF as there are not enough pairs
[M::mem_pestat] analyzing insert size distribution for orientation FR...
[M::mem_pestat] (25, 50, 75) percentile: (158, 201, 258)
[M::mem_pestat] low and high boundaries for computing mean and std.dev: (1, 458)
[M::mem_pestat] mean and std.dev: (213.41, 72.12)
[M::mem_pestat] low and high boundaries for proper pairs: (1, 558)
[M::mem_pestat] skip orientation RF as there are not enough pairs
[M::mem_pestat] skip orientation RR as there are not enough pairs
[M::mem_process_seqs] Processed 1224490 reads in 203.629 CPU sec, 17.309 real sec
[M::process] read 1224490 sequences (120000020 bp)...
[M::mem_pestat] # candidate unique pairs for (FF, FR, RF, RR): (1, 537688, 4, 2)
[M::mem_pestat] skip orientation FF as there are not enough pairs
[M::mem_pestat] analyzing insert size distribution for orientation FR...
[M::mem_pestat] (25, 50, 75) percentile: (157, 199, 254)
[M::mem_pestat] low and high boundaries for computing mean and std.dev: (1, 448)
[M::mem_pestat] mean and std.dev: (210.58, 70.30)
[M::mem_pestat] low and high boundaries for proper pairs: (1, 545)
[M::mem_pestat] skip orientation RF as there are not enough pairs
[M::mem_pestat] skip orientation RR as there are not enough pairs
[M::mem_process_seqs] Processed 1224490 reads in 203.716 CPU sec, 17.340 real sec
[M::process] read 1224490 sequences (120000020 bp)...
[M::mem_pestat] # candidate unique pairs for (FF, FR, RF, RR): (3, 533108, 3, 1)
[M::mem_pestat] skip orientation FF as there are not enough pairs
[M::mem_pestat] analyzing insert size distribution for orientation FR...
[M::mem_pestat] (25, 50, 75) percentile: (159, 202, 260)
[M::mem_pestat] low and high boundaries for computing mean and std.dev: (1, 462)
[M::mem_pestat] mean and std.dev: (214.73, 72.94)
[M::mem_pestat] low and high boundaries for proper pairs: (1, 563)
[M::mem_pestat] skip orientation RF as there are not enough pairs
[M::mem_pestat] skip orientation RR as there are not enough pairs
[M::mem_process_seqs] Processed 1224490 reads in 194.030 CPU sec, 16.490 real sec
[M::process] read 1224490 sequences (120000020 bp)...
[M::mem_pestat] # candidate unique pairs for (FF, FR, RF, RR): (1, 538320, 7, 0)
[M::mem_pestat] skip orientation FF as there are not enough pairs
[M::mem_pestat] analyzing insert size distribution for orientation FR...
[M::mem_pestat] (25, 50, 75) percentile: (156, 198, 253)
[M::mem_pestat] low and high boundaries for computing mean and std.dev: (1, 447)
[M::mem_pestat] mean and std.dev: (210.04, 70.04)
[M::mem_pestat] low and high boundaries for proper pairs: (1, 544)
[M::mem_pestat] skip orientation RF as there are not enough pairs
[M::mem_pestat] skip orientation RR as there are not enough pairs
[M::mem_process_seqs] Processed 1224490 reads in 189.634 CPU sec, 16.117 real sec
[M::process] read 1224490 sequences (120000020 bp)...
[M::mem_pestat] # candidate unique pairs for (FF, FR, RF, RR): (3, 533969, 5, 1)
[M::mem_pestat] skip orientation FF as there are not enough pairs
[M::mem_pestat] analyzing insert size distribution for orientation FR...
[M::mem_pestat] (25, 50, 75) percentile: (158, 202, 259)
[M::mem_pestat] low and high boundaries for computing mean and std.dev: (1, 461)
[M::mem_pestat] mean and std.dev: (214.18, 72.64)
[M::mem_pestat] low and high boundaries for proper pairs: (1, 562)
[M::mem_pestat] skip orientation RF as there are not enough pairs
[M::mem_pestat] skip orientation RR as there are not enough pairs
[M::mem_process_seqs] Processed 1224490 reads in 196.297 CPU sec, 16.775 real sec
[M::process] read 1224490 sequences (120000020 bp)...
[M::mem_pestat] # candidate unique pairs for (FF, FR, RF, RR): (1, 537981, 3, 1)
[M::mem_pestat] skip orientation FF as there are not enough pairs
[M::mem_pestat] analyzing insert size distribution for orientation FR...
[M::mem_pestat] (25, 50, 75) percentile: (156, 198, 254)
[M::mem_pestat] low and high boundaries for computing mean and std.dev: (1, 450)
[M::mem_pestat] mean and std.dev: (210.45, 70.55)
[M::mem_pestat] low and high boundaries for proper pairs: (1, 548)
[M::mem_pestat] skip orientation RF as there are not enough pairs
[M::mem_pestat] skip orientation RR as there are not enough pairs
[M::mem_process_seqs] Processed 1224490 reads in 205.823 CPU sec, 17.510 real sec
[M::process] read 1224490 sequences (120000020 bp)...
[M::mem_pestat] # candidate unique pairs for (FF, FR, RF, RR): (0, 534028, 4, 2)
[M::mem_pestat] skip orientation FF as there are not enough pairs
[M::mem_pestat] analyzing insert size distribution for orientation FR...
[M::mem_pestat] (25, 50, 75) percentile: (158, 201, 259)
[M::mem_pestat] low and high boundaries for computing mean and std.dev: (1, 461)
[M::mem_pestat] mean and std.dev: (213.73, 72.29)
[M::mem_pestat] low and high boundaries for proper pairs: (1, 562)
[M::mem_pestat] skip orientation RF as there are not enough pairs
[M::mem_pestat] skip orientation RR as there are not enough pairs
[M::mem_process_seqs] Processed 1224490 reads in 198.841 CPU sec, 16.855 real sec
[M::process] read 1224490 sequences (120000020 bp)...
[M::mem_pestat] # candidate unique pairs for (FF, FR, RF, RR): (2, 537040, 5, 2)
[M::mem_pestat] skip orientation FF as there are not enough pairs
[M::mem_pestat] analyzing insert size distribution for orientation FR...
[M::mem_pestat] (25, 50, 75) percentile: (157, 199, 255)
[M::mem_pestat] low and high boundaries for computing mean and std.dev: (1, 451)
[M::mem_pestat] mean and std.dev: (211.27, 70.83)
[M::mem_pestat] low and high boundaries for proper pairs: (1, 549)
[M::mem_pestat] skip orientation RF as there are not enough pairs
[M::mem_pestat] skip orientation RR as there are not enough pairs
[M::mem_process_seqs] Processed 1224490 reads in 224.863 CPU sec, 20.096 real sec
[M::process] read 1224490 sequences (120000020 bp)...
[M::mem_pestat] # candidate unique pairs for (FF, FR, RF, RR): (1, 534777, 5, 3)
[M::mem_pestat] skip orientation FF as there are not enough pairs
[M::mem_pestat] analyzing insert size distribution for orientation FR...
[M::mem_pestat] (25, 50, 75) percentile: (158, 201, 258)
[M::mem_pestat] low and high boundaries for computing mean and std.dev: (1, 458)
[M::mem_pestat] mean and std.dev: (212.96, 71.94)
[M::mem_pestat] low and high boundaries for proper pairs: (1, 558)
[M::mem_pestat] skip orientation RF as there are not enough pairs
[M::mem_pestat] skip orientation RR as there are not enough pairs
[M::mem_process_seqs] Processed 1224490 reads in 215.896 CPU sec, 18.778 real sec
[M::process] read 1224490 sequences (120000020 bp)...
[M::mem_pestat] # candidate unique pairs for (FF, FR, RF, RR): (1, 536039, 8, 1)
[M::mem_pestat] skip orientation FF as there are not enough pairs
[M::mem_pestat] analyzing insert size distribution for orientation FR...
[M::mem_pestat] (25, 50, 75) percentile: (157, 200, 256)
[M::mem_pestat] low and high boundaries for computing mean and std.dev: (1, 454)
[M::mem_pestat] mean and std.dev: (211.89, 71.36)
[M::mem_pestat] low and high boundaries for proper pairs: (1, 553)
[M::mem_pestat] skip orientation RF as there are not enough pairs
[M::mem_pestat] skip orientation RR as there are not enough pairs
[M::mem_process_seqs] Processed 1224490 reads in 215.940 CPU sec, 18.375 real sec
[M::process] read 1224490 sequences (120000020 bp)...
[M::mem_pestat] # candidate unique pairs for (FF, FR, RF, RR): (2, 535477, 5, 0)
[M::mem_pestat] skip orientation FF as there are not enough pairs
[M::mem_pestat] analyzing insert size distribution for orientation FR...
[M::mem_pestat] (25, 50, 75) percentile: (158, 201, 257)
[M::mem_pestat] low and high boundaries for computing mean and std.dev: (1, 455)
[M::mem_pestat] mean and std.dev: (212.67, 71.55)
[M::mem_pestat] low and high boundaries for proper pairs: (1, 554)
[M::mem_pestat] skip orientation RF as there are not enough pairs
[M::mem_pestat] skip orientation RR as there are not enough pairs
[M::mem_process_seqs] Processed 1224490 reads in 202.575 CPU sec, 17.211 real sec
[M::process] read 1224490 sequences (120000020 bp)...
[M::mem_pestat] # candidate unique pairs for (FF, FR, RF, RR): (3, 534907, 5, 0)
[M::mem_pestat] skip orientation FF as there are not enough pairs
[M::mem_pestat] analyzing insert size distribution for orientation FR...
[M::mem_pestat] (25, 50, 75) percentile: (158, 200, 257)
[M::mem_pestat] low and high boundaries for computing mean and std.dev: (1, 455)
[M::mem_pestat] mean and std.dev: (212.34, 71.50)
[M::mem_pestat] low and high boundaries for proper pairs: (1, 554)
[M::mem_pestat] skip orientation RF as there are not enough pairs
[M::mem_pestat] skip orientation RR as there are not enough pairs
[M::mem_process_seqs] Processed 1224490 reads in 213.335 CPU sec, 18.093 real sec
[M::process] read 1224490 sequences (120000020 bp)...
[M::mem_pestat] # candidate unique pairs for (FF, FR, RF, RR): (1, 536185, 6, 1)
[M::mem_pestat] skip orientation FF as there are not enough pairs
[M::mem_pestat] analyzing insert size distribution for orientation FR...
[M::mem_pestat] (25, 50, 75) percentile: (157, 200, 256)
[M::mem_pestat] low and high boundaries for computing mean and std.dev: (1, 454)
[M::mem_pestat] mean and std.dev: (211.82, 71.12)
[M::mem_pestat] low and high boundaries for proper pairs: (1, 553)
[M::mem_pestat] skip orientation RF as there are not enough pairs
[M::mem_pestat] skip orientation RR as there are not enough pairs
[M::mem_process_seqs] Processed 1224490 reads in 222.630 CPU sec, 18.837 real sec
[M::process] read 1224490 sequences (120000020 bp)...
[M::mem_pestat] # candidate unique pairs for (FF, FR, RF, RR): (2, 534781, 6, 3)
[M::mem_pestat] skip orientation FF as there are not enough pairs
[M::mem_pestat] analyzing insert size distribution for orientation FR...
[M::mem_pestat] (25, 50, 75) percentile: (158, 201, 258)
[M::mem_pestat] low and high boundaries for computing mean and std.dev: (1, 458)
[M::mem_pestat] mean and std.dev: (213.28, 71.98)
[M::mem_pestat] low and high boundaries for proper pairs: (1, 558)
[M::mem_pestat] skip orientation RF as there are not enough pairs
[M::mem_pestat] skip orientation RR as there are not enough pairs
[M::mem_process_seqs] Processed 1224490 reads in 220.060 CPU sec, 18.694 real sec
[M::process] read 1224490 sequences (120000020 bp)...
[M::mem_pestat] # candidate unique pairs for (FF, FR, RF, RR): (1, 536980, 7, 1)
[M::mem_pestat] skip orientation FF as there are not enough pairs
[M::mem_pestat] analyzing insert size distribution for orientation FR...
[M::mem_pestat] (25, 50, 75) percentile: (157, 199, 255)
[M::mem_pestat] low and high boundaries for computing mean and std.dev: (1, 451)
[M::mem_pestat] mean and std.dev: (210.73, 70.64)
[M::mem_pestat] low and high boundaries for proper pairs: (1, 549)
[M::mem_pestat] skip orientation RF as there are not enough pairs
[M::mem_pestat] skip orientation RR as there are not enough pairs
[M::mem_process_seqs] Processed 1224490 reads in 207.690 CPU sec, 17.615 real sec
[M::process] read 1224490 sequences (120000020 bp)...
[M::mem_pestat] # candidate unique pairs for (FF, FR, RF, RR): (1, 533691, 4, 3)
[M::mem_pestat] skip orientation FF as there are not enough pairs
[M::mem_pestat] analyzing insert size distribution for orientation FR...
[M::mem_pestat] (25, 50, 75) percentile: (158, 201, 259)
[M::mem_pestat] low and high boundaries for computing mean and std.dev: (1, 461)
[M::mem_pestat] mean and std.dev: (213.89, 72.67)
[M::mem_pestat] low and high boundaries for proper pairs: (1, 562)
[M::mem_pestat] skip orientation RF as there are not enough pairs
[M::mem_pestat] skip orientation RR as there are not enough pairs
[M::mem_process_seqs] Processed 1224490 reads in 191.533 CPU sec, 16.239 real sec
[M::process] read 1224490 sequences (120000020 bp)...
[M::mem_pestat] # candidate unique pairs for (FF, FR, RF, RR): (1, 538770, 5, 1)
[M::mem_pestat] skip orientation FF as there are not enough pairs
[M::mem_pestat] analyzing insert size distribution for orientation FR...
[M::mem_pestat] (25, 50, 75) percentile: (156, 198, 254)
[M::mem_pestat] low and high boundaries for computing mean and std.dev: (1, 450)
[M::mem_pestat] mean and std.dev: (210.20, 70.45)
[M::mem_pestat] low and high boundaries for proper pairs: (1, 548)
[M::mem_pestat] skip orientation RF as there are not enough pairs
[M::mem_pestat] skip orientation RR as there are not enough pairs
[M::mem_process_seqs] Processed 1224490 reads in 199.053 CPU sec, 16.901 real sec
[M::process] read 1224490 sequences (120000020 bp)...
[M::mem_pestat] # candidate unique pairs for (FF, FR, RF, RR): (1, 533654, 8, 1)
[M::mem_pestat] skip orientation FF as there are not enough pairs
[M::mem_pestat] analyzing insert size distribution for orientation FR...
[M::mem_pestat] (25, 50, 75) percentile: (159, 202, 260)
[M::mem_pestat] low and high boundaries for computing mean and std.dev: (1, 462)
[M::mem_pestat] mean and std.dev: (214.63, 72.81)
[M::mem_pestat] low and high boundaries for proper pairs: (1, 563)
[M::mem_pestat] skip orientation RF as there are not enough pairs
[M::mem_pestat] skip orientation RR as there are not enough pairs
[M::mem_process_seqs] Processed 1224490 reads in 192.057 CPU sec, 16.272 real sec
[M::process] read 1224490 sequences (120000020 bp)...
[M::mem_pestat] # candidate unique pairs for (FF, FR, RF, RR): (2, 538691, 6, 0)
[M::mem_pestat] skip orientation FF as there are not enough pairs
[M::mem_pestat] analyzing insert size distribution for orientation FR...
[M::mem_pestat] (25, 50, 75) percentile: (157, 198, 253)
[M::mem_pestat] low and high boundaries for computing mean and std.dev: (1, 445)
[M::mem_pestat] mean and std.dev: (209.91, 69.75)
[M::mem_pestat] low and high boundaries for proper pairs: (1, 541)
[M::mem_pestat] skip orientation RF as there are not enough pairs
[M::mem_pestat] skip orientation RR as there are not enough pairs
[M::mem_process_seqs] Processed 1224490 reads in 195.701 CPU sec, 16.584 real sec
[M::process] read 1224490 sequences (120000020 bp)...
[M::mem_pestat] # candidate unique pairs for (FF, FR, RF, RR): (1, 532904, 5, 0)
[M::mem_pestat] skip orientation FF as there are not enough pairs
[M::mem_pestat] analyzing insert size distribution for orientation FR...
[M::mem_pestat] (25, 50, 75) percentile: (159, 202, 260)
[M::mem_pestat] low and high boundaries for computing mean and std.dev: (1, 462)
[M::mem_pestat] mean and std.dev: (214.55, 72.83)
[M::mem_pestat] low and high boundaries for proper pairs: (1, 563)
[M::mem_pestat] skip orientation RF as there are not enough pairs
[M::mem_pestat] skip orientation RR as there are not enough pairs
[M::mem_process_seqs] Processed 1224490 reads in 205.096 CPU sec, 17.404 real sec
[M::process] read 1224490 sequences (120000020 bp)...
[M::mem_pestat] # candidate unique pairs for (FF, FR, RF, RR): (1, 537709, 6, 1)
[M::mem_pestat] skip orientation FF as there are not enough pairs
[M::mem_pestat] analyzing insert size distribution for orientation FR...
[M::mem_pestat] (25, 50, 75) percentile: (157, 199, 255)
[M::mem_pestat] low and high boundaries for computing mean and std.dev: (1, 451)
[M::mem_pestat] mean and std.dev: (210.88, 70.66)
[M::mem_pestat] low and high boundaries for proper pairs: (1, 549)
[M::mem_pestat] skip orientation RF as there are not enough pairs
[M::mem_pestat] skip orientation RR as there are not enough pairs
[M::mem_process_seqs] Processed 1224490 reads in 201.408 CPU sec, 17.113 real sec
[M::process] read 1224490 sequences (120000020 bp)...
[M::mem_pestat] # candidate unique pairs for (FF, FR, RF, RR): (2, 534085, 8, 0)
[M::mem_pestat] skip orientation FF as there are not enough pairs
[M::mem_pestat] analyzing insert size distribution for orientation FR...
[M::mem_pestat] (25, 50, 75) percentile: (158, 202, 259)
[M::mem_pestat] low and high boundaries for computing mean and std.dev: (1, 461)
[M::mem_pestat] mean and std.dev: (213.98, 72.56)
[M::mem_pestat] low and high boundaries for proper pairs: (1, 562)
[M::mem_pestat] skip orientation RF as there are not enough pairs
[M::mem_pestat] skip orientation RR as there are not enough pairs
[M::mem_process_seqs] Processed 1224490 reads in 196.554 CPU sec, 16.689 real sec
[M::process] read 1224490 sequences (120000020 bp)...
[M::mem_pestat] # candidate unique pairs for (FF, FR, RF, RR): (3, 536320, 2, 0)
[M::mem_pestat] skip orientation FF as there are not enough pairs
[M::mem_pestat] analyzing insert size distribution for orientation FR...
[M::mem_pestat] (25, 50, 75) percentile: (157, 199, 256)
[M::mem_pestat] low and high boundaries for computing mean and std.dev: (1, 454)
[M::mem_pestat] mean and std.dev: (211.62, 71.15)
[M::mem_pestat] low and high boundaries for proper pairs: (1, 553)
[M::mem_pestat] skip orientation RF as there are not enough pairs
[M::mem_pestat] skip orientation RR as there are not enough pairs
[M::mem_process_seqs] Processed 1224490 reads in 195.143 CPU sec, 16.596 real sec
[M::process] read 1224490 sequences (120000020 bp)...
[M::mem_pestat] # candidate unique pairs for (FF, FR, RF, RR): (1, 534433, 8, 1)
[M::mem_pestat] skip orientation FF as there are not enough pairs
[M::mem_pestat] analyzing insert size distribution for orientation FR...
[M::mem_pestat] (25, 50, 75) percentile: (158, 201, 258)
[M::mem_pestat] low and high boundaries for computing mean and std.dev: (1, 458)
[M::mem_pestat] mean and std.dev: (213.06, 71.81)
[M::mem_pestat] low and high boundaries for proper pairs: (1, 558)
[M::mem_pestat] skip orientation RF as there are not enough pairs
[M::mem_pestat] skip orientation RR as there are not enough pairs
[M::mem_process_seqs] Processed 1224490 reads in 205.873 CPU sec, 17.478 real sec
[M::process] read 1224490 sequences (120000020 bp)...
[M::mem_pestat] # candidate unique pairs for (FF, FR, RF, RR): (0, 535522, 7, 2)
[M::mem_pestat] skip orientation FF as there are not enough pairs
[M::mem_pestat] analyzing insert size distribution for orientation FR...
[M::mem_pestat] (25, 50, 75) percentile: (158, 201, 257)
[M::mem_pestat] low and high boundaries for computing mean and std.dev: (1, 455)
[M::mem_pestat] mean and std.dev: (212.57, 71.35)
[M::mem_pestat] low and high boundaries for proper pairs: (1, 554)
[M::mem_pestat] skip orientation RF as there are not enough pairs
[M::mem_pestat] skip orientation RR as there are not enough pairs
[M::mem_process_seqs] Processed 1224490 reads in 212.885 CPU sec, 18.064 real sec
[M::process] read 1224490 sequences (120000020 bp)...
[M::mem_pestat] # candidate unique pairs for (FF, FR, RF, RR): (0, 532484, 7, 1)
[M::mem_pestat] skip orientation FF as there are not enough pairs
[M::mem_pestat] analyzing insert size distribution for orientation FR...
[M::mem_pestat] (25, 50, 75) percentile: (160, 203, 261)
[M::mem_pestat] low and high boundaries for computing mean and std.dev: (1, 463)
[M::mem_pestat] mean and std.dev: (215.67, 72.92)
[M::mem_pestat] low and high boundaries for proper pairs: (1, 564)
[M::mem_pestat] skip orientation RF as there are not enough pairs
[M::mem_pestat] skip orientation RR as there are not enough pairs
[M::mem_process_seqs] Processed 1224490 reads in 206.529 CPU sec, 17.500 real sec
[M::process] read 1224490 sequences (120000020 bp)...
[M::mem_pestat] # candidate unique pairs for (FF, FR, RF, RR): (2, 535386, 1, 2)
[M::mem_pestat] skip orientation FF as there are not enough pairs
[M::mem_pestat] analyzing insert size distribution for orientation FR...
[M::mem_pestat] (25, 50, 75) percentile: (159, 201, 257)
[M::mem_pestat] low and high boundaries for computing mean and std.dev: (1, 453)
[M::mem_pestat] mean and std.dev: (212.91, 71.14)
[M::mem_pestat] low and high boundaries for proper pairs: (1, 551)
[M::mem_pestat] skip orientation RF as there are not enough pairs
[M::mem_pestat] skip orientation RR as there are not enough pairs
[M::mem_process_seqs] Processed 1224490 reads in 193.280 CPU sec, 16.377 real sec
[M::process] read 1224490 sequences (120000020 bp)...
[M::mem_pestat] # candidate unique pairs for (FF, FR, RF, RR): (5, 530836, 1, 2)
[M::mem_pestat] skip orientation FF as there are not enough pairs
[M::mem_pestat] analyzing insert size distribution for orientation FR...
[M::mem_pestat] (25, 50, 75) percentile: (160, 205, 263)
[M::mem_pestat] low and high boundaries for computing mean and std.dev: (1, 469)
[M::mem_pestat] mean and std.dev: (217.06, 73.83)
[M::mem_pestat] low and high boundaries for proper pairs: (1, 572)
[M::mem_pestat] skip orientation RF as there are not enough pairs
[M::mem_pestat] skip orientation RR as there are not enough pairs
[M::mem_process_seqs] Processed 1224490 reads in 204.764 CPU sec, 17.362 real sec
[M::process] read 1224490 sequences (120000020 bp)...
[M::mem_pestat] # candidate unique pairs for (FF, FR, RF, RR): (2, 534584, 3, 1)
[M::mem_pestat] skip orientation FF as there are not enough pairs
[M::mem_pestat] analyzing insert size distribution for orientation FR...
[M::mem_pestat] (25, 50, 75) percentile: (159, 202, 259)
[M::mem_pestat] low and high boundaries for computing mean and std.dev: (1, 459)
[M::mem_pestat] mean and std.dev: (214.28, 72.30)
[M::mem_pestat] low and high boundaries for proper pairs: (1, 559)
[M::mem_pestat] skip orientation RF as there are not enough pairs
[M::mem_pestat] skip orientation RR as there are not enough pairs
[M::mem_process_seqs] Processed 1224490 reads in 201.912 CPU sec, 17.130 real sec
[M::process] read 1224490 sequences (120000020 bp)...
[M::mem_pestat] # candidate unique pairs for (FF, FR, RF, RR): (0, 533009, 3, 0)
[M::mem_pestat] skip orientation FF as there are not enough pairs
[M::mem_pestat] analyzing insert size distribution for orientation FR...
[M::mem_pestat] (25, 50, 75) percentile: (160, 203, 261)
[M::mem_pestat] low and high boundaries for computing mean and std.dev: (1, 463)
[M::mem_pestat] mean and std.dev: (215.38, 72.85)
[M::mem_pestat] low and high boundaries for proper pairs: (1, 564)
[M::mem_pestat] skip orientation RF as there are not enough pairs
[M::mem_pestat] skip orientation RR as there are not enough pairs
[M::mem_process_seqs] Processed 1224490 reads in 207.226 CPU sec, 17.547 real sec
[M::process] read 1224490 sequences (120000020 bp)...
[M::mem_pestat] # candidate unique pairs for (FF, FR, RF, RR): (1, 532709, 2, 1)
[M::mem_pestat] skip orientation FF as there are not enough pairs
[M::mem_pestat] analyzing insert size distribution for orientation FR...
[M::mem_pestat] (25, 50, 75) percentile: (160, 203, 261)
[M::mem_pestat] low and high boundaries for computing mean and std.dev: (1, 463)
[M::mem_pestat] mean and std.dev: (215.45, 72.68)
[M::mem_pestat] low and high boundaries for proper pairs: (1, 564)
[M::mem_pestat] skip orientation RF as there are not enough pairs
[M::mem_pestat] skip orientation RR as there are not enough pairs
[M::mem_process_seqs] Processed 1224490 reads in 203.862 CPU sec, 17.273 real sec
[M::process] read 1224490 sequences (120000020 bp)...
[M::mem_pestat] # candidate unique pairs for (FF, FR, RF, RR): (2, 536312, 8, 2)
[M::mem_pestat] skip orientation FF as there are not enough pairs
[M::mem_pestat] analyzing insert size distribution for orientation FR...
[M::mem_pestat] (25, 50, 75) percentile: (159, 201, 257)
[M::mem_pestat] low and high boundaries for computing mean and std.dev: (1, 453)
[M::mem_pestat] mean and std.dev: (213.08, 71.07)
[M::mem_pestat] low and high boundaries for proper pairs: (1, 551)
[M::mem_pestat] skip orientation RF as there are not enough pairs
[M::mem_pestat] skip orientation RR as there are not enough pairs
[M::mem_process_seqs] Processed 1224490 reads in 202.328 CPU sec, 17.151 real sec
[M::process] read 1224490 sequences (120000020 bp)...
[M::mem_pestat] # candidate unique pairs for (FF, FR, RF, RR): (2, 531317, 7, 1)
[M::mem_pestat] skip orientation FF as there are not enough pairs
[M::mem_pestat] analyzing insert size distribution for orientation FR...
[M::mem_pestat] (25, 50, 75) percentile: (160, 204, 262)
[M::mem_pestat] low and high boundaries for computing mean and std.dev: (1, 466)
[M::mem_pestat] mean and std.dev: (216.70, 73.40)
[M::mem_pestat] low and high boundaries for proper pairs: (1, 568)
[M::mem_pestat] skip orientation RF as there are not enough pairs
[M::mem_pestat] skip orientation RR as there are not enough pairs
[M::mem_process_seqs] Processed 1224490 reads in 224.780 CPU sec, 19.075 real sec
[M::process] read 1224490 sequences (120000020 bp)...
[M::mem_pestat] # candidate unique pairs for (FF, FR, RF, RR): (2, 534189, 6, 2)
[M::mem_pestat] skip orientation FF as there are not enough pairs
[M::mem_pestat] analyzing insert size distribution for orientation FR...
[M::mem_pestat] (25, 50, 75) percentile: (159, 202, 259)
[M::mem_pestat] low and high boundaries for computing mean and std.dev: (1, 459)
[M::mem_pestat] mean and std.dev: (214.42, 71.96)
[M::mem_pestat] low and high boundaries for proper pairs: (1, 559)
[M::mem_pestat] skip orientation RF as there are not enough pairs
[M::mem_pestat] skip orientation RR as there are not enough pairs
[M::mem_process_seqs] Processed 1224490 reads in 203.824 CPU sec, 17.256 real sec
[M::process] read 1224490 sequences (120000020 bp)...
[M::mem_pestat] # candidate unique pairs for (FF, FR, RF, RR): (2, 532199, 1, 1)
[M::mem_pestat] skip orientation FF as there are not enough pairs
[M::mem_pestat] analyzing insert size distribution for orientation FR...
[M::mem_pestat] (25, 50, 75) percentile: (160, 203, 261)
[M::mem_pestat] low and high boundaries for computing mean and std.dev: (1, 463)
[M::mem_pestat] mean and std.dev: (215.55, 72.83)
[M::mem_pestat] low and high boundaries for proper pairs: (1, 564)
[M::mem_pestat] skip orientation RF as there are not enough pairs
[M::mem_pestat] skip orientation RR as there are not enough pairs
[M::mem_process_seqs] Processed 1224490 reads in 208.762 CPU sec, 17.688 real sec
[M::process] read 1224490 sequences (120000020 bp)...
[M::mem_pestat] # candidate unique pairs for (FF, FR, RF, RR): (5, 533003, 7, 1)
[M::mem_pestat] skip orientation FF as there are not enough pairs
[M::mem_pestat] analyzing insert size distribution for orientation FR...
[M::mem_pestat] (25, 50, 75) percentile: (160, 203, 261)
[M::mem_pestat] low and high boundaries for computing mean and std.dev: (1, 463)
[M::mem_pestat] mean and std.dev: (215.43, 72.81)
[M::mem_pestat] low and high boundaries for proper pairs: (1, 564)
[M::mem_pestat] skip orientation RF as there are not enough pairs
[M::mem_pestat] skip orientation RR as there are not enough pairs
[M::mem_process_seqs] Processed 1224490 reads in 202.179 CPU sec, 17.168 real sec
[M::process] read 1224490 sequences (120000020 bp)...
[M::mem_pestat] # candidate unique pairs for (FF, FR, RF, RR): (0, 534276, 7, 0)
[M::mem_pestat] skip orientation FF as there are not enough pairs
[M::mem_pestat] analyzing insert size distribution for orientation FR...
[M::mem_pestat] (25, 50, 75) percentile: (159, 202, 259)
[M::mem_pestat] low and high boundaries for computing mean and std.dev: (1, 459)
[M::mem_pestat] mean and std.dev: (214.15, 71.94)
[M::mem_pestat] low and high boundaries for proper pairs: (1, 559)
[M::mem_pestat] skip orientation RF as there are not enough pairs
[M::mem_pestat] skip orientation RR as there are not enough pairs
[M::mem_process_seqs] Processed 1224490 reads in 201.159 CPU sec, 17.038 real sec
[M::process] read 1224490 sequences (120000020 bp)...
[M::mem_pestat] # candidate unique pairs for (FF, FR, RF, RR): (2, 531901, 6, 1)
[M::mem_pestat] skip orientation FF as there are not enough pairs
[M::mem_pestat] analyzing insert size distribution for orientation FR...
[M::mem_pestat] (25, 50, 75) percentile: (160, 204, 262)
[M::mem_pestat] low and high boundaries for computing mean and std.dev: (1, 466)
[M::mem_pestat] mean and std.dev: (216.13, 73.24)
[M::mem_pestat] low and high boundaries for proper pairs: (1, 568)
[M::mem_pestat] skip orientation RF as there are not enough pairs
[M::mem_pestat] skip orientation RR as there are not enough pairs
[M::mem_process_seqs] Processed 1224490 reads in 195.525 CPU sec, 16.573 real sec
[M::process] read 1224490 sequences (120000020 bp)...
[M::mem_pestat] # candidate unique pairs for (FF, FR, RF, RR): (3, 535986, 4, 2)
[M::mem_pestat] skip orientation FF as there are not enough pairs
[M::mem_pestat] analyzing insert size distribution for orientation FR...
[M::mem_pestat] (25, 50, 75) percentile: (159, 202, 258)
[M::mem_pestat] low and high boundaries for computing mean and std.dev: (1, 456)
[M::mem_pestat] mean and std.dev: (213.82, 71.44)
[M::mem_pestat] low and high boundaries for proper pairs: (1, 555)
[M::mem_pestat] skip orientation RF as there are not enough pairs
[M::mem_pestat] skip orientation RR as there are not enough pairs
[M::mem_process_seqs] Processed 1224490 reads in 210.462 CPU sec, 17.857 real sec
[M::process] read 239540 sequences (23474920 bp)...
[M::mem_pestat] # candidate unique pairs for (FF, FR, RF, RR): (0, 105432, 1, 0)
[M::mem_pestat] skip orientation FF as there are not enough pairs
[M::mem_pestat] analyzing insert size distribution for orientation FR...
[M::mem_pestat] (25, 50, 75) percentile: (158, 200, 255)
[M::mem_pestat] low and high boundaries for computing mean and std.dev: (1, 449)
[M::mem_pestat] mean and std.dev: (211.36, 69.70)
[M::mem_pestat] low and high boundaries for proper pairs: (1, 546)
[M::mem_pestat] skip orientation RF as there are not enough pairs
[M::mem_pestat] skip orientation RR as there are not enough pairs
[M::mem_process_seqs] Processed 239540 reads in 40.727 CPU sec, 3.467 real sec
[main] Version: 0.7.17-r1188
[main] CMD: bwa mem -t 12 -R @RG\tID:HRR024705\tSM:HRR024705\tPL:ILLUMINA -o /mnt/d/APOE/working_analysis/HRR024705/HRR024705.sam /mnt/d/APOE/reference/human_g1k_v37.fasta /mnt/e/CGGA WESeq/HRR024705/HRR024705_f1.fq.gz /mnt/e/CGGA WESeq/HRR024705/HRR024705_r2.fq.gz
[main] Real time: 1814.596 sec; CPU: 10413.142 sec
[15:58:41] Step 2: SAM to BAM conversion...
[16:04:39] Step 3: Sorting BAM...
[bam_sort_core] merging from 16 files and 4 in-memory blocks...
[16:20:09] Step 4: Indexing...
[16:25:15] Step 5: Extracting APOE region...
[16:25:15] Step 6: Genotyping...
[16:25:18] ✓ SUCCESS: ε3/ε3 (Baseline (1.0x))
