[08:13:23] START: HRR024696
[08:13:23] Step 1: BWA alignment to SAM...
[M::bwa_idx_load_from_disk] read 0 ALT contigs
[M::process] read 1224490 sequences (120000020 bp)...
[M::mem_pestat] # candidate unique pairs for (FF, FR, RF, RR): (1, 551695, 6, 2)
[M::mem_pestat] skip orientation FF as there are not enough pairs
[M::mem_pestat] analyzing insert size distribution for orientation FR...
[M::mem_pestat] (25, 50, 75) percentile: (157, 201, 258)
[M::mem_pestat] low and high boundaries for computing mean and std.dev: (1, 460)
[M::mem_pestat] mean and std.dev: (212.84, 73.27)
[M::mem_pestat] low and high boundaries for proper pairs: (1, 561)
[M::mem_pestat] skip orientation RF as there are not enough pairs
[M::mem_pestat] skip orientation RR as there are not enough pairs
[M::mem_process_seqs] Processed 1224490 reads in 250.436 CPU sec, 21.264 real sec
[M::process] read 1224490 sequences (120000020 bp)...
[M::mem_pestat] # candidate unique pairs for (FF, FR, RF, RR): (1, 553469, 4, 1)
[M::mem_pestat] skip orientation FF as there are not enough pairs
[M::mem_pestat] analyzing insert size distribution for orientation FR...
[M::mem_pestat] (25, 50, 75) percentile: (155, 197, 253)
[M::mem_pestat] low and high boundaries for computing mean and std.dev: (1, 449)
[M::mem_pestat] mean and std.dev: (208.96, 70.96)
[M::mem_pestat] low and high boundaries for proper pairs: (1, 547)
[M::mem_pestat] skip orientation RF as there are not enough pairs
[M::mem_pestat] skip orientation RR as there are not enough pairs
[M::mem_process_seqs] Processed 1224490 reads in 178.521 CPU sec, 15.233 real sec
[M::process] read 1224490 sequences (120000020 bp)...
[M::mem_pestat] # candidate unique pairs for (FF, FR, RF, RR): (1, 551833, 7, 1)
[M::mem_pestat] skip orientation FF as there are not enough pairs
[M::mem_pestat] analyzing insert size distribution for orientation FR...
[M::mem_pestat] (25, 50, 75) percentile: (156, 200, 257)
[M::mem_pestat] low and high boundaries for computing mean and std.dev: (1, 459)
[M::mem_pestat] mean and std.dev: (212.15, 72.86)
[M::mem_pestat] low and high boundaries for proper pairs: (1, 560)
[M::mem_pestat] skip orientation RF as there are not enough pairs
[M::mem_pestat] skip orientation RR as there are not enough pairs
[M::mem_process_seqs] Processed 1224490 reads in 168.596 CPU sec, 14.285 real sec
[M::process] read 1224490 sequences (120000020 bp)...
[M::mem_pestat] # candidate unique pairs for (FF, FR, RF, RR): (2, 553762, 10, 4)
[M::mem_pestat] skip orientation FF as there are not enough pairs
[M::mem_pestat] analyzing insert size distribution for orientation FR...
[M::mem_pestat] (25, 50, 75) percentile: (155, 197, 254)
[M::mem_pestat] low and high boundaries for computing mean and std.dev: (1, 452)
[M::mem_pestat] mean and std.dev: (209.55, 71.37)
[M::mem_pestat] low and high boundaries for proper pairs: (1, 551)
[M::mem_pestat] analyzing insert size distribution for orientation RF...
[M::mem_pestat] (25, 50, 75) percentile: (106, 314, 824)
[M::mem_pestat] low and high boundaries for computing mean and std.dev: (1, 2260)
[M::mem_pestat] mean and std.dev: (325.11, 291.28)
[M::mem_pestat] low and high boundaries for proper pairs: (1, 2978)
[M::mem_pestat] skip orientation RR as there are not enough pairs
[M::mem_pestat] skip orientation RF
[M::mem_process_seqs] Processed 1224490 reads in 163.903 CPU sec, 13.903 real sec
[M::process] read 1224490 sequences (120000020 bp)...
[M::mem_pestat] # candidate unique pairs for (FF, FR, RF, RR): (2, 552443, 5, 0)
[M::mem_pestat] skip orientation FF as there are not enough pairs
[M::mem_pestat] analyzing insert size distribution for orientation FR...
[M::mem_pestat] (25, 50, 75) percentile: (156, 200, 257)
[M::mem_pestat] low and high boundaries for computing mean and std.dev: (1, 459)
[M::mem_pestat] mean and std.dev: (212.12, 72.71)
[M::mem_pestat] low and high boundaries for proper pairs: (1, 560)
[M::mem_pestat] skip orientation RF as there are not enough pairs
[M::mem_pestat] skip orientation RR as there are not enough pairs
[M::mem_process_seqs] Processed 1224490 reads in 231.682 CPU sec, 19.555 real sec
[M::process] read 1224490 sequences (120000020 bp)...
[M::mem_pestat] # candidate unique pairs for (FF, FR, RF, RR): (3, 553308, 6, 2)
[M::mem_pestat] skip orientation FF as there are not enough pairs
[M::mem_pestat] analyzing insert size distribution for orientation FR...
[M::mem_pestat] (25, 50, 75) percentile: (155, 198, 254)
[M::mem_pestat] low and high boundaries for computing mean and std.dev: (1, 452)
[M::mem_pestat] mean and std.dev: (209.73, 71.35)
[M::mem_pestat] low and high boundaries for proper pairs: (1, 551)
[M::mem_pestat] skip orientation RF as there are not enough pairs
[M::mem_pestat] skip orientation RR as there are not enough pairs
[M::mem_process_seqs] Processed 1224490 reads in 251.780 CPU sec, 21.282 real sec
[M::process] read 1224490 sequences (120000020 bp)...
[M::mem_pestat] # candidate unique pairs for (FF, FR, RF, RR): (5, 551270, 6, 3)
[M::mem_pestat] skip orientation FF as there are not enough pairs
[M::mem_pestat] analyzing insert size distribution for orientation FR...
[M::mem_pestat] (25, 50, 75) percentile: (156, 200, 257)
[M::mem_pestat] low and high boundaries for computing mean and std.dev: (1, 459)
[M::mem_pestat] mean and std.dev: (212.02, 72.75)
[M::mem_pestat] low and high boundaries for proper pairs: (1, 560)
[M::mem_pestat] skip orientation RF as there are not enough pairs
[M::mem_pestat] skip orientation RR as there are not enough pairs
[M::mem_process_seqs] Processed 1224490 reads in 189.329 CPU sec, 16.064 real sec
[M::process] read 1224490 sequences (120000020 bp)...
[M::mem_pestat] # candidate unique pairs for (FF, FR, RF, RR): (3, 552546, 6, 0)
[M::mem_pestat] skip orientation FF as there are not enough pairs
[M::mem_pestat] analyzing insert size distribution for orientation FR...
[M::mem_pestat] (25, 50, 75) percentile: (156, 198, 254)
[M::mem_pestat] low and high boundaries for computing mean and std.dev: (1, 450)
[M::mem_pestat] mean and std.dev: (210.06, 71.22)
[M::mem_pestat] low and high boundaries for proper pairs: (1, 548)
[M::mem_pestat] skip orientation RF as there are not enough pairs
[M::mem_pestat] skip orientation RR as there are not enough pairs
[M::mem_process_seqs] Processed 1224490 reads in 185.870 CPU sec, 15.783 real sec
[M::process] read 1224490 sequences (120000020 bp)...
[M::mem_pestat] # candidate unique pairs for (FF, FR, RF, RR): (1, 551443, 7, 1)
[M::mem_pestat] skip orientation FF as there are not enough pairs
[M::mem_pestat] analyzing insert size distribution for orientation FR...
[M::mem_pestat] (25, 50, 75) percentile: (156, 199, 257)
[M::mem_pestat] low and high boundaries for computing mean and std.dev: (1, 459)
[M::mem_pestat] mean and std.dev: (211.77, 72.73)
[M::mem_pestat] low and high boundaries for proper pairs: (1, 560)
[M::mem_pestat] skip orientation RF as there are not enough pairs
[M::mem_pestat] skip orientation RR as there are not enough pairs
[M::mem_process_seqs] Processed 1224490 reads in 170.628 CPU sec, 14.520 real sec
[M::process] read 1224490 sequences (120000020 bp)...
[M::mem_pestat] # candidate unique pairs for (FF, FR, RF, RR): (2, 552748, 2, 3)
[M::mem_pestat] skip orientation FF as there are not enough pairs
[M::mem_pestat] analyzing insert size distribution for orientation FR...
[M::mem_pestat] (25, 50, 75) percentile: (155, 198, 254)
[M::mem_pestat] low and high boundaries for computing mean and std.dev: (1, 452)
[M::mem_pestat] mean and std.dev: (210.00, 71.42)
[M::mem_pestat] low and high boundaries for proper pairs: (1, 551)
[M::mem_pestat] skip orientation RF as there are not enough pairs
[M::mem_pestat] skip orientation RR as there are not enough pairs
[M::mem_process_seqs] Processed 1224490 reads in 167.188 CPU sec, 14.180 real sec
[M::process] read 1224490 sequences (120000020 bp)...
[M::mem_pestat] # candidate unique pairs for (FF, FR, RF, RR): (0, 551683, 7, 1)
[M::mem_pestat] skip orientation FF as there are not enough pairs
[M::mem_pestat] analyzing insert size distribution for orientation FR...
[M::mem_pestat] (25, 50, 75) percentile: (156, 200, 257)
[M::mem_pestat] low and high boundaries for computing mean and std.dev: (1, 459)
[M::mem_pestat] mean and std.dev: (211.84, 72.56)
[M::mem_pestat] low and high boundaries for proper pairs: (1, 560)
[M::mem_pestat] skip orientation RF as there are not enough pairs
[M::mem_pestat] skip orientation RR as there are not enough pairs
[M::mem_process_seqs] Processed 1224490 reads in 170.237 CPU sec, 14.430 real sec
[M::process] read 1224490 sequences (120000020 bp)...
[M::mem_pestat] # candidate unique pairs for (FF, FR, RF, RR): (2, 552203, 9, 1)
[M::mem_pestat] skip orientation FF as there are not enough pairs
[M::mem_pestat] analyzing insert size distribution for orientation FR...
[M::mem_pestat] (25, 50, 75) percentile: (156, 198, 255)
[M::mem_pestat] low and high boundaries for computing mean and std.dev: (1, 453)
[M::mem_pestat] mean and std.dev: (210.33, 71.56)
[M::mem_pestat] low and high boundaries for proper pairs: (1, 552)
[M::mem_pestat] skip orientation RF as there are not enough pairs
[M::mem_pestat] skip orientation RR as there are not enough pairs
[M::mem_process_seqs] Processed 1224490 reads in 170.855 CPU sec, 14.488 real sec
[M::process] read 1224490 sequences (120000020 bp)...
[M::mem_pestat] # candidate unique pairs for (FF, FR, RF, RR): (3, 551396, 7, 1)
[M::mem_pestat] skip orientation FF as there are not enough pairs
[M::mem_pestat] analyzing insert size distribution for orientation FR...
[M::mem_pestat] (25, 50, 75) percentile: (156, 200, 257)
[M::mem_pestat] low and high boundaries for computing mean and std.dev: (1, 459)
[M::mem_pestat] mean and std.dev: (212.11, 72.88)
[M::mem_pestat] low and high boundaries for proper pairs: (1, 560)
[M::mem_pestat] skip orientation RF as there are not enough pairs
[M::mem_pestat] skip orientation RR as there are not enough pairs
[M::mem_process_seqs] Processed 1224490 reads in 167.126 CPU sec, 14.183 real sec
[M::process] read 1224490 sequences (120000020 bp)...
[M::mem_pestat] # candidate unique pairs for (FF, FR, RF, RR): (3, 553241, 5, 1)
[M::mem_pestat] skip orientation FF as there are not enough pairs
[M::mem_pestat] analyzing insert size distribution for orientation FR...
[M::mem_pestat] (25, 50, 75) percentile: (155, 198, 255)
[M::mem_pestat] low and high boundaries for computing mean and std.dev: (1, 455)
[M::mem_pestat] mean and std.dev: (210.42, 71.83)
[M::mem_pestat] low and high boundaries for proper pairs: (1, 555)
[M::mem_pestat] skip orientation RF as there are not enough pairs
[M::mem_pestat] skip orientation RR as there are not enough pairs
[M::mem_process_seqs] Processed 1224490 reads in 180.234 CPU sec, 15.264 real sec
[M::process] read 1224490 sequences (120000020 bp)...
[M::mem_pestat] # candidate unique pairs for (FF, FR, RF, RR): (3, 552515, 10, 4)
[M::mem_pestat] skip orientation FF as there are not enough pairs
[M::mem_pestat] analyzing insert size distribution for orientation FR...
[M::mem_pestat] (25, 50, 75) percentile: (156, 199, 256)
[M::mem_pestat] low and high boundaries for computing mean and std.dev: (1, 456)
[M::mem_pestat] mean and std.dev: (210.98, 72.24)
[M::mem_pestat] low and high boundaries for proper pairs: (1, 556)
[M::mem_pestat] analyzing insert size distribution for orientation RF...
[M::mem_pestat] (25, 50, 75) percentile: (342, 789, 5047)
[M::mem_pestat] low and high boundaries for computing mean and std.dev: (1, 14457)
[M::mem_pestat] mean and std.dev: (1936.10, 2259.31)
[M::mem_pestat] low and high boundaries for proper pairs: (1, 19162)
[M::mem_pestat] skip orientation RR as there are not enough pairs
[M::mem_pestat] skip orientation RF
[M::mem_process_seqs] Processed 1224490 reads in 164.734 CPU sec, 13.962 real sec
[M::process] read 1224490 sequences (120000020 bp)...
[M::mem_pestat] # candidate unique pairs for (FF, FR, RF, RR): (4, 552818, 4, 1)
[M::mem_pestat] skip orientation FF as there are not enough pairs
[M::mem_pestat] analyzing insert size distribution for orientation FR...
[M::mem_pestat] (25, 50, 75) percentile: (155, 198, 255)
[M::mem_pestat] low and high boundaries for computing mean and std.dev: (1, 455)
[M::mem_pestat] mean and std.dev: (210.17, 71.83)
[M::mem_pestat] low and high boundaries for proper pairs: (1, 555)
[M::mem_pestat] skip orientation RF as there are not enough pairs
[M::mem_pestat] skip orientation RR as there are not enough pairs
[M::mem_process_seqs] Processed 1224490 reads in 167.120 CPU sec, 14.207 real sec
[M::process] read 1224490 sequences (120000020 bp)...
[M::mem_pestat] # candidate unique pairs for (FF, FR, RF, RR): (1, 552908, 5, 0)
[M::mem_pestat] skip orientation FF as there are not enough pairs
[M::mem_pestat] analyzing insert size distribution for orientation FR...
[M::mem_pestat] (25, 50, 75) percentile: (156, 198, 255)
[M::mem_pestat] low and high boundaries for computing mean and std.dev: (1, 453)
[M::mem_pestat] mean and std.dev: (210.28, 71.67)
[M::mem_pestat] low and high boundaries for proper pairs: (1, 552)
[M::mem_pestat] skip orientation RF as there are not enough pairs
[M::mem_pestat] skip orientation RR as there are not enough pairs
[M::mem_process_seqs] Processed 1224490 reads in 167.303 CPU sec, 14.148 real sec
[M::process] read 1224490 sequences (120000020 bp)...
[M::mem_pestat] # candidate unique pairs for (FF, FR, RF, RR): (2, 551790, 6, 0)
[M::mem_pestat] skip orientation FF as there are not enough pairs
[M::mem_pestat] analyzing insert size distribution for orientation FR...
[M::mem_pestat] (25, 50, 75) percentile: (156, 199, 256)
[M::mem_pestat] low and high boundaries for computing mean and std.dev: (1, 456)
[M::mem_pestat] mean and std.dev: (210.93, 72.17)
[M::mem_pestat] low and high boundaries for proper pairs: (1, 556)
[M::mem_pestat] skip orientation RF as there are not enough pairs
[M::mem_pestat] skip orientation RR as there are not enough pairs
[M::mem_process_seqs] Processed 1224490 reads in 180.072 CPU sec, 15.271 real sec
[M::process] read 1224490 sequences (120000020 bp)...
[M::mem_pestat] # candidate unique pairs for (FF, FR, RF, RR): (0, 552565, 4, 3)
[M::mem_pestat] skip orientation FF as there are not enough pairs
[M::mem_pestat] analyzing insert size distribution for orientation FR...
[M::mem_pestat] (25, 50, 75) percentile: (155, 198, 255)
[M::mem_pestat] low and high boundaries for computing mean and std.dev: (1, 455)
[M::mem_pestat] mean and std.dev: (210.23, 71.76)
[M::mem_pestat] low and high boundaries for proper pairs: (1, 555)
[M::mem_pestat] skip orientation RF as there are not enough pairs
[M::mem_pestat] skip orientation RR as there are not enough pairs
[M::mem_process_seqs] Processed 1224490 reads in 177.721 CPU sec, 15.083 real sec
[M::process] read 1224490 sequences (120000020 bp)...
[M::mem_pestat] # candidate unique pairs for (FF, FR, RF, RR): (1, 551565, 4, 4)
[M::mem_pestat] skip orientation FF as there are not enough pairs
[M::mem_pestat] analyzing insert size distribution for orientation FR...
[M::mem_pestat] (25, 50, 75) percentile: (156, 200, 257)
[M::mem_pestat] low and high boundaries for computing mean and std.dev: (1, 459)
[M::mem_pestat] mean and std.dev: (211.82, 72.49)
[M::mem_pestat] low and high boundaries for proper pairs: (1, 560)
[M::mem_pestat] skip orientation RF as there are not enough pairs
[M::mem_pestat] skip orientation RR as there are not enough pairs
[M::mem_process_seqs] Processed 1224490 reads in 179.702 CPU sec, 15.221 real sec
[M::process] read 1224490 sequences (120000020 bp)...
[M::mem_pestat] # candidate unique pairs for (FF, FR, RF, RR): (2, 552654, 11, 1)
[M::mem_pestat] skip orientation FF as there are not enough pairs
[M::mem_pestat] analyzing insert size distribution for orientation FR...
[M::mem_pestat] (25, 50, 75) percentile: (155, 198, 254)
[M::mem_pestat] low and high boundaries for computing mean and std.dev: (1, 452)
[M::mem_pestat] mean and std.dev: (210.02, 71.35)
[M::mem_pestat] low and high boundaries for proper pairs: (1, 551)
[M::mem_pestat] analyzing insert size distribution for orientation RF...
[M::mem_pestat] (25, 50, 75) percentile: (146, 187, 931)
[M::mem_pestat] low and high boundaries for computing mean and std.dev: (1, 2501)
[M::mem_pestat] mean and std.dev: (425.80, 599.67)
[M::mem_pestat] low and high boundaries for proper pairs: (1, 3286)
[M::mem_pestat] skip orientation RR as there are not enough pairs
[M::mem_pestat] skip orientation RF
[M::mem_process_seqs] Processed 1224490 reads in 188.550 CPU sec, 15.943 real sec
[M::process] read 1224490 sequences (120000020 bp)...
[M::mem_pestat] # candidate unique pairs for (FF, FR, RF, RR): (2, 551844, 6, 1)
[M::mem_pestat] skip orientation FF as there are not enough pairs
[M::mem_pestat] analyzing insert size distribution for orientation FR...
[M::mem_pestat] (25, 50, 75) percentile: (156, 199, 257)
[M::mem_pestat] low and high boundaries for computing mean and std.dev: (1, 459)
[M::mem_pestat] mean and std.dev: (211.77, 72.70)
[M::mem_pestat] low and high boundaries for proper pairs: (1, 560)
[M::mem_pestat] skip orientation RF as there are not enough pairs
[M::mem_pestat] skip orientation RR as there are not enough pairs
[M::mem_process_seqs] Processed 1224490 reads in 173.421 CPU sec, 14.710 real sec
[M::process] read 1224490 sequences (120000020 bp)...
[M::mem_pestat] # candidate unique pairs for (FF, FR, RF, RR): (4, 552875, 10, 3)
[M::mem_pestat] skip orientation FF as there are not enough pairs
[M::mem_pestat] analyzing insert size distribution for orientation FR...
[M::mem_pestat] (25, 50, 75) percentile: (155, 197, 253)
[M::mem_pestat] low and high boundaries for computing mean and std.dev: (1, 449)
[M::mem_pestat] mean and std.dev: (209.22, 71.05)
[M::mem_pestat] low and high boundaries for proper pairs: (1, 547)
[M::mem_pestat] analyzing insert size distribution for orientation RF...
[M::mem_pestat] (25, 50, 75) percentile: (144, 431, 839)
[M::mem_pestat] low and high boundaries for computing mean and std.dev: (1, 2229)
[M::mem_pestat] mean and std.dev: (517.60, 449.64)
[M::mem_pestat] low and high boundaries for proper pairs: (1, 2924)
[M::mem_pestat] skip orientation RR as there are not enough pairs
[M::mem_pestat] skip orientation RF
[M::mem_process_seqs] Processed 1224490 reads in 177.298 CPU sec, 15.019 real sec
[M::process] read 1224490 sequences (120000020 bp)...
[M::mem_pestat] # candidate unique pairs for (FF, FR, RF, RR): (3, 551082, 5, 4)
[M::mem_pestat] skip orientation FF as there are not enough pairs
[M::mem_pestat] analyzing insert size distribution for orientation FR...
[M::mem_pestat] (25, 50, 75) percentile: (156, 200, 257)
[M::mem_pestat] low and high boundaries for computing mean and std.dev: (1, 459)
[M::mem_pestat] mean and std.dev: (211.90, 72.68)
[M::mem_pestat] low and high boundaries for proper pairs: (1, 560)
[M::mem_pestat] skip orientation RF as there are not enough pairs
[M::mem_pestat] skip orientation RR as there are not enough pairs
[M::mem_process_seqs] Processed 1224490 reads in 175.681 CPU sec, 14.863 real sec
[M::process] read 1224490 sequences (120000020 bp)...
[M::mem_pestat] # candidate unique pairs for (FF, FR, RF, RR): (3, 553200, 5, 1)
[M::mem_pestat] skip orientation FF as there are not enough pairs
[M::mem_pestat] analyzing insert size distribution for orientation FR...
[M::mem_pestat] (25, 50, 75) percentile: (155, 197, 253)
[M::mem_pestat] low and high boundaries for computing mean and std.dev: (1, 449)
[M::mem_pestat] mean and std.dev: (209.33, 70.87)
[M::mem_pestat] low and high boundaries for proper pairs: (1, 547)
[M::mem_pestat] skip orientation RF as there are not enough pairs
[M::mem_pestat] skip orientation RR as there are not enough pairs
[M::mem_process_seqs] Processed 1224490 reads in 179.180 CPU sec, 15.164 real sec
[M::process] read 1224490 sequences (120000020 bp)...
[M::mem_pestat] # candidate unique pairs for (FF, FR, RF, RR): (2, 551881, 5, 2)
[M::mem_pestat] skip orientation FF as there are not enough pairs
[M::mem_pestat] analyzing insert size distribution for orientation FR...
[M::mem_pestat] (25, 50, 75) percentile: (156, 200, 257)
[M::mem_pestat] low and high boundaries for computing mean and std.dev: (1, 459)
[M::mem_pestat] mean and std.dev: (212.08, 72.89)
[M::mem_pestat] low and high boundaries for proper pairs: (1, 560)
[M::mem_pestat] skip orientation RF as there are not enough pairs
[M::mem_pestat] skip orientation RR as there are not enough pairs
[M::mem_process_seqs] Processed 1224490 reads in 175.528 CPU sec, 14.920 real sec
[M::process] read 1224490 sequences (120000020 bp)...
[M::mem_pestat] # candidate unique pairs for (FF, FR, RF, RR): (2, 553553, 5, 4)
[M::mem_pestat] skip orientation FF as there are not enough pairs
[M::mem_pestat] analyzing insert size distribution for orientation FR...
[M::mem_pestat] (25, 50, 75) percentile: (154, 197, 253)
[M::mem_pestat] low and high boundaries for computing mean and std.dev: (1, 451)
[M::mem_pestat] mean and std.dev: (208.87, 71.04)
[M::mem_pestat] low and high boundaries for proper pairs: (1, 550)
[M::mem_pestat] skip orientation RF as there are not enough pairs
[M::mem_pestat] skip orientation RR as there are not enough pairs
[M::mem_process_seqs] Processed 1224490 reads in 195.202 CPU sec, 16.551 real sec
[M::process] read 1224490 sequences (120000020 bp)...
[M::mem_pestat] # candidate unique pairs for (FF, FR, RF, RR): (3, 550878, 5, 1)
[M::mem_pestat] skip orientation FF as there are not enough pairs
[M::mem_pestat] analyzing insert size distribution for orientation FR...
[M::mem_pestat] (25, 50, 75) percentile: (156, 200, 258)
[M::mem_pestat] low and high boundaries for computing mean and std.dev: (1, 462)
[M::mem_pestat] mean and std.dev: (212.54, 73.19)
[M::mem_pestat] low and high boundaries for proper pairs: (1, 564)
[M::mem_pestat] skip orientation RF as there are not enough pairs
[M::mem_pestat] skip orientation RR as there are not enough pairs
[M::mem_process_seqs] Processed 1224490 reads in 190.580 CPU sec, 16.138 real sec
[M::process] read 1224490 sequences (120000020 bp)...
[M::mem_pestat] # candidate unique pairs for (FF, FR, RF, RR): (1, 553668, 4, 0)
[M::mem_pestat] skip orientation FF as there are not enough pairs
[M::mem_pestat] analyzing insert size distribution for orientation FR...
[M::mem_pestat] (25, 50, 75) percentile: (155, 197, 253)
[M::mem_pestat] low and high boundaries for computing mean and std.dev: (1, 449)
[M::mem_pestat] mean and std.dev: (208.94, 70.94)
[M::mem_pestat] low and high boundaries for proper pairs: (1, 547)
[M::mem_pestat] skip orientation RF as there are not enough pairs
[M::mem_pestat] skip orientation RR as there are not enough pairs
[M::mem_process_seqs] Processed 1224490 reads in 172.924 CPU sec, 14.643 real sec
[M::process] read 1224490 sequences (120000020 bp)...
[M::mem_pestat] # candidate unique pairs for (FF, FR, RF, RR): (3, 551819, 8, 2)
[M::mem_pestat] skip orientation FF as there are not enough pairs
[M::mem_pestat] analyzing insert size distribution for orientation FR...
[M::mem_pestat] (25, 50, 75) percentile: (157, 200, 258)
[M::mem_pestat] low and high boundaries for computing mean and std.dev: (1, 460)
[M::mem_pestat] mean and std.dev: (212.55, 72.95)
[M::mem_pestat] low and high boundaries for proper pairs: (1, 561)
[M::mem_pestat] skip orientation RF as there are not enough pairs
[M::mem_pestat] skip orientation RR as there are not enough pairs
[M::mem_process_seqs] Processed 1224490 reads in 172.983 CPU sec, 14.678 real sec
[M::process] read 1224490 sequences (120000020 bp)...
[M::mem_pestat] # candidate unique pairs for (FF, FR, RF, RR): (1, 553532, 6, 1)
[M::mem_pestat] skip orientation FF as there are not enough pairs
[M::mem_pestat] analyzing insert size distribution for orientation FR...
[M::mem_pestat] (25, 50, 75) percentile: (155, 197, 252)
[M::mem_pestat] low and high boundaries for computing mean and std.dev: (1, 446)
[M::mem_pestat] mean and std.dev: (208.65, 70.45)
[M::mem_pestat] low and high boundaries for proper pairs: (1, 543)
[M::mem_pestat] skip orientation RF as there are not enough pairs
[M::mem_pestat] skip orientation RR as there are not enough pairs
[M::mem_process_seqs] Processed 1224490 reads in 176.913 CPU sec, 14.986 real sec
[M::process] read 1224490 sequences (120000020 bp)...
[M::mem_pestat] # candidate unique pairs for (FF, FR, RF, RR): (3, 551090, 5, 0)
[M::mem_pestat] skip orientation FF as there are not enough pairs
[M::mem_pestat] analyzing insert size distribution for orientation FR...
[M::mem_pestat] (25, 50, 75) percentile: (157, 201, 259)
[M::mem_pestat] low and high boundaries for computing mean and std.dev: (1, 463)
[M::mem_pestat] mean and std.dev: (213.19, 73.48)
[M::mem_pestat] low and high boundaries for proper pairs: (1, 565)
[M::mem_pestat] skip orientation RF as there are not enough pairs
[M::mem_pestat] skip orientation RR as there are not enough pairs
[M::mem_process_seqs] Processed 1224490 reads in 177.677 CPU sec, 15.074 real sec
[M::process] read 1224490 sequences (120000020 bp)...
[M::mem_pestat] # candidate unique pairs for (FF, FR, RF, RR): (2, 553359, 4, 1)
[M::mem_pestat] skip orientation FF as there are not enough pairs
[M::mem_pestat] analyzing insert size distribution for orientation FR...
[M::mem_pestat] (25, 50, 75) percentile: (155, 197, 253)
[M::mem_pestat] low and high boundaries for computing mean and std.dev: (1, 449)
[M::mem_pestat] mean and std.dev: (209.26, 71.06)
[M::mem_pestat] low and high boundaries for proper pairs: (1, 547)
[M::mem_pestat] skip orientation RF as there are not enough pairs
[M::mem_pestat] skip orientation RR as there are not enough pairs
[M::mem_process_seqs] Processed 1224490 reads in 182.556 CPU sec, 15.458 real sec
[M::process] read 1224490 sequences (120000020 bp)...
[M::mem_pestat] # candidate unique pairs for (FF, FR, RF, RR): (3, 551409, 5, 3)
[M::mem_pestat] skip orientation FF as there are not enough pairs
[M::mem_pestat] analyzing insert size distribution for orientation FR...
[M::mem_pestat] (25, 50, 75) percentile: (157, 200, 258)
[M::mem_pestat] low and high boundaries for computing mean and std.dev: (1, 460)
[M::mem_pestat] mean and std.dev: (212.36, 72.97)
[M::mem_pestat] low and high boundaries for proper pairs: (1, 561)
[M::mem_pestat] skip orientation RF as there are not enough pairs
[M::mem_pestat] skip orientation RR as there are not enough pairs
[M::mem_process_seqs] Processed 1224490 reads in 245.920 CPU sec, 20.941 real sec
[M::process] read 1224490 sequences (120000020 bp)...
[M::mem_pestat] # candidate unique pairs for (FF, FR, RF, RR): (2, 552530, 5, 1)
[M::mem_pestat] skip orientation FF as there are not enough pairs
[M::mem_pestat] analyzing insert size distribution for orientation FR...
[M::mem_pestat] (25, 50, 75) percentile: (155, 198, 255)
[M::mem_pestat] low and high boundaries for computing mean and std.dev: (1, 455)
[M::mem_pestat] mean and std.dev: (210.22, 71.81)
[M::mem_pestat] low and high boundaries for proper pairs: (1, 555)
[M::mem_pestat] skip orientation RF as there are not enough pairs
[M::mem_pestat] skip orientation RR as there are not enough pairs
[M::mem_process_seqs] Processed 1224490 reads in 198.297 CPU sec, 16.860 real sec
[M::process] read 1224490 sequences (120000020 bp)...
[M::mem_pestat] # candidate unique pairs for (FF, FR, RF, RR): (4, 551653, 6, 0)
[M::mem_pestat] skip orientation FF as there are not enough pairs
[M::mem_pestat] analyzing insert size distribution for orientation FR...
[M::mem_pestat] (25, 50, 75) percentile: (156, 200, 257)
[M::mem_pestat] low and high boundaries for computing mean and std.dev: (1, 459)
[M::mem_pestat] mean and std.dev: (211.70, 72.56)
[M::mem_pestat] low and high boundaries for proper pairs: (1, 560)
[M::mem_pestat] skip orientation RF as there are not enough pairs
[M::mem_pestat] skip orientation RR as there are not enough pairs
[M::mem_process_seqs] Processed 1224490 reads in 171.434 CPU sec, 14.584 real sec
[M::process] read 1224490 sequences (120000020 bp)...
[M::mem_pestat] # candidate unique pairs for (FF, FR, RF, RR): (0, 552470, 3, 2)
[M::mem_pestat] skip orientation FF as there are not enough pairs
[M::mem_pestat] analyzing insert size distribution for orientation FR...
[M::mem_pestat] (25, 50, 75) percentile: (155, 198, 254)
[M::mem_pestat] low and high boundaries for computing mean and std.dev: (1, 452)
[M::mem_pestat] mean and std.dev: (209.96, 71.44)
[M::mem_pestat] low and high boundaries for proper pairs: (1, 551)
[M::mem_pestat] skip orientation RF as there are not enough pairs
[M::mem_pestat] skip orientation RR as there are not enough pairs
[M::mem_process_seqs] Processed 1224490 reads in 176.205 CPU sec, 15.046 real sec
[M::process] read 1224490 sequences (120000020 bp)...
[M::mem_pestat] # candidate unique pairs for (FF, FR, RF, RR): (1, 551551, 10, 2)
[M::mem_pestat] skip orientation FF as there are not enough pairs
[M::mem_pestat] analyzing insert size distribution for orientation FR...
[M::mem_pestat] (25, 50, 75) percentile: (157, 200, 258)
[M::mem_pestat] low and high boundaries for computing mean and std.dev: (1, 460)
[M::mem_pestat] mean and std.dev: (212.58, 72.62)
[M::mem_pestat] low and high boundaries for proper pairs: (1, 561)
[M::mem_pestat] analyzing insert size distribution for orientation RF...
[M::mem_pestat] (25, 50, 75) percentile: (77, 332, 651)
[M::mem_pestat] low and high boundaries for computing mean and std.dev: (1, 1799)
[M::mem_pestat] mean and std.dev: (356.40, 296.28)
[M::mem_pestat] low and high boundaries for proper pairs: (1, 2373)
[M::mem_pestat] skip orientation RR as there are not enough pairs
[M::mem_pestat] skip orientation RF
[M::mem_process_seqs] Processed 1224490 reads in 183.720 CPU sec, 15.602 real sec
[M::process] read 1224490 sequences (120000020 bp)...
[M::mem_pestat] # candidate unique pairs for (FF, FR, RF, RR): (1, 550678, 3, 3)
[M::mem_pestat] skip orientation FF as there are not enough pairs
[M::mem_pestat] analyzing insert size distribution for orientation FR...
[M::mem_pestat] (25, 50, 75) percentile: (158, 202, 260)
[M::mem_pestat] low and high boundaries for computing mean and std.dev: (1, 464)
[M::mem_pestat] mean and std.dev: (213.98, 73.30)
[M::mem_pestat] low and high boundaries for proper pairs: (1, 566)
[M::mem_pestat] skip orientation RF as there are not enough pairs
[M::mem_pestat] skip orientation RR as there are not enough pairs
[M::mem_process_seqs] Processed 1224490 reads in 175.678 CPU sec, 14.933 real sec
[M::process] read 1224490 sequences (120000020 bp)...
[M::mem_pestat] # candidate unique pairs for (FF, FR, RF, RR): (6, 552513, 7, 4)
[M::mem_pestat] skip orientation FF as there are not enough pairs
[M::mem_pestat] analyzing insert size distribution for orientation FR...
[M::mem_pestat] (25, 50, 75) percentile: (157, 200, 257)
[M::mem_pestat] low and high boundaries for computing mean and std.dev: (1, 457)
[M::mem_pestat] mean and std.dev: (212.37, 72.35)
[M::mem_pestat] low and high boundaries for proper pairs: (1, 557)
[M::mem_pestat] skip orientation RF as there are not enough pairs
[M::mem_pestat] skip orientation RR as there are not enough pairs
[M::mem_process_seqs] Processed 1224490 reads in 177.005 CPU sec, 14.989 real sec
[M::process] read 1224490 sequences (120000020 bp)...
[M::mem_pestat] # candidate unique pairs for (FF, FR, RF, RR): (3, 551323, 10, 1)
[M::mem_pestat] skip orientation FF as there are not enough pairs
[M::mem_pestat] analyzing insert size distribution for orientation FR...
[M::mem_pestat] (25, 50, 75) percentile: (158, 201, 259)
[M::mem_pestat] low and high boundaries for computing mean and std.dev: (1, 461)
[M::mem_pestat] mean and std.dev: (213.58, 73.03)
[M::mem_pestat] low and high boundaries for proper pairs: (1, 562)
[M::mem_pestat] analyzing insert size distribution for orientation RF...
[M::mem_pestat] (25, 50, 75) percentile: (172, 433, 484)
[M::mem_pestat] low and high boundaries for computing mean and std.dev: (1, 1108)
[M::mem_pestat] mean and std.dev: (427.30, 299.59)
[M::mem_pestat] low and high boundaries for proper pairs: (1, 1626)
[M::mem_pestat] skip orientation RR as there are not enough pairs
[M::mem_pestat] skip orientation RF
[M::mem_process_seqs] Processed 1224490 reads in 175.976 CPU sec, 14.903 real sec
[M::process] read 1224490 sequences (120000020 bp)...
[M::mem_pestat] # candidate unique pairs for (FF, FR, RF, RR): (4, 550975, 6, 0)
[M::mem_pestat] skip orientation FF as there are not enough pairs
[M::mem_pestat] analyzing insert size distribution for orientation FR...
[M::mem_pestat] (25, 50, 75) percentile: (158, 202, 260)
[M::mem_pestat] low and high boundaries for computing mean and std.dev: (1, 464)
[M::mem_pestat] mean and std.dev: (214.01, 73.52)
[M::mem_pestat] low and high boundaries for proper pairs: (1, 566)
[M::mem_pestat] skip orientation RF as there are not enough pairs
[M::mem_pestat] skip orientation RR as there are not enough pairs
[M::mem_process_seqs] Processed 1224490 reads in 174.701 CPU sec, 14.789 real sec
[M::process] read 1224490 sequences (120000020 bp)...
[M::mem_pestat] # candidate unique pairs for (FF, FR, RF, RR): (2, 552248, 6, 1)
[M::mem_pestat] skip orientation FF as there are not enough pairs
[M::mem_pestat] analyzing insert size distribution for orientation FR...
[M::mem_pestat] (25, 50, 75) percentile: (157, 200, 257)
[M::mem_pestat] low and high boundaries for computing mean and std.dev: (1, 457)
[M::mem_pestat] mean and std.dev: (212.23, 72.31)
[M::mem_pestat] low and high boundaries for proper pairs: (1, 557)
[M::mem_pestat] skip orientation RF as there are not enough pairs
[M::mem_pestat] skip orientation RR as there are not enough pairs
[M::mem_process_seqs] Processed 1224490 reads in 174.787 CPU sec, 14.809 real sec
[M::process] read 1224490 sequences (120000020 bp)...
[M::mem_pestat] # candidate unique pairs for (FF, FR, RF, RR): (4, 551630, 7, 0)
[M::mem_pestat] skip orientation FF as there are not enough pairs
[M::mem_pestat] analyzing insert size distribution for orientation FR...
[M::mem_pestat] (25, 50, 75) percentile: (158, 201, 259)
[M::mem_pestat] low and high boundaries for computing mean and std.dev: (1, 461)
[M::mem_pestat] mean and std.dev: (213.34, 72.79)
[M::mem_pestat] low and high boundaries for proper pairs: (1, 562)
[M::mem_pestat] skip orientation RF as there are not enough pairs
[M::mem_pestat] skip orientation RR as there are not enough pairs
[M::mem_process_seqs] Processed 1224490 reads in 180.462 CPU sec, 15.294 real sec
[M::process] read 1224490 sequences (120000020 bp)...
[M::mem_pestat] # candidate unique pairs for (FF, FR, RF, RR): (0, 551066, 5, 1)
[M::mem_pestat] skip orientation FF as there are not enough pairs
[M::mem_pestat] analyzing insert size distribution for orientation FR...
[M::mem_pestat] (25, 50, 75) percentile: (158, 202, 260)
[M::mem_pestat] low and high boundaries for computing mean and std.dev: (1, 464)
[M::mem_pestat] mean and std.dev: (214.18, 73.31)
[M::mem_pestat] low and high boundaries for proper pairs: (1, 566)
[M::mem_pestat] skip orientation RF as there are not enough pairs
[M::mem_pestat] skip orientation RR as there are not enough pairs
[M::mem_process_seqs] Processed 1224490 reads in 171.887 CPU sec, 14.552 real sec
[M::process] read 1224490 sequences (120000020 bp)...
[M::mem_pestat] # candidate unique pairs for (FF, FR, RF, RR): (5, 551801, 6, 1)
[M::mem_pestat] skip orientation FF as there are not enough pairs
[M::mem_pestat] analyzing insert size distribution for orientation FR...
[M::mem_pestat] (25, 50, 75) percentile: (157, 200, 257)
[M::mem_pestat] low and high boundaries for computing mean and std.dev: (1, 457)
[M::mem_pestat] mean and std.dev: (212.23, 72.26)
[M::mem_pestat] low and high boundaries for proper pairs: (1, 557)
[M::mem_pestat] skip orientation RF as there are not enough pairs
[M::mem_pestat] skip orientation RR as there are not enough pairs
[M::mem_process_seqs] Processed 1224490 reads in 173.656 CPU sec, 14.709 real sec
[M::process] read 1224490 sequences (120000020 bp)...
[M::mem_pestat] # candidate unique pairs for (FF, FR, RF, RR): (1, 551590, 8, 3)
[M::mem_pestat] skip orientation FF as there are not enough pairs
[M::mem_pestat] analyzing insert size distribution for orientation FR...
[M::mem_pestat] (25, 50, 75) percentile: (158, 201, 258)
[M::mem_pestat] low and high boundaries for computing mean and std.dev: (1, 458)
[M::mem_pestat] mean and std.dev: (212.73, 72.22)
[M::mem_pestat] low and high boundaries for proper pairs: (1, 558)
[M::mem_pestat] skip orientation RF as there are not enough pairs
[M::mem_pestat] skip orientation RR as there are not enough pairs
[M::mem_process_seqs] Processed 1224490 reads in 184.930 CPU sec, 15.677 real sec
[M::process] read 1224490 sequences (120000020 bp)...
[M::mem_pestat] # candidate unique pairs for (FF, FR, RF, RR): (2, 550599, 4, 2)
[M::mem_pestat] skip orientation FF as there are not enough pairs
[M::mem_pestat] analyzing insert size distribution for orientation FR...
[M::mem_pestat] (25, 50, 75) percentile: (158, 202, 260)
[M::mem_pestat] low and high boundaries for computing mean and std.dev: (1, 464)
[M::mem_pestat] mean and std.dev: (214.52, 73.62)
[M::mem_pestat] low and high boundaries for proper pairs: (1, 566)
[M::mem_pestat] skip orientation RF as there are not enough pairs
[M::mem_pestat] skip orientation RR as there are not enough pairs
[M::mem_process_seqs] Processed 1224490 reads in 201.871 CPU sec, 17.078 real sec
[M::process] read 1224490 sequences (120000020 bp)...
[M::mem_pestat] # candidate unique pairs for (FF, FR, RF, RR): (2, 551438, 5, 2)
[M::mem_pestat] skip orientation FF as there are not enough pairs
[M::mem_pestat] analyzing insert size distribution for orientation FR...
[M::mem_pestat] (25, 50, 75) percentile: (158, 201, 258)
[M::mem_pestat] low and high boundaries for computing mean and std.dev: (1, 458)
[M::mem_pestat] mean and std.dev: (213.13, 72.54)
[M::mem_pestat] low and high boundaries for proper pairs: (1, 558)
[M::mem_pestat] skip orientation RF as there are not enough pairs
[M::mem_pestat] skip orientation RR as there are not enough pairs
[M::mem_process_seqs] Processed 1224490 reads in 177.997 CPU sec, 15.107 real sec
[M::process] read 1224490 sequences (120000020 bp)...
[M::mem_pestat] # candidate unique pairs for (FF, FR, RF, RR): (1, 551686, 7, 1)
[M::mem_pestat] skip orientation FF as there are not enough pairs
[M::mem_pestat] analyzing insert size distribution for orientation FR...
[M::mem_pestat] (25, 50, 75) percentile: (158, 201, 258)
[M::mem_pestat] low and high boundaries for computing mean and std.dev: (1, 458)
[M::mem_pestat] mean and std.dev: (213.23, 72.45)
[M::mem_pestat] low and high boundaries for proper pairs: (1, 558)
[M::mem_pestat] skip orientation RF as there are not enough pairs
[M::mem_pestat] skip orientation RR as there are not enough pairs
[M::mem_process_seqs] Processed 1224490 reads in 179.847 CPU sec, 15.236 real sec
[M::process] read 1224490 sequences (120000020 bp)...
[M::mem_pestat] # candidate unique pairs for (FF, FR, RF, RR): (1, 550641, 6, 1)
[M::mem_pestat] skip orientation FF as there are not enough pairs
[M::mem_pestat] analyzing insert size distribution for orientation FR...
[M::mem_pestat] (25, 50, 75) percentile: (158, 202, 260)
[M::mem_pestat] low and high boundaries for computing mean and std.dev: (1, 464)
[M::mem_pestat] mean and std.dev: (214.19, 73.61)
[M::mem_pestat] low and high boundaries for proper pairs: (1, 566)
[M::mem_pestat] skip orientation RF as there are not enough pairs
[M::mem_pestat] skip orientation RR as there are not enough pairs
[M::mem_process_seqs] Processed 1224490 reads in 178.970 CPU sec, 15.146 real sec
[M::process] read 1224490 sequences (120000020 bp)...
[M::mem_pestat] # candidate unique pairs for (FF, FR, RF, RR): (0, 551421, 7, 0)
[M::mem_pestat] skip orientation FF as there are not enough pairs
[M::mem_pestat] analyzing insert size distribution for orientation FR...
[M::mem_pestat] (25, 50, 75) percentile: (157, 201, 258)
[M::mem_pestat] low and high boundaries for computing mean and std.dev: (1, 460)
[M::mem_pestat] mean and std.dev: (213.05, 72.89)
[M::mem_pestat] low and high boundaries for proper pairs: (1, 561)
[M::mem_pestat] skip orientation RF as there are not enough pairs
[M::mem_pestat] skip orientation RR as there are not enough pairs
[M::mem_process_seqs] Processed 1224490 reads in 179.106 CPU sec, 15.177 real sec
[M::process] read 1224490 sequences (120000020 bp)...
[M::mem_pestat] # candidate unique pairs for (FF, FR, RF, RR): (6, 551889, 9, 2)
[M::mem_pestat] skip orientation FF as there are not enough pairs
[M::mem_pestat] analyzing insert size distribution for orientation FR...
[M::mem_pestat] (25, 50, 75) percentile: (157, 201, 258)
[M::mem_pestat] low and high boundaries for computing mean and std.dev: (1, 460)
[M::mem_pestat] mean and std.dev: (212.86, 72.53)
[M::mem_pestat] low and high boundaries for proper pairs: (1, 561)
[M::mem_pestat] skip orientation RF as there are not enough pairs
[M::mem_pestat] skip orientation RR as there are not enough pairs
[M::mem_process_seqs] Processed 1224490 reads in 182.056 CPU sec, 15.404 real sec
[M::process] read 1224490 sequences (120000020 bp)...
[M::mem_pestat] # candidate unique pairs for (FF, FR, RF, RR): (1, 551179, 5, 1)
[M::mem_pestat] skip orientation FF as there are not enough pairs
[M::mem_pestat] analyzing insert size distribution for orientation FR...
[M::mem_pestat] (25, 50, 75) percentile: (158, 202, 260)
[M::mem_pestat] low and high boundaries for computing mean and std.dev: (1, 464)
[M::mem_pestat] mean and std.dev: (214.49, 73.53)
[M::mem_pestat] low and high boundaries for proper pairs: (1, 566)
[M::mem_pestat] skip orientation RF as there are not enough pairs
[M::mem_pestat] skip orientation RR as there are not enough pairs
[M::mem_process_seqs] Processed 1224490 reads in 176.405 CPU sec, 14.905 real sec
[M::process] read 1224490 sequences (120000020 bp)...
[M::mem_pestat] # candidate unique pairs for (FF, FR, RF, RR): (6, 551804, 6, 0)
[M::mem_pestat] skip orientation FF as there are not enough pairs
[M::mem_pestat] analyzing insert size distribution for orientation FR...
[M::mem_pestat] (25, 50, 75) percentile: (158, 201, 258)
[M::mem_pestat] low and high boundaries for computing mean and std.dev: (1, 458)
[M::mem_pestat] mean and std.dev: (213.06, 72.56)
[M::mem_pestat] low and high boundaries for proper pairs: (1, 558)
[M::mem_pestat] skip orientation RF as there are not enough pairs
[M::mem_pestat] skip orientation RR as there are not enough pairs
[M::mem_process_seqs] Processed 1224490 reads in 178.599 CPU sec, 15.112 real sec
[M::process] read 882236 sequences (86459128 bp)...
[M::mem_pestat] # candidate unique pairs for (FF, FR, RF, RR): (1, 398315, 3, 2)
[M::mem_pestat] skip orientation FF as there are not enough pairs
[M::mem_pestat] analyzing insert size distribution for orientation FR...
[M::mem_pestat] (25, 50, 75) percentile: (157, 200, 256)
[M::mem_pestat] low and high boundaries for computing mean and std.dev: (1, 454)
[M::mem_pestat] mean and std.dev: (211.45, 71.11)
[M::mem_pestat] low and high boundaries for proper pairs: (1, 553)
[M::mem_pestat] skip orientation RF as there are not enough pairs
[M::mem_pestat] skip orientation RR as there are not enough pairs
[M::mem_process_seqs] Processed 882236 reads in 132.186 CPU sec, 11.189 real sec
[main] Version: 0.7.17-r1188
[main] CMD: bwa mem -t 12 -R @RG\tID:HRR024696\tSM:HRR024696\tPL:ILLUMINA -o /mnt/d/APOE/working_analysis/HRR024696/HRR024696.sam /mnt/d/APOE/reference/human_g1k_v37.fasta /mnt/e/CGGA WESeq/HRR024696/HRR024696_f1.fq.gz /mnt/e/CGGA WESeq/HRR024696/HRR024696_r2.fq.gz
[main] Real time: 1878.000 sec; CPU: 10355.334 sec
[08:44:41] Step 2: SAM to BAM conversion...
[08:52:44] Step 3: Sorting BAM...
[bam_sort_core] merging from 20 files and 4 in-memory blocks...
[09:10:03] Step 4: Indexing...
[09:16:05] Step 5: Extracting APOE region...
[09:16:06] Step 6: Genotyping...
[09:16:09] ✓ SUCCESS: ε3/ε3 (Baseline (1.0x))
