[09:16:10] START: HRR024698
[09:16:10] Step 1: BWA alignment to SAM...
[M::bwa_idx_load_from_disk] read 0 ALT contigs
[M::process] read 1224490 sequences (120000020 bp)...
[M::mem_pestat] # candidate unique pairs for (FF, FR, RF, RR): (199, 551835, 7, 1)
[M::mem_pestat] analyzing insert size distribution for orientation FF...
[M::mem_pestat] (25, 50, 75) percentile: (121, 163, 229)
[M::mem_pestat] low and high boundaries for computing mean and std.dev: (1, 445)
[M::mem_pestat] mean and std.dev: (175.38, 77.55)
[M::mem_pestat] low and high boundaries for proper pairs: (1, 553)
[M::mem_pestat] analyzing insert size distribution for orientation FR...
[M::mem_pestat] (25, 50, 75) percentile: (156, 200, 258)
[M::mem_pestat] low and high boundaries for computing mean and std.dev: (1, 462)
[M::mem_pestat] mean and std.dev: (212.42, 73.42)
[M::mem_pestat] low and high boundaries for proper pairs: (1, 564)
[M::mem_pestat] skip orientation RF as there are not enough pairs
[M::mem_pestat] skip orientation RR as there are not enough pairs
[M::mem_pestat] skip orientation FF
[M::mem_process_seqs] Processed 1224490 reads in 258.528 CPU sec, 22.116 real sec
[M::process] read 1224490 sequences (120000020 bp)...
[M::mem_pestat] # candidate unique pairs for (FF, FR, RF, RR): (189, 554205, 7, 1)
[M::mem_pestat] analyzing insert size distribution for orientation FF...
[M::mem_pestat] (25, 50, 75) percentile: (121, 163, 227)
[M::mem_pestat] low and high boundaries for computing mean and std.dev: (1, 439)
[M::mem_pestat] mean and std.dev: (178.66, 75.14)
[M::mem_pestat] low and high boundaries for proper pairs: (1, 545)
[M::mem_pestat] analyzing insert size distribution for orientation FR...
[M::mem_pestat] (25, 50, 75) percentile: (154, 196, 252)
[M::mem_pestat] low and high boundaries for computing mean and std.dev: (1, 448)
[M::mem_pestat] mean and std.dev: (208.37, 70.85)
[M::mem_pestat] low and high boundaries for proper pairs: (1, 546)
[M::mem_pestat] skip orientation RF as there are not enough pairs
[M::mem_pestat] skip orientation RR as there are not enough pairs
[M::mem_pestat] skip orientation FF
[M::mem_process_seqs] Processed 1224490 reads in 225.771 CPU sec, 19.260 real sec
[M::process] read 1224490 sequences (120000020 bp)...
[M::mem_pestat] # candidate unique pairs for (FF, FR, RF, RR): (169, 552251, 9, 0)
[M::mem_pestat] analyzing insert size distribution for orientation FF...
[M::mem_pestat] (25, 50, 75) percentile: (134, 163, 233)
[M::mem_pestat] low and high boundaries for computing mean and std.dev: (1, 431)
[M::mem_pestat] mean and std.dev: (178.68, 67.95)
[M::mem_pestat] low and high boundaries for proper pairs: (1, 530)
[M::mem_pestat] analyzing insert size distribution for orientation FR...
[M::mem_pestat] (25, 50, 75) percentile: (156, 199, 257)
[M::mem_pestat] low and high boundaries for computing mean and std.dev: (1, 459)
[M::mem_pestat] mean and std.dev: (211.87, 73.06)
[M::mem_pestat] low and high boundaries for proper pairs: (1, 560)
[M::mem_pestat] skip orientation RF as there are not enough pairs
[M::mem_pestat] skip orientation RR as there are not enough pairs
[M::mem_pestat] skip orientation FF
[M::mem_process_seqs] Processed 1224490 reads in 197.529 CPU sec, 16.753 real sec
[M::process] read 1224490 sequences (120000020 bp)...
[M::mem_pestat] # candidate unique pairs for (FF, FR, RF, RR): (192, 554026, 6, 2)
[M::mem_pestat] analyzing insert size distribution for orientation FF...
[M::mem_pestat] (25, 50, 75) percentile: (120, 156, 227)
[M::mem_pestat] low and high boundaries for computing mean and std.dev: (1, 441)
[M::mem_pestat] mean and std.dev: (178.49, 78.24)
[M::mem_pestat] low and high boundaries for proper pairs: (1, 548)
[M::mem_pestat] analyzing insert size distribution for orientation FR...
[M::mem_pestat] (25, 50, 75) percentile: (154, 197, 253)
[M::mem_pestat] low and high boundaries for computing mean and std.dev: (1, 451)
[M::mem_pestat] mean and std.dev: (208.79, 71.22)
[M::mem_pestat] low and high boundaries for proper pairs: (1, 550)
[M::mem_pestat] skip orientation RF as there are not enough pairs
[M::mem_pestat] skip orientation RR as there are not enough pairs
[M::mem_pestat] skip orientation FF
[M::mem_process_seqs] Processed 1224490 reads in 207.394 CPU sec, 17.613 real sec
[M::process] read 1224490 sequences (120000020 bp)...
[M::mem_pestat] # candidate unique pairs for (FF, FR, RF, RR): (189, 552716, 12, 2)
[M::mem_pestat] analyzing insert size distribution for orientation FF...
[M::mem_pestat] (25, 50, 75) percentile: (120, 170, 226)
[M::mem_pestat] low and high boundaries for computing mean and std.dev: (1, 438)
[M::mem_pestat] mean and std.dev: (178.21, 77.10)
[M::mem_pestat] low and high boundaries for proper pairs: (1, 544)
[M::mem_pestat] analyzing insert size distribution for orientation FR...
[M::mem_pestat] (25, 50, 75) percentile: (156, 199, 257)
[M::mem_pestat] low and high boundaries for computing mean and std.dev: (1, 459)
[M::mem_pestat] mean and std.dev: (211.63, 72.83)
[M::mem_pestat] low and high boundaries for proper pairs: (1, 560)
[M::mem_pestat] analyzing insert size distribution for orientation RF...
[M::mem_pestat] (25, 50, 75) percentile: (171, 213, 1012)
[M::mem_pestat] low and high boundaries for computing mean and std.dev: (1, 2694)
[M::mem_pestat] mean and std.dev: (462.42, 508.58)
[M::mem_pestat] low and high boundaries for proper pairs: (1, 3535)
[M::mem_pestat] skip orientation RR as there are not enough pairs
[M::mem_pestat] skip orientation FF
[M::mem_pestat] skip orientation RF
[M::mem_process_seqs] Processed 1224490 reads in 298.734 CPU sec, 25.239 real sec
[M::process] read 1224490 sequences (120000020 bp)...
[M::mem_pestat] # candidate unique pairs for (FF, FR, RF, RR): (221, 553901, 6, 4)
[M::mem_pestat] analyzing insert size distribution for orientation FF...
[M::mem_pestat] (25, 50, 75) percentile: (121, 163, 218)
[M::mem_pestat] low and high boundaries for computing mean and std.dev: (1, 412)
[M::mem_pestat] mean and std.dev: (174.11, 73.14)
[M::mem_pestat] low and high boundaries for proper pairs: (1, 509)
[M::mem_pestat] analyzing insert size distribution for orientation FR...
[M::mem_pestat] (25, 50, 75) percentile: (155, 197, 254)
[M::mem_pestat] low and high boundaries for computing mean and std.dev: (1, 452)
[M::mem_pestat] mean and std.dev: (209.34, 71.51)
[M::mem_pestat] low and high boundaries for proper pairs: (1, 551)
[M::mem_pestat] skip orientation RF as there are not enough pairs
[M::mem_pestat] skip orientation RR as there are not enough pairs
[M::mem_pestat] skip orientation FF
[M::mem_process_seqs] Processed 1224490 reads in 264.171 CPU sec, 22.401 real sec
[M::process] read 1224490 sequences (120000020 bp)...
[M::mem_pestat] # candidate unique pairs for (FF, FR, RF, RR): (193, 552152, 11, 2)
[M::mem_pestat] analyzing insert size distribution for orientation FF...
[M::mem_pestat] (25, 50, 75) percentile: (130, 174, 235)
[M::mem_pestat] low and high boundaries for computing mean and std.dev: (1, 445)
[M::mem_pestat] mean and std.dev: (187.00, 77.17)
[M::mem_pestat] low and high boundaries for proper pairs: (1, 550)
[M::mem_pestat] analyzing insert size distribution for orientation FR...
[M::mem_pestat] (25, 50, 75) percentile: (156, 199, 257)
[M::mem_pestat] low and high boundaries for computing mean and std.dev: (1, 459)
[M::mem_pestat] mean and std.dev: (211.58, 72.88)
[M::mem_pestat] low and high boundaries for proper pairs: (1, 560)
[M::mem_pestat] analyzing insert size distribution for orientation RF...
[M::mem_pestat] (25, 50, 75) percentile: (203, 328, 967)
[M::mem_pestat] low and high boundaries for computing mean and std.dev: (1, 2495)
[M::mem_pestat] mean and std.dev: (533.82, 426.52)
[M::mem_pestat] low and high boundaries for proper pairs: (1, 3259)
[M::mem_pestat] skip orientation RR as there are not enough pairs
[M::mem_pestat] skip orientation FF
[M::mem_pestat] skip orientation RF
[M::mem_process_seqs] Processed 1224490 reads in 213.367 CPU sec, 18.140 real sec
[M::process] read 1224490 sequences (120000020 bp)...
[M::mem_pestat] # candidate unique pairs for (FF, FR, RF, RR): (187, 552684, 6, 2)
[M::mem_pestat] analyzing insert size distribution for orientation FF...
[M::mem_pestat] (25, 50, 75) percentile: (127, 164, 221)
[M::mem_pestat] low and high boundaries for computing mean and std.dev: (1, 409)
[M::mem_pestat] mean and std.dev: (176.41, 72.37)
[M::mem_pestat] low and high boundaries for proper pairs: (1, 503)
[M::mem_pestat] analyzing insert size distribution for orientation FR...
[M::mem_pestat] (25, 50, 75) percentile: (155, 198, 255)
[M::mem_pestat] low and high boundaries for computing mean and std.dev: (1, 455)
[M::mem_pestat] mean and std.dev: (209.86, 71.83)
[M::mem_pestat] low and high boundaries for proper pairs: (1, 555)
[M::mem_pestat] skip orientation RF as there are not enough pairs
[M::mem_pestat] skip orientation RR as there are not enough pairs
[M::mem_pestat] skip orientation FF
[M::mem_process_seqs] Processed 1224490 reads in 199.709 CPU sec, 16.920 real sec
[M::process] read 1224490 sequences (120000020 bp)...
[M::mem_pestat] # candidate unique pairs for (FF, FR, RF, RR): (188, 551968, 4, 1)
[M::mem_pestat] analyzing insert size distribution for orientation FF...
[M::mem_pestat] (25, 50, 75) percentile: (127, 170, 225)
[M::mem_pestat] low and high boundaries for computing mean and std.dev: (1, 421)
[M::mem_pestat] mean and std.dev: (182.89, 77.05)
[M::mem_pestat] low and high boundaries for proper pairs: (1, 519)
[M::mem_pestat] analyzing insert size distribution for orientation FR...
[M::mem_pestat] (25, 50, 75) percentile: (155, 199, 256)
[M::mem_pestat] low and high boundaries for computing mean and std.dev: (1, 458)
[M::mem_pestat] mean and std.dev: (210.98, 72.59)
[M::mem_pestat] low and high boundaries for proper pairs: (1, 559)
[M::mem_pestat] skip orientation RF as there are not enough pairs
[M::mem_pestat] skip orientation RR as there are not enough pairs
[M::mem_pestat] skip orientation FF
[M::mem_process_seqs] Processed 1224490 reads in 199.189 CPU sec, 16.895 real sec
[M::process] read 1224490 sequences (120000020 bp)...
[M::mem_pestat] # candidate unique pairs for (FF, FR, RF, RR): (223, 552440, 7, 0)
[M::mem_pestat] analyzing insert size distribution for orientation FF...
[M::mem_pestat] (25, 50, 75) percentile: (128, 169, 217)
[M::mem_pestat] low and high boundaries for computing mean and std.dev: (1, 395)
[M::mem_pestat] mean and std.dev: (171.53, 61.55)
[M::mem_pestat] low and high boundaries for proper pairs: (1, 484)
[M::mem_pestat] analyzing insert size distribution for orientation FR...
[M::mem_pestat] (25, 50, 75) percentile: (155, 198, 254)
[M::mem_pestat] low and high boundaries for computing mean and std.dev: (1, 452)
[M::mem_pestat] mean and std.dev: (209.81, 71.83)
[M::mem_pestat] low and high boundaries for proper pairs: (1, 551)
[M::mem_pestat] skip orientation RF as there are not enough pairs
[M::mem_pestat] skip orientation RR as there are not enough pairs
[M::mem_pestat] skip orientation FF
[M::mem_process_seqs] Processed 1224490 reads in 183.527 CPU sec, 15.560 real sec
[M::process] read 1224490 sequences (120000020 bp)...
[M::mem_pestat] # candidate unique pairs for (FF, FR, RF, RR): (186, 552338, 5, 1)
[M::mem_pestat] analyzing insert size distribution for orientation FF...
[M::mem_pestat] (25, 50, 75) percentile: (121, 161, 223)
[M::mem_pestat] low and high boundaries for computing mean and std.dev: (1, 427)
[M::mem_pestat] mean and std.dev: (177.32, 77.37)
[M::mem_pestat] low and high boundaries for proper pairs: (1, 529)
[M::mem_pestat] analyzing insert size distribution for orientation FR...
[M::mem_pestat] (25, 50, 75) percentile: (156, 199, 256)
[M::mem_pestat] low and high boundaries for computing mean and std.dev: (1, 456)
[M::mem_pestat] mean and std.dev: (210.93, 72.32)
[M::mem_pestat] low and high boundaries for proper pairs: (1, 556)
[M::mem_pestat] skip orientation RF as there are not enough pairs
[M::mem_pestat] skip orientation RR as there are not enough pairs
[M::mem_pestat] skip orientation FF
[M::mem_process_seqs] Processed 1224490 reads in 214.494 CPU sec, 18.167 real sec
[M::process] read 1224490 sequences (120000020 bp)...
[M::mem_pestat] # candidate unique pairs for (FF, FR, RF, RR): (186, 552321, 8, 2)
[M::mem_pestat] analyzing insert size distribution for orientation FF...
[M::mem_pestat] (25, 50, 75) percentile: (118, 161, 209)
[M::mem_pestat] low and high boundaries for computing mean and std.dev: (1, 391)
[M::mem_pestat] mean and std.dev: (168.15, 70.30)
[M::mem_pestat] low and high boundaries for proper pairs: (1, 482)
[M::mem_pestat] analyzing insert size distribution for orientation FR...
[M::mem_pestat] (25, 50, 75) percentile: (156, 198, 256)
[M::mem_pestat] low and high boundaries for computing mean and std.dev: (1, 456)
[M::mem_pestat] mean and std.dev: (210.83, 72.28)
[M::mem_pestat] low and high boundaries for proper pairs: (1, 556)
[M::mem_pestat] skip orientation RF as there are not enough pairs
[M::mem_pestat] skip orientation RR as there are not enough pairs
[M::mem_pestat] skip orientation FF
[M::mem_process_seqs] Processed 1224490 reads in 184.288 CPU sec, 15.689 real sec
[M::process] read 1224490 sequences (120000020 bp)...
[M::mem_pestat] # candidate unique pairs for (FF, FR, RF, RR): (207, 553349, 5, 1)
[M::mem_pestat] analyzing insert size distribution for orientation FF...
[M::mem_pestat] (25, 50, 75) percentile: (123, 163, 224)
[M::mem_pestat] low and high boundaries for computing mean and std.dev: (1, 426)
[M::mem_pestat] mean and std.dev: (177.51, 76.33)
[M::mem_pestat] low and high boundaries for proper pairs: (1, 527)
[M::mem_pestat] analyzing insert size distribution for orientation FR...
[M::mem_pestat] (25, 50, 75) percentile: (155, 197, 254)
[M::mem_pestat] low and high boundaries for computing mean and std.dev: (1, 452)
[M::mem_pestat] mean and std.dev: (209.60, 71.69)
[M::mem_pestat] low and high boundaries for proper pairs: (1, 551)
[M::mem_pestat] skip orientation RF as there are not enough pairs
[M::mem_pestat] skip orientation RR as there are not enough pairs
[M::mem_pestat] skip orientation FF
[M::mem_process_seqs] Processed 1224490 reads in 169.780 CPU sec, 14.404 real sec
[M::process] read 1224490 sequences (120000020 bp)...
[M::mem_pestat] # candidate unique pairs for (FF, FR, RF, RR): (196, 552712, 6, 2)
[M::mem_pestat] analyzing insert size distribution for orientation FF...
[M::mem_pestat] (25, 50, 75) percentile: (120, 165, 231)
[M::mem_pestat] low and high boundaries for computing mean and std.dev: (1, 453)
[M::mem_pestat] mean and std.dev: (176.87, 70.09)
[M::mem_pestat] low and high boundaries for proper pairs: (1, 564)
[M::mem_pestat] analyzing insert size distribution for orientation FR...
[M::mem_pestat] (25, 50, 75) percentile: (155, 198, 256)
[M::mem_pestat] low and high boundaries for computing mean and std.dev: (1, 458)
[M::mem_pestat] mean and std.dev: (210.84, 72.54)
[M::mem_pestat] low and high boundaries for proper pairs: (1, 559)
[M::mem_pestat] skip orientation RF as there are not enough pairs
[M::mem_pestat] skip orientation RR as there are not enough pairs
[M::mem_pestat] skip orientation FF
[M::mem_process_seqs] Processed 1224490 reads in 170.675 CPU sec, 14.506 real sec
[M::process] read 1224490 sequences (120000020 bp)...
[M::mem_pestat] # candidate unique pairs for (FF, FR, RF, RR): (191, 553582, 2, 1)
[M::mem_pestat] analyzing insert size distribution for orientation FF...
[M::mem_pestat] (25, 50, 75) percentile: (117, 159, 211)
[M::mem_pestat] low and high boundaries for computing mean and std.dev: (1, 399)
[M::mem_pestat] mean and std.dev: (169.73, 72.37)
[M::mem_pestat] low and high boundaries for proper pairs: (1, 493)
[M::mem_pestat] analyzing insert size distribution for orientation FR...
[M::mem_pestat] (25, 50, 75) percentile: (154, 197, 254)
[M::mem_pestat] low and high boundaries for computing mean and std.dev: (1, 454)
[M::mem_pestat] mean and std.dev: (209.30, 71.80)
[M::mem_pestat] low and high boundaries for proper pairs: (1, 554)
[M::mem_pestat] skip orientation RF as there are not enough pairs
[M::mem_pestat] skip orientation RR as there are not enough pairs
[M::mem_pestat] skip orientation FF
[M::mem_process_seqs] Processed 1224490 reads in 168.186 CPU sec, 14.251 real sec
[M::process] read 1224490 sequences (120000020 bp)...
[M::mem_pestat] # candidate unique pairs for (FF, FR, RF, RR): (169, 552267, 7, 2)
[M::mem_pestat] analyzing insert size distribution for orientation FF...
[M::mem_pestat] (25, 50, 75) percentile: (115, 161, 235)
[M::mem_pestat] low and high boundaries for computing mean and std.dev: (1, 475)
[M::mem_pestat] mean and std.dev: (176.54, 78.30)
[M::mem_pestat] low and high boundaries for proper pairs: (1, 595)
[M::mem_pestat] analyzing insert size distribution for orientation FR...
[M::mem_pestat] (25, 50, 75) percentile: (155, 198, 256)
[M::mem_pestat] low and high boundaries for computing mean and std.dev: (1, 458)
[M::mem_pestat] mean and std.dev: (210.69, 72.49)
[M::mem_pestat] low and high boundaries for proper pairs: (1, 559)
[M::mem_pestat] skip orientation RF as there are not enough pairs
[M::mem_pestat] skip orientation RR as there are not enough pairs
[M::mem_pestat] skip orientation FF
[M::mem_process_seqs] Processed 1224490 reads in 171.245 CPU sec, 14.511 real sec
[M::process] read 1224490 sequences (120000020 bp)...
[M::mem_pestat] # candidate unique pairs for (FF, FR, RF, RR): (213, 553916, 4, 0)
[M::mem_pestat] analyzing insert size distribution for orientation FF...
[M::mem_pestat] (25, 50, 75) percentile: (130, 172, 231)
[M::mem_pestat] low and high boundaries for computing mean and std.dev: (1, 433)
[M::mem_pestat] mean and std.dev: (182.90, 72.23)
[M::mem_pestat] low and high boundaries for proper pairs: (1, 534)
[M::mem_pestat] analyzing insert size distribution for orientation FR...
[M::mem_pestat] (25, 50, 75) percentile: (154, 197, 254)
[M::mem_pestat] low and high boundaries for computing mean and std.dev: (1, 454)
[M::mem_pestat] mean and std.dev: (209.41, 71.66)
[M::mem_pestat] low and high boundaries for proper pairs: (1, 554)
[M::mem_pestat] skip orientation RF as there are not enough pairs
[M::mem_pestat] skip orientation RR as there are not enough pairs
[M::mem_pestat] skip orientation FF
[M::mem_process_seqs] Processed 1224490 reads in 172.951 CPU sec, 14.678 real sec
[M::process] read 1224490 sequences (120000020 bp)...
[M::mem_pestat] # candidate unique pairs for (FF, FR, RF, RR): (210, 551968, 9, 2)
[M::mem_pestat] analyzing insert size distribution for orientation FF...
[M::mem_pestat] (25, 50, 75) percentile: (121, 176, 241)
[M::mem_pestat] low and high boundaries for computing mean and std.dev: (1, 481)
[M::mem_pestat] mean and std.dev: (184.58, 81.66)
[M::mem_pestat] low and high boundaries for proper pairs: (1, 601)
[M::mem_pestat] analyzing insert size distribution for orientation FR...
[M::mem_pestat] (25, 50, 75) percentile: (156, 199, 257)
[M::mem_pestat] low and high boundaries for computing mean and std.dev: (1, 459)
[M::mem_pestat] mean and std.dev: (211.41, 72.84)
[M::mem_pestat] low and high boundaries for proper pairs: (1, 560)
[M::mem_pestat] skip orientation RF as there are not enough pairs
[M::mem_pestat] skip orientation RR as there are not enough pairs
[M::mem_pestat] skip orientation FF
[M::mem_process_seqs] Processed 1224490 reads in 175.801 CPU sec, 14.903 real sec
[M::process] read 1224490 sequences (120000020 bp)...
[M::mem_pestat] # candidate unique pairs for (FF, FR, RF, RR): (204, 552753, 3, 0)
[M::mem_pestat] analyzing insert size distribution for orientation FF...
[M::mem_pestat] (25, 50, 75) percentile: (124, 162, 220)
[M::mem_pestat] low and high boundaries for computing mean and std.dev: (1, 412)
[M::mem_pestat] mean and std.dev: (172.92, 64.22)
[M::mem_pestat] low and high boundaries for proper pairs: (1, 508)
[M::mem_pestat] analyzing insert size distribution for orientation FR...
[M::mem_pestat] (25, 50, 75) percentile: (155, 197, 254)
[M::mem_pestat] low and high boundaries for computing mean and std.dev: (1, 452)
[M::mem_pestat] mean and std.dev: (209.30, 71.37)
[M::mem_pestat] low and high boundaries for proper pairs: (1, 551)
[M::mem_pestat] skip orientation RF as there are not enough pairs
[M::mem_pestat] skip orientation RR as there are not enough pairs
[M::mem_pestat] skip orientation FF
[M::mem_process_seqs] Processed 1224490 reads in 179.192 CPU sec, 15.182 real sec
[M::process] read 1224490 sequences (120000020 bp)...
[M::mem_pestat] # candidate unique pairs for (FF, FR, RF, RR): (171, 551479, 4, 1)
[M::mem_pestat] analyzing insert size distribution for orientation FF...
[M::mem_pestat] (25, 50, 75) percentile: (128, 161, 229)
[M::mem_pestat] low and high boundaries for computing mean and std.dev: (1, 431)
[M::mem_pestat] mean and std.dev: (180.81, 72.29)
[M::mem_pestat] low and high boundaries for proper pairs: (1, 532)
[M::mem_pestat] analyzing insert size distribution for orientation FR...
[M::mem_pestat] (25, 50, 75) percentile: (156, 199, 257)
[M::mem_pestat] low and high boundaries for computing mean and std.dev: (1, 459)
[M::mem_pestat] mean and std.dev: (211.66, 73.07)
[M::mem_pestat] low and high boundaries for proper pairs: (1, 560)
[M::mem_pestat] skip orientation RF as there are not enough pairs
[M::mem_pestat] skip orientation RR as there are not enough pairs
[M::mem_pestat] skip orientation FF
[M::mem_process_seqs] Processed 1224490 reads in 203.092 CPU sec, 17.239 real sec
[M::process] read 1224490 sequences (120000020 bp)...
[M::mem_pestat] # candidate unique pairs for (FF, FR, RF, RR): (219, 553756, 8, 0)
[M::mem_pestat] analyzing insert size distribution for orientation FF...
[M::mem_pestat] (25, 50, 75) percentile: (124, 157, 218)
[M::mem_pestat] low and high boundaries for computing mean and std.dev: (1, 406)
[M::mem_pestat] mean and std.dev: (173.38, 67.09)
[M::mem_pestat] low and high boundaries for proper pairs: (1, 500)
[M::mem_pestat] analyzing insert size distribution for orientation FR...
[M::mem_pestat] (25, 50, 75) percentile: (154, 197, 253)
[M::mem_pestat] low and high boundaries for computing mean and std.dev: (1, 451)
[M::mem_pestat] mean and std.dev: (208.88, 71.36)
[M::mem_pestat] low and high boundaries for proper pairs: (1, 550)
[M::mem_pestat] skip orientation RF as there are not enough pairs
[M::mem_pestat] skip orientation RR as there are not enough pairs
[M::mem_pestat] skip orientation FF
[M::mem_process_seqs] Processed 1224490 reads in 188.976 CPU sec, 16.044 real sec
[M::process] read 1224490 sequences (120000020 bp)...
[M::mem_pestat] # candidate unique pairs for (FF, FR, RF, RR): (203, 551572, 4, 1)
[M::mem_pestat] analyzing insert size distribution for orientation FF...
[M::mem_pestat] (25, 50, 75) percentile: (130, 173, 216)
[M::mem_pestat] low and high boundaries for computing mean and std.dev: (1, 388)
[M::mem_pestat] mean and std.dev: (178.18, 69.12)
[M::mem_pestat] low and high boundaries for proper pairs: (1, 474)
[M::mem_pestat] analyzing insert size distribution for orientation FR...
[M::mem_pestat] (25, 50, 75) percentile: (156, 200, 257)
[M::mem_pestat] low and high boundaries for computing mean and std.dev: (1, 459)
[M::mem_pestat] mean and std.dev: (211.87, 73.02)
[M::mem_pestat] low and high boundaries for proper pairs: (1, 560)
[M::mem_pestat] skip orientation RF as there are not enough pairs
[M::mem_pestat] skip orientation RR as there are not enough pairs
[M::mem_pestat] skip orientation FF
[M::mem_process_seqs] Processed 1224490 reads in 177.603 CPU sec, 15.164 real sec
[M::process] read 1224490 sequences (120000020 bp)...
[M::mem_pestat] # candidate unique pairs for (FF, FR, RF, RR): (199, 553578, 4, 0)
[M::mem_pestat] analyzing insert size distribution for orientation FF...
[M::mem_pestat] (25, 50, 75) percentile: (122, 164, 209)
[M::mem_pestat] low and high boundaries for computing mean and std.dev: (1, 383)
[M::mem_pestat] mean and std.dev: (169.41, 65.77)
[M::mem_pestat] low and high boundaries for proper pairs: (1, 470)
[M::mem_pestat] analyzing insert size distribution for orientation FR...
[M::mem_pestat] (25, 50, 75) percentile: (154, 196, 252)
[M::mem_pestat] low and high boundaries for computing mean and std.dev: (1, 448)
[M::mem_pestat] mean and std.dev: (208.33, 70.69)
[M::mem_pestat] low and high boundaries for proper pairs: (1, 546)
[M::mem_pestat] skip orientation RF as there are not enough pairs
[M::mem_pestat] skip orientation RR as there are not enough pairs
[M::mem_pestat] skip orientation FF
[M::mem_process_seqs] Processed 1224490 reads in 179.299 CPU sec, 15.167 real sec
[M::process] read 1224490 sequences (120000020 bp)...
[M::mem_pestat] # candidate unique pairs for (FF, FR, RF, RR): (221, 551950, 2, 1)
[M::mem_pestat] analyzing insert size distribution for orientation FF...
[M::mem_pestat] (25, 50, 75) percentile: (131, 169, 227)
[M::mem_pestat] low and high boundaries for computing mean and std.dev: (1, 419)
[M::mem_pestat] mean and std.dev: (182.96, 74.52)
[M::mem_pestat] low and high boundaries for proper pairs: (1, 515)
[M::mem_pestat] analyzing insert size distribution for orientation FR...
[M::mem_pestat] (25, 50, 75) percentile: (156, 200, 258)
[M::mem_pestat] low and high boundaries for computing mean and std.dev: (1, 462)
[M::mem_pestat] mean and std.dev: (212.70, 73.58)
[M::mem_pestat] low and high boundaries for proper pairs: (1, 564)
[M::mem_pestat] skip orientation RF as there are not enough pairs
[M::mem_pestat] skip orientation RR as there are not enough pairs
[M::mem_pestat] skip orientation FF
[M::mem_process_seqs] Processed 1224490 reads in 170.821 CPU sec, 14.499 real sec
[M::process] read 1224490 sequences (120000020 bp)...
[M::mem_pestat] # candidate unique pairs for (FF, FR, RF, RR): (210, 554273, 9, 3)
[M::mem_pestat] analyzing insert size distribution for orientation FF...
[M::mem_pestat] (25, 50, 75) percentile: (124, 162, 219)
[M::mem_pestat] low and high boundaries for computing mean and std.dev: (1, 409)
[M::mem_pestat] mean and std.dev: (173.71, 64.71)
[M::mem_pestat] low and high boundaries for proper pairs: (1, 504)
[M::mem_pestat] analyzing insert size distribution for orientation FR...
[M::mem_pestat] (25, 50, 75) percentile: (154, 196, 252)
[M::mem_pestat] low and high boundaries for computing mean and std.dev: (1, 448)
[M::mem_pestat] mean and std.dev: (208.09, 70.96)
[M::mem_pestat] low and high boundaries for proper pairs: (1, 546)
[M::mem_pestat] skip orientation RF as there are not enough pairs
[M::mem_pestat] skip orientation RR as there are not enough pairs
[M::mem_pestat] skip orientation FF
[M::mem_process_seqs] Processed 1224490 reads in 163.403 CPU sec, 13.868 real sec
[M::process] read 1224490 sequences (120000020 bp)...
[M::mem_pestat] # candidate unique pairs for (FF, FR, RF, RR): (176, 551947, 7, 2)
[M::mem_pestat] analyzing insert size distribution for orientation FF...
[M::mem_pestat] (25, 50, 75) percentile: (125, 173, 231)
[M::mem_pestat] low and high boundaries for computing mean and std.dev: (1, 443)
[M::mem_pestat] mean and std.dev: (181.99, 69.55)
[M::mem_pestat] low and high boundaries for proper pairs: (1, 549)
[M::mem_pestat] analyzing insert size distribution for orientation FR...
[M::mem_pestat] (25, 50, 75) percentile: (156, 200, 258)
[M::mem_pestat] low and high boundaries for computing mean and std.dev: (1, 462)
[M::mem_pestat] mean and std.dev: (212.28, 73.35)
[M::mem_pestat] low and high boundaries for proper pairs: (1, 564)
[M::mem_pestat] skip orientation RF as there are not enough pairs
[M::mem_pestat] skip orientation RR as there are not enough pairs
[M::mem_pestat] skip orientation FF
[M::mem_process_seqs] Processed 1224490 reads in 164.050 CPU sec, 13.918 real sec
[M::process] read 1224490 sequences (120000020 bp)...
[M::mem_pestat] # candidate unique pairs for (FF, FR, RF, RR): (193, 554054, 3, 1)
[M::mem_pestat] analyzing insert size distribution for orientation FF...
[M::mem_pestat] (25, 50, 75) percentile: (121, 158, 215)
[M::mem_pestat] low and high boundaries for computing mean and std.dev: (1, 403)
[M::mem_pestat] mean and std.dev: (170.67, 68.71)
[M::mem_pestat] low and high boundaries for proper pairs: (1, 497)
[M::mem_pestat] analyzing insert size distribution for orientation FR...
[M::mem_pestat] (25, 50, 75) percentile: (154, 197, 253)
[M::mem_pestat] low and high boundaries for computing mean and std.dev: (1, 451)
[M::mem_pestat] mean and std.dev: (208.88, 71.31)
[M::mem_pestat] low and high boundaries for proper pairs: (1, 550)
[M::mem_pestat] skip orientation RF as there are not enough pairs
[M::mem_pestat] skip orientation RR as there are not enough pairs
[M::mem_pestat] skip orientation FF
[M::mem_process_seqs] Processed 1224490 reads in 162.582 CPU sec, 13.785 real sec
[M::process] read 1224490 sequences (120000020 bp)...
[M::mem_pestat] # candidate unique pairs for (FF, FR, RF, RR): (180, 552492, 7, 0)
[M::mem_pestat] analyzing insert size distribution for orientation FF...
[M::mem_pestat] (25, 50, 75) percentile: (121, 169, 214)
[M::mem_pestat] low and high boundaries for computing mean and std.dev: (1, 400)
[M::mem_pestat] mean and std.dev: (173.71, 66.67)
[M::mem_pestat] low and high boundaries for proper pairs: (1, 493)
[M::mem_pestat] analyzing insert size distribution for orientation FR...
[M::mem_pestat] (25, 50, 75) percentile: (156, 200, 257)
[M::mem_pestat] low and high boundaries for computing mean and std.dev: (1, 459)
[M::mem_pestat] mean and std.dev: (211.91, 72.91)
[M::mem_pestat] low and high boundaries for proper pairs: (1, 560)
[M::mem_pestat] skip orientation RF as there are not enough pairs
[M::mem_pestat] skip orientation RR as there are not enough pairs
[M::mem_pestat] skip orientation FF
[M::mem_process_seqs] Processed 1224490 reads in 163.194 CPU sec, 13.817 real sec
[M::process] read 1224490 sequences (120000020 bp)...
[M::mem_pestat] # candidate unique pairs for (FF, FR, RF, RR): (176, 554048, 3, 1)
[M::mem_pestat] analyzing insert size distribution for orientation FF...
[M::mem_pestat] (25, 50, 75) percentile: (130, 167, 224)
[M::mem_pestat] low and high boundaries for computing mean and std.dev: (1, 412)
[M::mem_pestat] mean and std.dev: (178.42, 69.60)
[M::mem_pestat] low and high boundaries for proper pairs: (1, 506)
[M::mem_pestat] analyzing insert size distribution for orientation FR...
[M::mem_pestat] (25, 50, 75) percentile: (154, 197, 253)
[M::mem_pestat] low and high boundaries for computing mean and std.dev: (1, 451)
[M::mem_pestat] mean and std.dev: (208.69, 70.96)
[M::mem_pestat] low and high boundaries for proper pairs: (1, 550)
[M::mem_pestat] skip orientation RF as there are not enough pairs
[M::mem_pestat] skip orientation RR as there are not enough pairs
[M::mem_pestat] skip orientation FF
[M::mem_process_seqs] Processed 1224490 reads in 165.871 CPU sec, 14.062 real sec
[M::process] read 1224490 sequences (120000020 bp)...
[M::mem_pestat] # candidate unique pairs for (FF, FR, RF, RR): (210, 551604, 5, 1)
[M::mem_pestat] analyzing insert size distribution for orientation FF...
[M::mem_pestat] (25, 50, 75) percentile: (126, 162, 221)
[M::mem_pestat] low and high boundaries for computing mean and std.dev: (1, 411)
[M::mem_pestat] mean and std.dev: (178.49, 72.99)
[M::mem_pestat] low and high boundaries for proper pairs: (1, 506)
[M::mem_pestat] analyzing insert size distribution for orientation FR...
[M::mem_pestat] (25, 50, 75) percentile: (156, 200, 258)
[M::mem_pestat] low and high boundaries for computing mean and std.dev: (1, 462)
[M::mem_pestat] mean and std.dev: (212.45, 73.58)
[M::mem_pestat] low and high boundaries for proper pairs: (1, 564)
[M::mem_pestat] skip orientation RF as there are not enough pairs
[M::mem_pestat] skip orientation RR as there are not enough pairs
[M::mem_pestat] skip orientation FF
[M::mem_process_seqs] Processed 1224490 reads in 184.195 CPU sec, 15.614 real sec
[M::process] read 1224490 sequences (120000020 bp)...
[M::mem_pestat] # candidate unique pairs for (FF, FR, RF, RR): (170, 553624, 3, 0)
[M::mem_pestat] analyzing insert size distribution for orientation FF...
[M::mem_pestat] (25, 50, 75) percentile: (116, 164, 228)
[M::mem_pestat] low and high boundaries for computing mean and std.dev: (1, 452)
[M::mem_pestat] mean and std.dev: (175.55, 73.94)
[M::mem_pestat] low and high boundaries for proper pairs: (1, 564)
[M::mem_pestat] analyzing insert size distribution for orientation FR...
[M::mem_pestat] (25, 50, 75) percentile: (155, 197, 254)
[M::mem_pestat] low and high boundaries for computing mean and std.dev: (1, 452)
[M::mem_pestat] mean and std.dev: (209.37, 71.52)
[M::mem_pestat] low and high boundaries for proper pairs: (1, 551)
[M::mem_pestat] skip orientation RF as there are not enough pairs
[M::mem_pestat] skip orientation RR as there are not enough pairs
[M::mem_pestat] skip orientation FF
[M::mem_process_seqs] Processed 1224490 reads in 168.266 CPU sec, 14.271 real sec
[M::process] read 1224490 sequences (120000020 bp)...
[M::mem_pestat] # candidate unique pairs for (FF, FR, RF, RR): (156, 551639, 6, 3)
[M::mem_pestat] analyzing insert size distribution for orientation FF...
[M::mem_pestat] (25, 50, 75) percentile: (125, 168, 226)
[M::mem_pestat] low and high boundaries for computing mean and std.dev: (1, 428)
[M::mem_pestat] mean and std.dev: (178.48, 70.73)
[M::mem_pestat] low and high boundaries for proper pairs: (1, 529)
[M::mem_pestat] analyzing insert size distribution for orientation FR...
[M::mem_pestat] (25, 50, 75) percentile: (156, 199, 257)
[M::mem_pestat] low and high boundaries for computing mean and std.dev: (1, 459)
[M::mem_pestat] mean and std.dev: (211.81, 73.06)
[M::mem_pestat] low and high boundaries for proper pairs: (1, 560)
[M::mem_pestat] skip orientation RF as there are not enough pairs
[M::mem_pestat] skip orientation RR as there are not enough pairs
[M::mem_pestat] skip orientation FF
[M::mem_process_seqs] Processed 1224490 reads in 165.021 CPU sec, 13.986 real sec
[M::process] read 1224490 sequences (120000020 bp)...
[M::mem_pestat] # candidate unique pairs for (FF, FR, RF, RR): (173, 553473, 9, 1)
[M::mem_pestat] analyzing insert size distribution for orientation FF...
[M::mem_pestat] (25, 50, 75) percentile: (122, 167, 233)
[M::mem_pestat] low and high boundaries for computing mean and std.dev: (1, 455)
[M::mem_pestat] mean and std.dev: (179.60, 73.09)
[M::mem_pestat] low and high boundaries for proper pairs: (1, 566)
[M::mem_pestat] analyzing insert size distribution for orientation FR...
[M::mem_pestat] (25, 50, 75) percentile: (155, 197, 254)
[M::mem_pestat] low and high boundaries for computing mean and std.dev: (1, 452)
[M::mem_pestat] mean and std.dev: (209.55, 71.55)
[M::mem_pestat] low and high boundaries for proper pairs: (1, 551)
[M::mem_pestat] skip orientation RF as there are not enough pairs
[M::mem_pestat] skip orientation RR as there are not enough pairs
[M::mem_pestat] skip orientation FF
[M::mem_process_seqs] Processed 1224490 reads in 166.216 CPU sec, 14.129 real sec
[M::process] read 1224490 sequences (120000020 bp)...
[M::mem_pestat] # candidate unique pairs for (FF, FR, RF, RR): (197, 551956, 11, 0)
[M::mem_pestat] analyzing insert size distribution for orientation FF...
[M::mem_pestat] (25, 50, 75) percentile: (127, 176, 237)
[M::mem_pestat] low and high boundaries for computing mean and std.dev: (1, 457)
[M::mem_pestat] mean and std.dev: (184.73, 76.46)
[M::mem_pestat] low and high boundaries for proper pairs: (1, 567)
[M::mem_pestat] analyzing insert size distribution for orientation FR...
[M::mem_pestat] (25, 50, 75) percentile: (156, 199, 257)
[M::mem_pestat] low and high boundaries for computing mean and std.dev: (1, 459)
[M::mem_pestat] mean and std.dev: (211.45, 72.67)
[M::mem_pestat] low and high boundaries for proper pairs: (1, 560)
[M::mem_pestat] analyzing insert size distribution for orientation RF...
[M::mem_pestat] (25, 50, 75) percentile: (294, 589, 991)
[M::mem_pestat] low and high boundaries for computing mean and std.dev: (1, 2385)
[M::mem_pestat] mean and std.dev: (639.09, 446.05)
[M::mem_pestat] low and high boundaries for proper pairs: (1, 3082)
[M::mem_pestat] skip orientation RR as there are not enough pairs
[M::mem_pestat] skip orientation FF
[M::mem_pestat] skip orientation RF
[M::mem_process_seqs] Processed 1224490 reads in 166.013 CPU sec, 14.082 real sec
[M::process] read 1224490 sequences (120000020 bp)...
[M::mem_pestat] # candidate unique pairs for (FF, FR, RF, RR): (162, 553379, 8, 0)
[M::mem_pestat] analyzing insert size distribution for orientation FF...
[M::mem_pestat] (25, 50, 75) percentile: (115, 158, 213)
[M::mem_pestat] low and high boundaries for computing mean and std.dev: (1, 409)
[M::mem_pestat] mean and std.dev: (163.20, 68.56)
[M::mem_pestat] low and high boundaries for proper pairs: (1, 507)
[M::mem_pestat] analyzing insert size distribution for orientation FR...
[M::mem_pestat] (25, 50, 75) percentile: (155, 198, 255)
[M::mem_pestat] low and high boundaries for computing mean and std.dev: (1, 455)
[M::mem_pestat] mean and std.dev: (210.19, 71.74)
[M::mem_pestat] low and high boundaries for proper pairs: (1, 555)
[M::mem_pestat] skip orientation RF as there are not enough pairs
[M::mem_pestat] skip orientation RR as there are not enough pairs
[M::mem_pestat] skip orientation FF
[M::mem_process_seqs] Processed 1224490 reads in 168.607 CPU sec, 14.287 real sec
[M::process] read 1224490 sequences (120000020 bp)...
[M::mem_pestat] # candidate unique pairs for (FF, FR, RF, RR): (202, 551070, 6, 2)
[M::mem_pestat] analyzing insert size distribution for orientation FF...
[M::mem_pestat] (25, 50, 75) percentile: (128, 173, 223)
[M::mem_pestat] low and high boundaries for computing mean and std.dev: (1, 413)
[M::mem_pestat] mean and std.dev: (181.57, 72.46)
[M::mem_pestat] low and high boundaries for proper pairs: (1, 508)
[M::mem_pestat] analyzing insert size distribution for orientation FR...
[M::mem_pestat] (25, 50, 75) percentile: (158, 202, 260)
[M::mem_pestat] low and high boundaries for computing mean and std.dev: (1, 464)
[M::mem_pestat] mean and std.dev: (213.99, 73.71)
[M::mem_pestat] low and high boundaries for proper pairs: (1, 566)
[M::mem_pestat] skip orientation RF as there are not enough pairs
[M::mem_pestat] skip orientation RR as there are not enough pairs
[M::mem_pestat] skip orientation FF
[M::mem_process_seqs] Processed 1224490 reads in 169.428 CPU sec, 14.390 real sec
[M::process] read 1224490 sequences (120000020 bp)...
[M::mem_pestat] # candidate unique pairs for (FF, FR, RF, RR): (175, 552502, 7, 1)
[M::mem_pestat] analyzing insert size distribution for orientation FF...
[M::mem_pestat] (25, 50, 75) percentile: (125, 164, 211)
[M::mem_pestat] low and high boundaries for computing mean and std.dev: (1, 383)
[M::mem_pestat] mean and std.dev: (171.95, 65.65)
[M::mem_pestat] low and high boundaries for proper pairs: (1, 469)
[M::mem_pestat] analyzing insert size distribution for orientation FR...
[M::mem_pestat] (25, 50, 75) percentile: (157, 200, 257)
[M::mem_pestat] low and high boundaries for computing mean and std.dev: (1, 457)
[M::mem_pestat] mean and std.dev: (211.96, 72.52)
[M::mem_pestat] low and high boundaries for proper pairs: (1, 557)
[M::mem_pestat] skip orientation RF as there are not enough pairs
[M::mem_pestat] skip orientation RR as there are not enough pairs
[M::mem_pestat] skip orientation FF
[M::mem_process_seqs] Processed 1224490 reads in 169.017 CPU sec, 14.332 real sec
[M::process] read 1224490 sequences (120000020 bp)...
[M::mem_pestat] # candidate unique pairs for (FF, FR, RF, RR): (178, 552474, 9, 0)
[M::mem_pestat] analyzing insert size distribution for orientation FF...
[M::mem_pestat] (25, 50, 75) percentile: (123, 177, 226)
[M::mem_pestat] low and high boundaries for computing mean and std.dev: (1, 432)
[M::mem_pestat] mean and std.dev: (181.20, 77.12)
[M::mem_pestat] low and high boundaries for proper pairs: (1, 535)
[M::mem_pestat] analyzing insert size distribution for orientation FR...
[M::mem_pestat] (25, 50, 75) percentile: (157, 200, 258)
[M::mem_pestat] low and high boundaries for computing mean and std.dev: (1, 460)
[M::mem_pestat] mean and std.dev: (212.40, 72.77)
[M::mem_pestat] low and high boundaries for proper pairs: (1, 561)
[M::mem_pestat] skip orientation RF as there are not enough pairs
[M::mem_pestat] skip orientation RR as there are not enough pairs
[M::mem_pestat] skip orientation FF
[M::mem_process_seqs] Processed 1224490 reads in 173.005 CPU sec, 14.691 real sec
[M::process] read 1224490 sequences (120000020 bp)...
[M::mem_pestat] # candidate unique pairs for (FF, FR, RF, RR): (162, 551160, 10, 1)
[M::mem_pestat] analyzing insert size distribution for orientation FF...
[M::mem_pestat] (25, 50, 75) percentile: (118, 166, 221)
[M::mem_pestat] low and high boundaries for computing mean and std.dev: (1, 427)
[M::mem_pestat] mean and std.dev: (177.19, 74.92)
[M::mem_pestat] low and high boundaries for proper pairs: (1, 530)
[M::mem_pestat] analyzing insert size distribution for orientation FR...
[M::mem_pestat] (25, 50, 75) percentile: (157, 201, 259)
[M::mem_pestat] low and high boundaries for computing mean and std.dev: (1, 463)
[M::mem_pestat] mean and std.dev: (213.51, 73.61)
[M::mem_pestat] low and high boundaries for proper pairs: (1, 565)
[M::mem_pestat] analyzing insert size distribution for orientation RF...
[M::mem_pestat] (25, 50, 75) percentile: (84, 302, 984)
[M::mem_pestat] low and high boundaries for computing mean and std.dev: (1, 2784)
[M::mem_pestat] mean and std.dev: (423.67, 426.79)
[M::mem_pestat] low and high boundaries for proper pairs: (1, 3684)
[M::mem_pestat] skip orientation RR as there are not enough pairs
[M::mem_pestat] skip orientation FF
[M::mem_pestat] skip orientation RF
[M::mem_process_seqs] Processed 1224490 reads in 168.115 CPU sec, 14.235 real sec
[M::process] read 1224490 sequences (120000020 bp)...
[M::mem_pestat] # candidate unique pairs for (FF, FR, RF, RR): (170, 552447, 8, 4)
[M::mem_pestat] analyzing insert size distribution for orientation FF...
[M::mem_pestat] (25, 50, 75) percentile: (136, 174, 225)
[M::mem_pestat] low and high boundaries for computing mean and std.dev: (1, 403)
[M::mem_pestat] mean and std.dev: (181.98, 62.54)
[M::mem_pestat] low and high boundaries for proper pairs: (1, 492)
[M::mem_pestat] analyzing insert size distribution for orientation FR...
[M::mem_pestat] (25, 50, 75) percentile: (156, 200, 257)
[M::mem_pestat] low and high boundaries for computing mean and std.dev: (1, 459)
[M::mem_pestat] mean and std.dev: (211.82, 72.47)
[M::mem_pestat] low and high boundaries for proper pairs: (1, 560)
[M::mem_pestat] skip orientation RF as there are not enough pairs
[M::mem_pestat] skip orientation RR as there are not enough pairs
[M::mem_pestat] skip orientation FF
[M::mem_process_seqs] Processed 1224490 reads in 173.835 CPU sec, 14.694 real sec
[M::process] read 1224490 sequences (120000020 bp)...
[M::mem_pestat] # candidate unique pairs for (FF, FR, RF, RR): (144, 552077, 8, 2)
[M::mem_pestat] analyzing insert size distribution for orientation FF...
[M::mem_pestat] (25, 50, 75) percentile: (129, 177, 237)
[M::mem_pestat] low and high boundaries for computing mean and std.dev: (1, 453)
[M::mem_pestat] mean and std.dev: (182.76, 72.53)
[M::mem_pestat] low and high boundaries for proper pairs: (1, 561)
[M::mem_pestat] analyzing insert size distribution for orientation FR...
[M::mem_pestat] (25, 50, 75) percentile: (157, 201, 259)
[M::mem_pestat] low and high boundaries for computing mean and std.dev: (1, 463)
[M::mem_pestat] mean and std.dev: (213.22, 73.25)
[M::mem_pestat] low and high boundaries for proper pairs: (1, 565)
[M::mem_pestat] skip orientation RF as there are not enough pairs
[M::mem_pestat] skip orientation RR as there are not enough pairs
[M::mem_pestat] skip orientation FF
[M::mem_process_seqs] Processed 1224490 reads in 176.457 CPU sec, 14.930 real sec
[M::process] read 1224490 sequences (120000020 bp)...
[M::mem_pestat] # candidate unique pairs for (FF, FR, RF, RR): (173, 551938, 10, 0)
[M::mem_pestat] analyzing insert size distribution for orientation FF...
[M::mem_pestat] (25, 50, 75) percentile: (131, 171, 228)
[M::mem_pestat] low and high boundaries for computing mean and std.dev: (1, 422)
[M::mem_pestat] mean and std.dev: (185.29, 76.43)
[M::mem_pestat] low and high boundaries for proper pairs: (1, 519)
[M::mem_pestat] analyzing insert size distribution for orientation FR...
[M::mem_pestat] (25, 50, 75) percentile: (157, 201, 259)
[M::mem_pestat] low and high boundaries for computing mean and std.dev: (1, 463)
[M::mem_pestat] mean and std.dev: (213.17, 73.25)
[M::mem_pestat] low and high boundaries for proper pairs: (1, 565)
[M::mem_pestat] analyzing insert size distribution for orientation RF...
[M::mem_pestat] (25, 50, 75) percentile: (126, 859, 1386)
[M::mem_pestat] low and high boundaries for computing mean and std.dev: (1, 3906)
[M::mem_pestat] mean and std.dev: (827.11, 846.91)
[M::mem_pestat] low and high boundaries for proper pairs: (1, 5166)
[M::mem_pestat] skip orientation RR as there are not enough pairs
[M::mem_pestat] skip orientation FF
[M::mem_pestat] skip orientation RF
[M::mem_process_seqs] Processed 1224490 reads in 186.120 CPU sec, 15.745 real sec
[M::process] read 1224490 sequences (120000020 bp)...
[M::mem_pestat] # candidate unique pairs for (FF, FR, RF, RR): (192, 553111, 3, 2)
[M::mem_pestat] analyzing insert size distribution for orientation FF...
[M::mem_pestat] (25, 50, 75) percentile: (117, 170, 216)
[M::mem_pestat] low and high boundaries for computing mean and std.dev: (1, 414)
[M::mem_pestat] mean and std.dev: (173.28, 69.44)
[M::mem_pestat] low and high boundaries for proper pairs: (1, 513)
[M::mem_pestat] analyzing insert size distribution for orientation FR...
[M::mem_pestat] (25, 50, 75) percentile: (156, 200, 256)
[M::mem_pestat] low and high boundaries for computing mean and std.dev: (1, 456)
[M::mem_pestat] mean and std.dev: (211.53, 72.03)
[M::mem_pestat] low and high boundaries for proper pairs: (1, 556)
[M::mem_pestat] skip orientation RF as there are not enough pairs
[M::mem_pestat] skip orientation RR as there are not enough pairs
[M::mem_pestat] skip orientation FF
[M::mem_process_seqs] Processed 1224490 reads in 173.738 CPU sec, 14.716 real sec
[M::process] read 1224490 sequences (120000020 bp)...
[M::mem_pestat] # candidate unique pairs for (FF, FR, RF, RR): (169, 551274, 6, 1)
[M::mem_pestat] analyzing insert size distribution for orientation FF...
[M::mem_pestat] (25, 50, 75) percentile: (115, 168, 234)
[M::mem_pestat] low and high boundaries for computing mean and std.dev: (1, 472)
[M::mem_pestat] mean and std.dev: (183.20, 80.65)
[M::mem_pestat] low and high boundaries for proper pairs: (1, 591)
[M::mem_pestat] analyzing insert size distribution for orientation FR...
[M::mem_pestat] (25, 50, 75) percentile: (158, 201, 259)
[M::mem_pestat] low and high boundaries for computing mean and std.dev: (1, 461)
[M::mem_pestat] mean and std.dev: (213.59, 73.29)
[M::mem_pestat] low and high boundaries for proper pairs: (1, 562)
[M::mem_pestat] skip orientation RF as there are not enough pairs
[M::mem_pestat] skip orientation RR as there are not enough pairs
[M::mem_pestat] skip orientation FF
[M::mem_process_seqs] Processed 1224490 reads in 177.836 CPU sec, 15.047 real sec
[M::process] read 1224490 sequences (120000020 bp)...
[M::mem_pestat] # candidate unique pairs for (FF, FR, RF, RR): (179, 551657, 9, 0)
[M::mem_pestat] analyzing insert size distribution for orientation FF...
[M::mem_pestat] (25, 50, 75) percentile: (122, 154, 237)
[M::mem_pestat] low and high boundaries for computing mean and std.dev: (1, 467)
[M::mem_pestat] mean and std.dev: (184.01, 85.26)
[M::mem_pestat] low and high boundaries for proper pairs: (1, 582)
[M::mem_pestat] analyzing insert size distribution for orientation FR...
[M::mem_pestat] (25, 50, 75) percentile: (158, 201, 259)
[M::mem_pestat] low and high boundaries for computing mean and std.dev: (1, 461)
[M::mem_pestat] mean and std.dev: (213.41, 73.08)
[M::mem_pestat] low and high boundaries for proper pairs: (1, 562)
[M::mem_pestat] skip orientation RF as there are not enough pairs
[M::mem_pestat] skip orientation RR as there are not enough pairs
[M::mem_pestat] skip orientation FF
[M::mem_process_seqs] Processed 1224490 reads in 171.399 CPU sec, 14.505 real sec
[M::process] read 1224490 sequences (120000020 bp)...
[M::mem_pestat] # candidate unique pairs for (FF, FR, RF, RR): (210, 552596, 7, 2)
[M::mem_pestat] analyzing insert size distribution for orientation FF...
[M::mem_pestat] (25, 50, 75) percentile: (124, 160, 220)
[M::mem_pestat] low and high boundaries for computing mean and std.dev: (1, 412)
[M::mem_pestat] mean and std.dev: (176.02, 70.74)
[M::mem_pestat] low and high boundaries for proper pairs: (1, 508)
[M::mem_pestat] analyzing insert size distribution for orientation FR...
[M::mem_pestat] (25, 50, 75) percentile: (157, 200, 256)
[M::mem_pestat] low and high boundaries for computing mean and std.dev: (1, 454)
[M::mem_pestat] mean and std.dev: (211.55, 71.78)
[M::mem_pestat] low and high boundaries for proper pairs: (1, 553)
[M::mem_pestat] skip orientation RF as there are not enough pairs
[M::mem_pestat] skip orientation RR as there are not enough pairs
[M::mem_pestat] skip orientation FF
[M::mem_process_seqs] Processed 1224490 reads in 176.403 CPU sec, 14.923 real sec
[M::process] read 1224490 sequences (120000020 bp)...
[M::mem_pestat] # candidate unique pairs for (FF, FR, RF, RR): (138, 551028, 4, 0)
[M::mem_pestat] analyzing insert size distribution for orientation FF...
[M::mem_pestat] (25, 50, 75) percentile: (129, 172, 226)
[M::mem_pestat] low and high boundaries for computing mean and std.dev: (1, 420)
[M::mem_pestat] mean and std.dev: (179.53, 69.00)
[M::mem_pestat] low and high boundaries for proper pairs: (1, 517)
[M::mem_pestat] analyzing insert size distribution for orientation FR...
[M::mem_pestat] (25, 50, 75) percentile: (158, 202, 260)
[M::mem_pestat] low and high boundaries for computing mean and std.dev: (1, 464)
[M::mem_pestat] mean and std.dev: (214.19, 73.88)
[M::mem_pestat] low and high boundaries for proper pairs: (1, 566)
[M::mem_pestat] skip orientation RF as there are not enough pairs
[M::mem_pestat] skip orientation RR as there are not enough pairs
[M::mem_pestat] skip orientation FF
[M::mem_process_seqs] Processed 1224490 reads in 176.062 CPU sec, 14.898 real sec
[M::process] read 1224490 sequences (120000020 bp)...
[M::mem_pestat] # candidate unique pairs for (FF, FR, RF, RR): (151, 551793, 2, 1)
[M::mem_pestat] analyzing insert size distribution for orientation FF...
[M::mem_pestat] (25, 50, 75) percentile: (130, 164, 220)
[M::mem_pestat] low and high boundaries for computing mean and std.dev: (1, 400)
[M::mem_pestat] mean and std.dev: (174.75, 67.55)
[M::mem_pestat] low and high boundaries for proper pairs: (1, 490)
[M::mem_pestat] analyzing insert size distribution for orientation FR...
[M::mem_pestat] (25, 50, 75) percentile: (157, 201, 259)
[M::mem_pestat] low and high boundaries for computing mean and std.dev: (1, 463)
[M::mem_pestat] mean and std.dev: (213.18, 73.47)
[M::mem_pestat] low and high boundaries for proper pairs: (1, 565)
[M::mem_pestat] skip orientation RF as there are not enough pairs
[M::mem_pestat] skip orientation RR as there are not enough pairs
[M::mem_pestat] skip orientation FF
[M::mem_process_seqs] Processed 1224490 reads in 174.967 CPU sec, 14.801 real sec
[M::process] read 1224490 sequences (120000020 bp)...
[M::mem_pestat] # candidate unique pairs for (FF, FR, RF, RR): (173, 552606, 5, 0)
[M::mem_pestat] analyzing insert size distribution for orientation FF...
[M::mem_pestat] (25, 50, 75) percentile: (118, 168, 226)
[M::mem_pestat] low and high boundaries for computing mean and std.dev: (1, 442)
[M::mem_pestat] mean and std.dev: (175.50, 71.39)
[M::mem_pestat] low and high boundaries for proper pairs: (1, 550)
[M::mem_pestat] analyzing insert size distribution for orientation FR...
[M::mem_pestat] (25, 50, 75) percentile: (157, 200, 256)
[M::mem_pestat] low and high boundaries for computing mean and std.dev: (1, 454)
[M::mem_pestat] mean and std.dev: (211.58, 71.99)
[M::mem_pestat] low and high boundaries for proper pairs: (1, 553)
[M::mem_pestat] skip orientation RF as there are not enough pairs
[M::mem_pestat] skip orientation RR as there are not enough pairs
[M::mem_pestat] skip orientation FF
[M::mem_process_seqs] Processed 1224490 reads in 189.849 CPU sec, 16.055 real sec
[M::process] read 1224490 sequences (120000020 bp)...
[M::mem_pestat] # candidate unique pairs for (FF, FR, RF, RR): (181, 551270, 9, 2)
[M::mem_pestat] analyzing insert size distribution for orientation FF...
[M::mem_pestat] (25, 50, 75) percentile: (126, 168, 238)
[M::mem_pestat] low and high boundaries for computing mean and std.dev: (1, 462)
[M::mem_pestat] mean and std.dev: (181.69, 77.38)
[M::mem_pestat] low and high boundaries for proper pairs: (1, 574)
[M::mem_pestat] analyzing insert size distribution for orientation FR...
[M::mem_pestat] (25, 50, 75) percentile: (158, 202, 260)
[M::mem_pestat] low and high boundaries for computing mean and std.dev: (1, 464)
[M::mem_pestat] mean and std.dev: (214.08, 73.74)
[M::mem_pestat] low and high boundaries for proper pairs: (1, 566)
[M::mem_pestat] skip orientation RF as there are not enough pairs
[M::mem_pestat] skip orientation RR as there are not enough pairs
[M::mem_pestat] skip orientation FF
[M::mem_process_seqs] Processed 1224490 reads in 174.173 CPU sec, 14.757 real sec
[M::process] read 1224490 sequences (120000020 bp)...
[M::mem_pestat] # candidate unique pairs for (FF, FR, RF, RR): (205, 552012, 2, 1)
[M::mem_pestat] analyzing insert size distribution for orientation FF...
[M::mem_pestat] (25, 50, 75) percentile: (136, 182, 235)
[M::mem_pestat] low and high boundaries for computing mean and std.dev: (1, 433)
[M::mem_pestat] mean and std.dev: (188.37, 74.03)
[M::mem_pestat] low and high boundaries for proper pairs: (1, 532)
[M::mem_pestat] analyzing insert size distribution for orientation FR...
[M::mem_pestat] (25, 50, 75) percentile: (157, 201, 258)
[M::mem_pestat] low and high boundaries for computing mean and std.dev: (1, 460)
[M::mem_pestat] mean and std.dev: (212.84, 72.88)
[M::mem_pestat] low and high boundaries for proper pairs: (1, 561)
[M::mem_pestat] skip orientation RF as there are not enough pairs
[M::mem_pestat] skip orientation RR as there are not enough pairs
[M::mem_pestat] skip orientation FF
[M::mem_process_seqs] Processed 1224490 reads in 176.761 CPU sec, 14.986 real sec
[M::process] read 866552 sequences (84922096 bp)...
[M::mem_pestat] # candidate unique pairs for (FF, FR, RF, RR): (114, 391350, 7, 1)
[M::mem_pestat] analyzing insert size distribution for orientation FF...
[M::mem_pestat] (25, 50, 75) percentile: (124, 169, 228)
[M::mem_pestat] low and high boundaries for computing mean and std.dev: (1, 436)
[M::mem_pestat] mean and std.dev: (179.38, 70.01)
[M::mem_pestat] low and high boundaries for proper pairs: (1, 540)
[M::mem_pestat] analyzing insert size distribution for orientation FR...
[M::mem_pestat] (25, 50, 75) percentile: (157, 199, 255)
[M::mem_pestat] low and high boundaries for computing mean and std.dev: (1, 451)
[M::mem_pestat] mean and std.dev: (211.01, 71.29)
[M::mem_pestat] low and high boundaries for proper pairs: (1, 549)
[M::mem_pestat] skip orientation RF as there are not enough pairs
[M::mem_pestat] skip orientation RR as there are not enough pairs
[M::mem_pestat] skip orientation FF
[M::mem_process_seqs] Processed 866552 reads in 137.736 CPU sec, 11.673 real sec
[main] Version: 0.7.17-r1188
[main] CMD: bwa mem -t 12 -R @RG\tID:HRR024698\tSM:HRR024698\tPL:ILLUMINA -o /mnt/d/APOE/working_analysis/HRR024698/HRR024698.sam /mnt/d/APOE/reference/human_g1k_v37.fasta /mnt/e/CGGA WESeq/HRR024698/HRR024698_f1.fq.gz /mnt/e/CGGA WESeq/HRR024698/HRR024698_r2.fq.gz
[main] Real time: 1775.032 sec; CPU: 9728.858 sec
[09:45:45] Step 2: SAM to BAM conversion...
[09:53:25] Step 3: Sorting BAM...
[bam_sort_core] merging from 16 files and 4 in-memory blocks...
[10:09:21] Step 4: Indexing...
[10:14:41] Step 5: Extracting APOE region...
[10:14:41] Step 6: Genotyping...
[10:14:44]  SUCCESS: 2/4 (Baseline (1.0x))
